<?xml version="1.0" encoding="UTF-8"?>
<coverage generated="1759325249193" clover="3.2.0">
  <project timestamp="1759325249193" name="All files">
    <metrics statements="54" coveredstatements="21" conditionals="50" coveredconditionals="9" methods="8" coveredmethods="4" elements="112" coveredelements="34" complexity="0" loc="54" ncloc="54" packages="2" files="5" classes="5"/>
    <package name="noctis">
      <metrics statements="48" coveredstatements="21" conditionals="38" coveredconditionals="9" methods="8" coveredmethods="4"/>
      <file name="App.tsx" path="/Users/samsepiol/Downloads/GithubRepos/Work/Noctis/noctis/App.tsx">
        <metrics statements="44" coveredstatements="21" conditionals="34" coveredconditionals="9" methods="8" coveredmethods="4"/>
        <line num="10" count="1" type="stmt"/>
        <line num="18" count="1" type="stmt"/>
        <line num="19" count="1" type="stmt"/>
        <line num="20" count="1" type="stmt"/>
        <line num="21" count="1" type="stmt"/>
        <line num="23" count="1" type="stmt"/>
        <line num="24" count="1" type="stmt"/>
        <line num="25" count="1" type="stmt"/>
        <line num="26" count="1" type="cond" truecount="1" falsecount="1"/>
        <line num="27" count="1" type="stmt"/>
        <line num="28" count="1" type="cond" truecount="2" falsecount="0"/>
        <line num="31" count="1" type="stmt"/>
        <line num="32" count="0" type="cond" truecount="0" falsecount="2"/>
        <line num="35" count="1" type="stmt"/>
        <line num="36" count="1" type="stmt"/>
        <line num="37" count="1" type="stmt"/>
        <line num="42" count="0" type="cond" truecount="0" falsecount="4"/>
        <line num="43" count="0" type="stmt"/>
        <line num="44" count="0" type="stmt"/>
        <line num="45" count="0" type="stmt"/>
        <line num="46" count="0" type="cond" truecount="0" falsecount="2"/>
        <line num="47" count="0" type="stmt"/>
        <line num="49" count="0" type="cond" truecount="0" falsecount="2"/>
        <line num="51" count="0" type="stmt"/>
        <line num="56" count="0" type="cond" truecount="0" falsecount="4"/>
        <line num="57" count="0" type="stmt"/>
        <line num="58" count="0" type="stmt"/>
        <line num="59" count="0" type="stmt"/>
        <line num="60" count="0" type="cond" truecount="0" falsecount="2"/>
        <line num="62" count="0" type="cond" truecount="0" falsecount="2"/>
        <line num="64" count="0" type="stmt"/>
        <line num="69" count="0" type="stmt"/>
        <line num="70" count="0" type="stmt"/>
        <line num="71" count="0" type="stmt"/>
        <line num="72" count="0" type="cond" truecount="0" falsecount="2"/>
        <line num="74" count="0" type="cond" truecount="0" falsecount="2"/>
        <line num="76" count="0" type="stmt"/>
        <line num="80" count="1" type="cond" truecount="1" falsecount="1"/>
        <line num="81" count="0" type="stmt"/>
        <line num="84" count="1" type="cond" truecount="2" falsecount="0"/>
        <line num="85" count="1" type="stmt"/>
        <line num="87" count="1" type="cond" truecount="2" falsecount="0"/>
        <line num="88" count="1" type="stmt"/>
        <line num="90" count="1" type="stmt"/>
      </file>
      <file name="app.config.ts" path="/Users/samsepiol/Downloads/GithubRepos/Work/Noctis/noctis/app.config.ts">
        <metrics statements="3" coveredstatements="0" conditionals="4" coveredconditionals="0" methods="0" coveredmethods="0"/>
        <line num="5" count="0" type="stmt"/>
        <line num="6" count="0" type="stmt"/>
        <line num="8" count="0" type="stmt"/>
      </file>
      <file name="index.ts" path="/Users/samsepiol/Downloads/GithubRepos/Work/Noctis/noctis/index.ts">
        <metrics statements="1" coveredstatements="0" conditionals="0" coveredconditionals="0" methods="0" coveredmethods="0"/>
        <line num="9" count="0" type="stmt"/>
      </file>
      <file name="nativewind-env.d.ts" path="/Users/samsepiol/Downloads/GithubRepos/Work/Noctis/noctis/nativewind-env.d.ts">
        <metrics statements="0" coveredstatements="0" conditionals="0" coveredconditionals="0" methods="0" coveredmethods="0"/>
      </file>
    </package>
    <package name="noctis.supabase">
      <metrics statements="6" coveredstatements="0" conditionals="12" coveredconditionals="0" methods="0" coveredmethods="0"/>
      <file name="client.ts" path="/Users/samsepiol/Downloads/GithubRepos/Work/Noctis/noctis/supabase/client.ts">
        <metrics statements="6" coveredstatements="0" conditionals="12" coveredconditionals="0" methods="0" coveredmethods="0"/>
        <line num="5" count="0" type="cond" truecount="0" falsecount="2"/>
        <line num="6" count="0" type="cond" truecount="0" falsecount="3"/>
        <line num="7" count="0" type="cond" truecount="0" falsecount="3"/>
        <line num="9" count="0" type="cond" truecount="0" falsecount="4"/>
        <line num="10" count="0" type="stmt"/>
        <line num="13" count="0" type="stmt"/>
      </file>
    </package>
  </project>
</coverage>
