{"/Users/samsepiol/Downloads/GithubRepos/Work/Noctis/noctis/App.tsx": {"path":"/Users/samsepiol/Downloads/GithubRepos/Work/Noctis/noctis/App.tsx","statementMap":{},"fnMap":{},"branchMap":{},"s":{},"f":{},"b":{}}
,"/Users/samsepiol/Downloads/GithubRepos/Work/Noctis/noctis/app.config.ts": {"path":"/Users/samsepiol/Downloads/GithubRepos/Work/Noctis/noctis/app.config.ts","statementMap":{"0":{"start":{"line":5,"column":0},"end":{"line":5,"column":16}},"1":{"start":{"line":6,"column":0},"end":{"line":6,"column":54}},"2":{"start":{"line":8,"column":27},"end":{"line":53,"column":1}}},"fnMap":{},"branchMap":{"0":{"loc":{"start":{"line":51,"column":20},"end":{"line":51,"column":79}},"type":"binary-expr","locations":[{"start":{"line":51,"column":20},"end":{"line":51,"column":49}},{"start":{"line":51,"column":53},"end":{"line":51,"column":79}}],"line":51}},"s":{"0":0,"1":0,"2":0},"f":{},"b":{"0":[0,0]}}
,"/Users/samsepiol/Downloads/GithubRepos/Work/Noctis/noctis/expo-env.d.ts": {"path":"/Users/samsepiol/Downloads/GithubRepos/Work/Noctis/noctis/expo-env.d.ts","statementMap":{},"fnMap":{},"branchMap":{},"s":{},"f":{},"b":{}}
,"/Users/samsepiol/Downloads/GithubRepos/Work/Noctis/noctis/expo-router.d.ts": {"path":"/Users/samsepiol/Downloads/GithubRepos/Work/Noctis/noctis/expo-router.d.ts","statementMap":{},"fnMap":{},"branchMap":{},"s":{},"f":{},"b":{}}
,"/Users/samsepiol/Downloads/GithubRepos/Work/Noctis/noctis/index.ts": {"path":"/Users/samsepiol/Downloads/GithubRepos/Work/Noctis/noctis/index.ts","statementMap":{"0":{"start":{"line":9,"column":0},"end":{"line":9,"column":27}}},"fnMap":{},"branchMap":{},"s":{"0":0},"f":{},"b":{}}
,"/Users/samsepiol/Downloads/GithubRepos/Work/Noctis/noctis/nativewind-env.d.ts": {"path":"/Users/samsepiol/Downloads/GithubRepos/Work/Noctis/noctis/nativewind-env.d.ts","statementMap":{},"fnMap":{},"branchMap":{},"s":{},"f":{},"b":{}}
,"/Users/samsepiol/Downloads/GithubRepos/Work/Noctis/noctis/.expo/types/router.d.ts": {"path":"/Users/samsepiol/Downloads/GithubRepos/Work/Noctis/noctis/.expo/types/router.d.ts","statementMap":{},"fnMap":{},"branchMap":{},"s":{},"f":{},"b":{}}
,"/Users/samsepiol/Downloads/GithubRepos/Work/Noctis/noctis/app/_layout.tsx": {"path":"/Users/samsepiol/Downloads/GithubRepos/Work/Noctis/noctis/app/_layout.tsx","statementMap":{"0":{"start":{"line":14,"column":38},"end":{"line":14,"column":48}},"1":{"start":{"line":15,"column":18},"end":{"line":15,"column":55}},"2":{"start":{"line":16,"column":42},"end":{"line":16,"column":63}},"3":{"start":{"line":18,"column":2},"end":{"line":37,"column":24}},"4":{"start":{"line":19,"column":4},"end":{"line":36,"column":5}},"5":{"start":{"line":20,"column":6},"end":{"line":20,"column":28}},"6":{"start":{"line":22,"column":6},"end":{"line":35,"column":9}},"7":{"start":{"line":34,"column":8},"end":{"line":34,"column":31}},"8":{"start":{"line":39,"column":2},"end":{"line":41,"column":3}},"9":{"start":{"line":40,"column":4},"end":{"line":40,"column":16}},"10":{"start":{"line":43,"column":2},"end":{"line":54,"column":4}},"11":{"start":{"line":58,"column":53},"end":{"line":58,"column":62}},"12":{"start":{"line":59,"column":21},"end":{"line":59,"column":31}},"13":{"start":{"line":60,"column":19},"end":{"line":60,"column":32}},"14":{"start":{"line":61,"column":17},"end":{"line":61,"column":28}},"15":{"start":{"line":63,"column":2},"end":{"line":75,"column":43}},"16":{"start":{"line":64,"column":4},"end":{"line":64,"column":24}},"17":{"start":{"line":64,"column":17},"end":{"line":64,"column":24}},"18":{"start":{"line":66,"column":24},"end":{"line":66,"column":48}},"19":{"start":{"line":68,"column":4},"end":{"line":74,"column":5}},"20":{"start":{"line":70,"column":6},"end":{"line":70,"column":40}},"21":{"start":{"line":71,"column":11},"end":{"line":74,"column":5}},"22":{"start":{"line":73,"column":6},"end":{"line":73,"column":32}},"23":{"start":{"line":78,"column":2},"end":{"line":80,"column":15}},"24":{"start":{"line":79,"column":4},"end":{"line":79,"column":75}},"25":{"start":{"line":82,"column":2},"end":{"line":92,"column":4}},"26":{"start":{"line":96,"column":24},"end":{"line":102,"column":4}},"27":{"start":{"line":104,"column":2},"end":{"line":118,"column":20}},"28":{"start":{"line":105,"column":4},"end":{"line":117,"column":5}},"29":{"start":{"line":106,"column":6},"end":{"line":106,"column":68}},"30":{"start":{"line":107,"column":6},"end":{"line":110,"column":8}},"31":{"start":{"line":112,"column":6},"end":{"line":112,"column":78}},"32":{"start":{"line":113,"column":6},"end":{"line":116,"column":8}},"33":{"start":{"line":120,"column":2},"end":{"line":122,"column":3}},"34":{"start":{"line":121,"column":4},"end":{"line":121,"column":16}},"35":{"start":{"line":124,"column":2},"end":{"line":136,"column":4}},"36":{"start":{"line":139,"column":15},"end":{"line":148,"column":2}}},"fnMap":{"0":{"name":"ThemeTransitionOverlay","decl":{"start":{"line":13,"column":9},"end":{"line":13,"column":31}},"loc":{"start":{"line":13,"column":34},"end":{"line":55,"column":1}},"line":13},"1":{"name":"(anonymous_1)","decl":{"start":{"line":18,"column":12},"end":{"line":18,"column":13}},"loc":{"start":{"line":18,"column":18},"end":{"line":37,"column":3}},"line":18},"2":{"name":"(anonymous_2)","decl":{"start":{"line":33,"column":15},"end":{"line":33,"column":16}},"loc":{"start":{"line":33,"column":21},"end":{"line":35,"column":7}},"line":33},"3":{"name":"RootLayoutNav","decl":{"start":{"line":57,"column":9},"end":{"line":57,"column":22}},"loc":{"start":{"line":57,"column":25},"end":{"line":93,"column":1}},"line":57},"4":{"name":"(anonymous_4)","decl":{"start":{"line":63,"column":12},"end":{"line":63,"column":13}},"loc":{"start":{"line":63,"column":18},"end":{"line":75,"column":3}},"line":63},"5":{"name":"(anonymous_5)","decl":{"start":{"line":78,"column":12},"end":{"line":78,"column":13}},"loc":{"start":{"line":78,"column":18},"end":{"line":80,"column":3}},"line":78},"6":{"name":"RootLayout","decl":{"start":{"line":95,"column":24},"end":{"line":95,"column":34}},"loc":{"start":{"line":95,"column":37},"end":{"line":137,"column":1}},"line":95},"7":{"name":"(anonymous_7)","decl":{"start":{"line":104,"column":12},"end":{"line":104,"column":13}},"loc":{"start":{"line":104,"column":18},"end":{"line":118,"column":3}},"line":104}},"branchMap":{"0":{"loc":{"start":{"line":19,"column":4},"end":{"line":36,"column":5}},"type":"if","locations":[{"start":{"line":19,"column":4},"end":{"line":36,"column":5}},{"start":{},"end":{}}],"line":19},"1":{"loc":{"start":{"line":39,"column":2},"end":{"line":41,"column":3}},"type":"if","locations":[{"start":{"line":39,"column":2},"end":{"line":41,"column":3}},{"start":{},"end":{}}],"line":39},"2":{"loc":{"start":{"line":49,"column":27},"end":{"line":49,"column":57}},"type":"cond-expr","locations":[{"start":{"line":49,"column":36},"end":{"line":49,"column":45}},{"start":{"line":49,"column":48},"end":{"line":49,"column":57}}],"line":49},"3":{"loc":{"start":{"line":64,"column":4},"end":{"line":64,"column":24}},"type":"if","locations":[{"start":{"line":64,"column":4},"end":{"line":64,"column":24}},{"start":{},"end":{}}],"line":64},"4":{"loc":{"start":{"line":68,"column":4},"end":{"line":74,"column":5}},"type":"if","locations":[{"start":{"line":68,"column":4},"end":{"line":74,"column":5}},{"start":{"line":71,"column":11},"end":{"line":74,"column":5}}],"line":68},"5":{"loc":{"start":{"line":68,"column":8},"end":{"line":68,"column":40}},"type":"binary-expr","locations":[{"start":{"line":68,"column":8},"end":{"line":68,"column":24}},{"start":{"line":68,"column":28},"end":{"line":68,"column":40}}],"line":68},"6":{"loc":{"start":{"line":71,"column":11},"end":{"line":74,"column":5}},"type":"if","locations":[{"start":{"line":71,"column":11},"end":{"line":74,"column":5}},{"start":{},"end":{}}],"line":71},"7":{"loc":{"start":{"line":71,"column":15},"end":{"line":71,"column":45}},"type":"binary-expr","locations":[{"start":{"line":71,"column":15},"end":{"line":71,"column":30}},{"start":{"line":71,"column":34},"end":{"line":71,"column":45}}],"line":71},"8":{"loc":{"start":{"line":79,"column":26},"end":{"line":79,"column":67}},"type":"cond-expr","locations":[{"start":{"line":79,"column":35},"end":{"line":79,"column":50}},{"start":{"line":79,"column":53},"end":{"line":79,"column":67}}],"line":79},"9":{"loc":{"start":{"line":85,"column":18},"end":{"line":85,"column":59}},"type":"cond-expr","locations":[{"start":{"line":85,"column":27},"end":{"line":85,"column":42}},{"start":{"line":85,"column":45},"end":{"line":85,"column":59}}],"line":85},"10":{"loc":{"start":{"line":89,"column":7},"end":{"line":89,"column":41}},"type":"binary-expr","locations":[{"start":{"line":89,"column":7},"end":{"line":89,"column":19}},{"start":{"line":89,"column":23},"end":{"line":89,"column":41}}],"line":89},"11":{"loc":{"start":{"line":105,"column":4},"end":{"line":117,"column":5}},"type":"if","locations":[{"start":{"line":105,"column":4},"end":{"line":117,"column":5}},{"start":{},"end":{}}],"line":105},"12":{"loc":{"start":{"line":106,"column":35},"end":{"line":106,"column":67}},"type":"binary-expr","locations":[{"start":{"line":106,"column":35},"end":{"line":106,"column":61}},{"start":{"line":106,"column":65},"end":{"line":106,"column":67}}],"line":106},"13":{"loc":{"start":{"line":112,"column":40},"end":{"line":112,"column":77}},"type":"binary-expr","locations":[{"start":{"line":112,"column":40},"end":{"line":112,"column":71}},{"start":{"line":112,"column":75},"end":{"line":112,"column":77}}],"line":112},"14":{"loc":{"start":{"line":120,"column":2},"end":{"line":122,"column":3}},"type":"if","locations":[{"start":{"line":120,"column":2},"end":{"line":122,"column":3}},{"start":{},"end":{}}],"line":120}},"s":{"0":0,"1":0,"2":0,"3":0,"4":0,"5":0,"6":0,"7":0,"8":0,"9":0,"10":0,"11":0,"12":0,"13":0,"14":0,"15":0,"16":0,"17":0,"18":0,"19":0,"20":0,"21":0,"22":0,"23":0,"24":0,"25":0,"26":0,"27":0,"28":0,"29":0,"30":0,"31":0,"32":0,"33":0,"34":0,"35":0,"36":0},"f":{"0":0,"1":0,"2":0,"3":0,"4":0,"5":0,"6":0,"7":0},"b":{"0":[0,0],"1":[0,0],"2":[0,0],"3":[0,0],"4":[0,0],"5":[0,0],"6":[0,0],"7":[0,0],"8":[0,0],"9":[0,0],"10":[0,0],"11":[0,0],"12":[0,0],"13":[0,0],"14":[0,0]}}
,"/Users/samsepiol/Downloads/GithubRepos/Work/Noctis/noctis/app/dream-graph.tsx": {"path":"/Users/samsepiol/Downloads/GithubRepos/Work/Noctis/noctis/app/dream-graph.tsx","statementMap":{"0":{"start":{"line":33,"column":21},"end":{"line":33,"column":51}},"1":{"start":{"line":34,"column":22},"end":{"line":34,"column":53}},"2":{"start":{"line":35,"column":20},"end":{"line":35,"column":37}},"3":{"start":{"line":36,"column":21},"end":{"line":36,"column":55}},"4":{"start":{"line":37,"column":20},"end":{"line":37,"column":21}},"5":{"start":{"line":38,"column":18},"end":{"line":38,"column":20}},"6":{"start":{"line":41,"column":17},"end":{"line":41,"column":28}},"7":{"start":{"line":42,"column":21},"end":{"line":42,"column":32}},"8":{"start":{"line":43,"column":21},"end":{"line":43,"column":31}},"9":{"start":{"line":44,"column":42},"end":{"line":44,"column":74}},"10":{"start":{"line":45,"column":27},"end":{"line":45,"column":38}},"11":{"start":{"line":48,"column":20},"end":{"line":114,"column":14}},"12":{"start":{"line":49,"column":25},"end":{"line":49,"column":51}},"13":{"start":{"line":51,"column":4},"end":{"line":53,"column":5}},"14":{"start":{"line":52,"column":6},"end":{"line":52,"column":38}},"15":{"start":{"line":56,"column":31},"end":{"line":64,"column":7}},"16":{"start":{"line":56,"column":60},"end":{"line":64,"column":5}},"17":{"start":{"line":67,"column":31},"end":{"line":67,"column":33}},"18":{"start":{"line":68,"column":4},"end":{"line":111,"column":5}},"19":{"start":{"line":68,"column":17},"end":{"line":68,"column":18}},"20":{"start":{"line":69,"column":6},"end":{"line":110,"column":7}},"21":{"start":{"line":69,"column":19},"end":{"line":69,"column":24}},"22":{"start":{"line":70,"column":41},"end":{"line":70,"column":43}},"23":{"start":{"line":73,"column":8},"end":{"line":78,"column":9}},"24":{"start":{"line":74,"column":29},"end":{"line":76,"column":11}},"25":{"start":{"line":75,"column":12},"end":{"line":75,"column":45}},"26":{"start":{"line":77,"column":10},"end":{"line":77,"column":45}},"27":{"start":{"line":81,"column":8},"end":{"line":86,"column":9}},"28":{"start":{"line":82,"column":30},"end":{"line":84,"column":11}},"29":{"start":{"line":83,"column":12},"end":{"line":83,"column":52}},"30":{"start":{"line":85,"column":10},"end":{"line":85,"column":74}},"31":{"start":{"line":85,"column":54},"end":{"line":85,"column":71}},"32":{"start":{"line":89,"column":8},"end":{"line":92,"column":9}},"33":{"start":{"line":91,"column":10},"end":{"line":91,"column":70}},"34":{"start":{"line":95,"column":8},"end":{"line":98,"column":9}},"35":{"start":{"line":97,"column":10},"end":{"line":97,"column":62}},"36":{"start":{"line":100,"column":8},"end":{"line":109,"column":9}},"37":{"start":{"line":101,"column":10},"end":{"line":106,"column":13}},"38":{"start":{"line":107,"column":10},"end":{"line":107,"column":33}},"39":{"start":{"line":108,"column":10},"end":{"line":108,"column":33}},"40":{"start":{"line":113,"column":4},"end":{"line":113,"column":28}},"41":{"start":{"line":117,"column":2},"end":{"line":197,"column":18}},"42":{"start":{"line":118,"column":4},"end":{"line":118,"column":45}},"43":{"start":{"line":118,"column":38},"end":{"line":118,"column":45}},"44":{"start":{"line":120,"column":23},"end":{"line":120,"column":25}},"45":{"start":{"line":121,"column":26},"end":{"line":121,"column":28}},"46":{"start":{"line":122,"column":28},"end":{"line":122,"column":32}},"47":{"start":{"line":123,"column":31},"end":{"line":123,"column":34}},"48":{"start":{"line":124,"column":20},"end":{"line":124,"column":24}},"49":{"start":{"line":125,"column":27},"end":{"line":125,"column":32}},"50":{"start":{"line":127,"column":27},"end":{"line":127,"column":28}},"51":{"start":{"line":128,"column":21},"end":{"line":194,"column":10}},"52":{"start":{"line":129,"column":6},"end":{"line":132,"column":7}},"53":{"start":{"line":130,"column":8},"end":{"line":130,"column":32}},"54":{"start":{"line":131,"column":8},"end":{"line":131,"column":15}},"55":{"start":{"line":134,"column":6},"end":{"line":179,"column":9}},"56":{"start":{"line":135,"column":8},"end":{"line":135,"column":20}},"57":{"start":{"line":136,"column":8},"end":{"line":136,"column":20}},"58":{"start":{"line":139,"column":8},"end":{"line":149,"column":11}},"59":{"start":{"line":140,"column":10},"end":{"line":140,"column":47}},"60":{"start":{"line":140,"column":40},"end":{"line":140,"column":47}},"61":{"start":{"line":142,"column":21},"end":{"line":142,"column":41}},"62":{"start":{"line":143,"column":21},"end":{"line":143,"column":41}},"63":{"start":{"line":144,"column":27},"end":{"line":144,"column":60}},"64":{"start":{"line":146,"column":24},"end":{"line":146,"column":66}},"65":{"start":{"line":147,"column":10},"end":{"line":147,"column":45}},"66":{"start":{"line":148,"column":10},"end":{"line":148,"column":45}},"67":{"start":{"line":152,"column":8},"end":{"line":172,"column":11}},"68":{"start":{"line":155,"column":10},"end":{"line":159,"column":11}},"69":{"start":{"line":156,"column":12},"end":{"line":156,"column":72}},"70":{"start":{"line":156,"column":50},"end":{"line":156,"column":70}},"71":{"start":{"line":157,"column":17},"end":{"line":159,"column":11}},"72":{"start":{"line":158,"column":12},"end":{"line":158,"column":72}},"73":{"start":{"line":158,"column":50},"end":{"line":158,"column":70}},"74":{"start":{"line":161,"column":10},"end":{"line":161,"column":33}},"75":{"start":{"line":161,"column":26},"end":{"line":161,"column":33}},"76":{"start":{"line":163,"column":21},"end":{"line":163,"column":41}},"77":{"start":{"line":164,"column":21},"end":{"line":164,"column":41}},"78":{"start":{"line":165,"column":27},"end":{"line":165,"column":60}},"79":{"start":{"line":167,"column":31},"end":{"line":167,"column":55}},"80":{"start":{"line":168,"column":24},"end":{"line":168,"column":70}},"81":{"start":{"line":170,"column":10},"end":{"line":170,"column":45}},"82":{"start":{"line":171,"column":10},"end":{"line":171,"column":45}},"83":{"start":{"line":175,"column":24},"end":{"line":175,"column":39}},"84":{"start":{"line":176,"column":24},"end":{"line":176,"column":40}},"85":{"start":{"line":177,"column":8},"end":{"line":177,"column":55}},"86":{"start":{"line":178,"column":8},"end":{"line":178,"column":55}},"87":{"start":{"line":182,"column":6},"end":{"line":190,"column":9}},"88":{"start":{"line":183,"column":8},"end":{"line":183,"column":36}},"89":{"start":{"line":184,"column":8},"end":{"line":184,"column":36}},"90":{"start":{"line":187,"column":23},"end":{"line":187,"column":38}},"91":{"start":{"line":188,"column":8},"end":{"line":188,"column":74}},"92":{"start":{"line":189,"column":8},"end":{"line":189,"column":75}},"93":{"start":{"line":192,"column":6},"end":{"line":192,"column":25}},"94":{"start":{"line":193,"column":6},"end":{"line":193,"column":37}},"95":{"start":{"line":196,"column":4},"end":{"line":196,"column":41}},"96":{"start":{"line":196,"column":17},"end":{"line":196,"column":40}},"97":{"start":{"line":200,"column":23},"end":{"line":210,"column":3}},"98":{"start":{"line":201,"column":47},"end":{"line":208,"column":5}},"99":{"start":{"line":209,"column":4},"end":{"line":209,"column":47}},"100":{"start":{"line":212,"column":26},"end":{"line":214,"column":3}},"101":{"start":{"line":213,"column":4},"end":{"line":213,"column":26}},"102":{"start":{"line":216,"column":23},"end":{"line":218,"column":3}},"103":{"start":{"line":217,"column":4},"end":{"line":217,"column":26}},"104":{"start":{"line":220,"column":26},"end":{"line":222,"column":3}},"105":{"start":{"line":221,"column":4},"end":{"line":221,"column":38}},"106":{"start":{"line":224,"column":27},"end":{"line":224,"column":49}},"107":{"start":{"line":225,"column":21},"end":{"line":225,"column":43}},"108":{"start":{"line":227,"column":2},"end":{"line":259,"column":3}},"109":{"start":{"line":228,"column":4},"end":{"line":258,"column":6}},"110":{"start":{"line":232,"column":36},"end":{"line":232,"column":49}},"111":{"start":{"line":250,"column":27},"end":{"line":250,"column":53}},"112":{"start":{"line":261,"column":2},"end":{"line":461,"column":4}},"113":{"start":{"line":265,"column":34},"end":{"line":265,"column":47}},"114":{"start":{"line":315,"column":37},"end":{"line":315,"column":84}},"115":{"start":{"line":315,"column":63},"end":{"line":315,"column":83}},"116":{"start":{"line":316,"column":37},"end":{"line":316,"column":84}},"117":{"start":{"line":316,"column":63},"end":{"line":316,"column":83}},"118":{"start":{"line":318,"column":18},"end":{"line":318,"column":62}},"119":{"start":{"line":318,"column":50},"end":{"line":318,"column":62}},"120":{"start":{"line":320,"column":34},"end":{"line":320,"column":76}},"121":{"start":{"line":321,"column":38},"end":{"line":321,"column":61}},"122":{"start":{"line":323,"column":18},"end":{"line":334,"column":20}},"123":{"start":{"line":339,"column":37},"end":{"line":339,"column":65}},"124":{"start":{"line":340,"column":33},"end":{"line":340,"column":104}},"125":{"start":{"line":342,"column":18},"end":{"line":354,"column":20}},"126":{"start":{"line":352,"column":37},"end":{"line":352,"column":58}},"127":{"start":{"line":403,"column":20},"end":{"line":411,"column":27}},"128":{"start":{"line":424,"column":29},"end":{"line":424,"column":61}},"129":{"start":{"line":447,"column":14},"end":{"line":455,"column":21}}},"fnMap":{"0":{"name":"DreamGraphScreen","decl":{"start":{"line":40,"column":24},"end":{"line":40,"column":40}},"loc":{"start":{"line":40,"column":43},"end":{"line":462,"column":1}},"line":40},"1":{"name":"(anonymous_1)","decl":{"start":{"line":48,"column":28},"end":{"line":48,"column":29}},"loc":{"start":{"line":48,"column":45},"end":{"line":114,"column":3}},"line":48},"2":{"name":"(anonymous_2)","decl":{"start":{"line":56,"column":48},"end":{"line":56,"column":49}},"loc":{"start":{"line":56,"column":60},"end":{"line":64,"column":5}},"line":56},"3":{"name":"(anonymous_3)","decl":{"start":{"line":74,"column":56},"end":{"line":74,"column":57}},"loc":{"start":{"line":75,"column":12},"end":{"line":75,"column":45}},"line":75},"4":{"name":"(anonymous_4)","decl":{"start":{"line":82,"column":63},"end":{"line":82,"column":64}},"loc":{"start":{"line":83,"column":12},"end":{"line":83,"column":52}},"line":83},"5":{"name":"(anonymous_5)","decl":{"start":{"line":85,"column":49},"end":{"line":85,"column":50}},"loc":{"start":{"line":85,"column":54},"end":{"line":85,"column":71}},"line":85},"6":{"name":"(anonymous_6)","decl":{"start":{"line":117,"column":12},"end":{"line":117,"column":13}},"loc":{"start":{"line":117,"column":18},"end":{"line":197,"column":3}},"line":117},"7":{"name":"(anonymous_7)","decl":{"start":{"line":128,"column":33},"end":{"line":128,"column":34}},"loc":{"start":{"line":128,"column":39},"end":{"line":194,"column":5}},"line":128},"8":{"name":"(anonymous_8)","decl":{"start":{"line":134,"column":30},"end":{"line":134,"column":31}},"loc":{"start":{"line":134,"column":40},"end":{"line":179,"column":7}},"line":134},"9":{"name":"(anonymous_9)","decl":{"start":{"line":139,"column":32},"end":{"line":139,"column":33}},"loc":{"start":{"line":139,"column":47},"end":{"line":149,"column":9}},"line":139},"10":{"name":"(anonymous_10)","decl":{"start":{"line":152,"column":32},"end":{"line":152,"column":33}},"loc":{"start":{"line":152,"column":42},"end":{"line":172,"column":9}},"line":152},"11":{"name":"(anonymous_11)","decl":{"start":{"line":156,"column":45},"end":{"line":156,"column":46}},"loc":{"start":{"line":156,"column":50},"end":{"line":156,"column":70}},"line":156},"12":{"name":"(anonymous_12)","decl":{"start":{"line":158,"column":45},"end":{"line":158,"column":46}},"loc":{"start":{"line":158,"column":50},"end":{"line":158,"column":70}},"line":158},"13":{"name":"(anonymous_13)","decl":{"start":{"line":182,"column":30},"end":{"line":182,"column":31}},"loc":{"start":{"line":182,"column":40},"end":{"line":190,"column":7}},"line":182},"14":{"name":"(anonymous_14)","decl":{"start":{"line":196,"column":11},"end":{"line":196,"column":12}},"loc":{"start":{"line":196,"column":17},"end":{"line":196,"column":40}},"line":196},"15":{"name":"(anonymous_15)","decl":{"start":{"line":200,"column":23},"end":{"line":200,"column":24}},"loc":{"start":{"line":200,"column":41},"end":{"line":210,"column":3}},"line":200},"16":{"name":"(anonymous_16)","decl":{"start":{"line":212,"column":26},"end":{"line":212,"column":27}},"loc":{"start":{"line":212,"column":47},"end":{"line":214,"column":3}},"line":212},"17":{"name":"(anonymous_17)","decl":{"start":{"line":216,"column":23},"end":{"line":216,"column":24}},"loc":{"start":{"line":216,"column":29},"end":{"line":218,"column":3}},"line":216},"18":{"name":"(anonymous_18)","decl":{"start":{"line":220,"column":26},"end":{"line":220,"column":27}},"loc":{"start":{"line":220,"column":47},"end":{"line":222,"column":3}},"line":220},"19":{"name":"(anonymous_19)","decl":{"start":{"line":232,"column":30},"end":{"line":232,"column":31}},"loc":{"start":{"line":232,"column":36},"end":{"line":232,"column":49}},"line":232},"20":{"name":"(anonymous_20)","decl":{"start":{"line":250,"column":21},"end":{"line":250,"column":22}},"loc":{"start":{"line":250,"column":27},"end":{"line":250,"column":53}},"line":250},"21":{"name":"(anonymous_21)","decl":{"start":{"line":265,"column":28},"end":{"line":265,"column":29}},"loc":{"start":{"line":265,"column":34},"end":{"line":265,"column":47}},"line":265},"22":{"name":"(anonymous_22)","decl":{"start":{"line":314,"column":37},"end":{"line":314,"column":38}},"loc":{"start":{"line":314,"column":54},"end":{"line":335,"column":17}},"line":314},"23":{"name":"(anonymous_23)","decl":{"start":{"line":315,"column":58},"end":{"line":315,"column":59}},"loc":{"start":{"line":315,"column":63},"end":{"line":315,"column":83}},"line":315},"24":{"name":"(anonymous_24)","decl":{"start":{"line":316,"column":58},"end":{"line":316,"column":59}},"loc":{"start":{"line":316,"column":63},"end":{"line":316,"column":83}},"line":316},"25":{"name":"(anonymous_25)","decl":{"start":{"line":338,"column":37},"end":{"line":338,"column":38}},"loc":{"start":{"line":338,"column":47},"end":{"line":355,"column":17}},"line":338},"26":{"name":"(anonymous_26)","decl":{"start":{"line":352,"column":31},"end":{"line":352,"column":32}},"loc":{"start":{"line":352,"column":37},"end":{"line":352,"column":58}},"line":352},"27":{"name":"(anonymous_27)","decl":{"start":{"line":402,"column":47},"end":{"line":402,"column":48}},"loc":{"start":{"line":403,"column":20},"end":{"line":411,"column":27}},"line":403},"28":{"name":"(anonymous_28)","decl":{"start":{"line":424,"column":23},"end":{"line":424,"column":24}},"loc":{"start":{"line":424,"column":29},"end":{"line":424,"column":61}},"line":424},"29":{"name":"(anonymous_29)","decl":{"start":{"line":446,"column":18},"end":{"line":446,"column":19}},"loc":{"start":{"line":447,"column":14},"end":{"line":455,"column":21}},"line":447}},"branchMap":{"0":{"loc":{"start":{"line":51,"column":4},"end":{"line":53,"column":5}},"type":"if","locations":[{"start":{"line":51,"column":4},"end":{"line":53,"column":5}},{"start":{},"end":{}}],"line":51},"1":{"loc":{"start":{"line":73,"column":8},"end":{"line":78,"column":9}},"type":"if","locations":[{"start":{"line":73,"column":8},"end":{"line":78,"column":9}},{"start":{},"end":{}}],"line":73},"2":{"loc":{"start":{"line":73,"column":12},"end":{"line":73,"column":54}},"type":"binary-expr","locations":[{"start":{"line":73,"column":12},"end":{"line":73,"column":31}},{"start":{"line":73,"column":35},"end":{"line":73,"column":54}}],"line":73},"3":{"loc":{"start":{"line":81,"column":8},"end":{"line":86,"column":9}},"type":"if","locations":[{"start":{"line":81,"column":8},"end":{"line":86,"column":9}},{"start":{},"end":{}}],"line":81},"4":{"loc":{"start":{"line":81,"column":12},"end":{"line":81,"column":66}},"type":"binary-expr","locations":[{"start":{"line":81,"column":12},"end":{"line":81,"column":37}},{"start":{"line":81,"column":41},"end":{"line":81,"column":66}}],"line":81},"5":{"loc":{"start":{"line":89,"column":8},"end":{"line":92,"column":9}},"type":"if","locations":[{"start":{"line":89,"column":8},"end":{"line":92,"column":9}},{"start":{},"end":{}}],"line":89},"6":{"loc":{"start":{"line":89,"column":12},"end":{"line":90,"column":91}},"type":"binary-expr","locations":[{"start":{"line":89,"column":12},"end":{"line":89,"column":35}},{"start":{"line":89,"column":39},"end":{"line":89,"column":62}},{"start":{"line":90,"column":12},"end":{"line":90,"column":91}}],"line":89},"7":{"loc":{"start":{"line":95,"column":8},"end":{"line":98,"column":9}},"type":"if","locations":[{"start":{"line":95,"column":8},"end":{"line":98,"column":9}},{"start":{},"end":{}}],"line":95},"8":{"loc":{"start":{"line":95,"column":12},"end":{"line":96,"column":46}},"type":"binary-expr","locations":[{"start":{"line":95,"column":12},"end":{"line":95,"column":55}},{"start":{"line":96,"column":12},"end":{"line":96,"column":46}}],"line":95},"9":{"loc":{"start":{"line":100,"column":8},"end":{"line":109,"column":9}},"type":"if","locations":[{"start":{"line":100,"column":8},"end":{"line":109,"column":9}},{"start":{},"end":{}}],"line":100},"10":{"loc":{"start":{"line":118,"column":4},"end":{"line":118,"column":45}},"type":"if","locations":[{"start":{"line":118,"column":4},"end":{"line":118,"column":45}},{"start":{},"end":{}}],"line":118},"11":{"loc":{"start":{"line":129,"column":6},"end":{"line":132,"column":7}},"type":"if","locations":[{"start":{"line":129,"column":6},"end":{"line":132,"column":7}},{"start":{},"end":{}}],"line":129},"12":{"loc":{"start":{"line":140,"column":10},"end":{"line":140,"column":47}},"type":"if","locations":[{"start":{"line":140,"column":10},"end":{"line":140,"column":47}},{"start":{},"end":{}}],"line":140},"13":{"loc":{"start":{"line":144,"column":27},"end":{"line":144,"column":60}},"type":"binary-expr","locations":[{"start":{"line":144,"column":27},"end":{"line":144,"column":55}},{"start":{"line":144,"column":59},"end":{"line":144,"column":60}}],"line":144},"14":{"loc":{"start":{"line":155,"column":10},"end":{"line":159,"column":11}},"type":"if","locations":[{"start":{"line":155,"column":10},"end":{"line":159,"column":11}},{"start":{"line":157,"column":17},"end":{"line":159,"column":11}}],"line":155},"15":{"loc":{"start":{"line":157,"column":17},"end":{"line":159,"column":11}},"type":"if","locations":[{"start":{"line":157,"column":17},"end":{"line":159,"column":11}},{"start":{},"end":{}}],"line":157},"16":{"loc":{"start":{"line":161,"column":10},"end":{"line":161,"column":33}},"type":"if","locations":[{"start":{"line":161,"column":10},"end":{"line":161,"column":33}},{"start":{},"end":{}}],"line":161},"17":{"loc":{"start":{"line":165,"column":27},"end":{"line":165,"column":60}},"type":"binary-expr","locations":[{"start":{"line":165,"column":27},"end":{"line":165,"column":55}},{"start":{"line":165,"column":59},"end":{"line":165,"column":60}}],"line":165},"18":{"loc":{"start":{"line":209,"column":11},"end":{"line":209,"column":46}},"type":"binary-expr","locations":[{"start":{"line":209,"column":11},"end":{"line":209,"column":33}},{"start":{"line":209,"column":37},"end":{"line":209,"column":46}}],"line":209},"19":{"loc":{"start":{"line":227,"column":2},"end":{"line":259,"column":3}},"type":"if","locations":[{"start":{"line":227,"column":2},"end":{"line":259,"column":3}},{"start":{},"end":{}}],"line":227},"20":{"loc":{"start":{"line":318,"column":18},"end":{"line":318,"column":62}},"type":"if","locations":[{"start":{"line":318,"column":18},"end":{"line":318,"column":62}},{"start":{},"end":{}}],"line":318},"21":{"loc":{"start":{"line":318,"column":22},"end":{"line":318,"column":48}},"type":"binary-expr","locations":[{"start":{"line":318,"column":22},"end":{"line":318,"column":33}},{"start":{"line":318,"column":37},"end":{"line":318,"column":48}}],"line":318},"22":{"loc":{"start":{"line":340,"column":33},"end":{"line":340,"column":104}},"type":"cond-expr","locations":[{"start":{"line":340,"column":46},"end":{"line":340,"column":63}},{"start":{"line":340,"column":66},"end":{"line":340,"column":104}}],"line":340},"23":{"loc":{"start":{"line":350,"column":30},"end":{"line":350,"column":85}},"type":"cond-expr","locations":[{"start":{"line":350,"column":43},"end":{"line":350,"column":56}},{"start":{"line":350,"column":59},"end":{"line":350,"column":85}}],"line":350},"24":{"loc":{"start":{"line":351,"column":35},"end":{"line":351,"column":53}},"type":"cond-expr","locations":[{"start":{"line":351,"column":48},"end":{"line":351,"column":49}},{"start":{"line":351,"column":52},"end":{"line":351,"column":53}}],"line":351},"25":{"loc":{"start":{"line":362,"column":9},"end":{"line":431,"column":9}},"type":"binary-expr","locations":[{"start":{"line":362,"column":9},"end":{"line":362,"column":21}},{"start":{"line":363,"column":10},"end":{"line":430,"column":17}}],"line":362},"26":{"loc":{"start":{"line":396,"column":13},"end":{"line":415,"column":13}},"type":"binary-expr","locations":[{"start":{"line":396,"column":13},"end":{"line":396,"column":36}},{"start":{"line":396,"column":40},"end":{"line":396,"column":74}},{"start":{"line":397,"column":14},"end":{"line":414,"column":21}}],"line":396},"27":{"loc":{"start":{"line":419,"column":44},"end":{"line":419,"column":105}},"type":"cond-expr","locations":[{"start":{"line":419,"column":77},"end":{"line":419,"column":89}},{"start":{"line":419,"column":92},"end":{"line":419,"column":105}}],"line":419}},"s":{"0":0,"1":0,"2":0,"3":0,"4":0,"5":0,"6":0,"7":0,"8":0,"9":0,"10":0,"11":0,"12":0,"13":0,"14":0,"15":0,"16":0,"17":0,"18":0,"19":0,"20":0,"21":0,"22":0,"23":0,"24":0,"25":0,"26":0,"27":0,"28":0,"29":0,"30":0,"31":0,"32":0,"33":0,"34":0,"35":0,"36":0,"37":0,"38":0,"39":0,"40":0,"41":0,"42":0,"43":0,"44":0,"45":0,"46":0,"47":0,"48":0,"49":0,"50":0,"51":0,"52":0,"53":0,"54":0,"55":0,"56":0,"57":0,"58":0,"59":0,"60":0,"61":0,"62":0,"63":0,"64":0,"65":0,"66":0,"67":0,"68":0,"69":0,"70":0,"71":0,"72":0,"73":0,"74":0,"75":0,"76":0,"77":0,"78":0,"79":0,"80":0,"81":0,"82":0,"83":0,"84":0,"85":0,"86":0,"87":0,"88":0,"89":0,"90":0,"91":0,"92":0,"93":0,"94":0,"95":0,"96":0,"97":0,"98":0,"99":0,"100":0,"101":0,"102":0,"103":0,"104":0,"105":0,"106":0,"107":0,"108":0,"109":0,"110":0,"111":0,"112":0,"113":0,"114":0,"115":0,"116":0,"117":0,"118":0,"119":0,"120":0,"121":0,"122":0,"123":0,"124":0,"125":0,"126":0,"127":0,"128":0,"129":0},"f":{"0":0,"1":0,"2":0,"3":0,"4":0,"5":0,"6":0,"7":0,"8":0,"9":0,"10":0,"11":0,"12":0,"13":0,"14":0,"15":0,"16":0,"17":0,"18":0,"19":0,"20":0,"21":0,"22":0,"23":0,"24":0,"25":0,"26":0,"27":0,"28":0,"29":0},"b":{"0":[0,0],"1":[0,0],"2":[0,0],"3":[0,0],"4":[0,0],"5":[0,0],"6":[0,0,0],"7":[0,0],"8":[0,0],"9":[0,0],"10":[0,0],"11":[0,0],"12":[0,0],"13":[0,0],"14":[0,0],"15":[0,0],"16":[0,0],"17":[0,0],"18":[0,0],"19":[0,0],"20":[0,0],"21":[0,0],"22":[0,0],"23":[0,0],"24":[0,0],"25":[0,0],"26":[0,0,0],"27":[0,0]}}
,"/Users/samsepiol/Downloads/GithubRepos/Work/Noctis/noctis/app/(auth)/_layout.tsx": {"path":"/Users/samsepiol/Downloads/GithubRepos/Work/Noctis/noctis/app/(auth)/_layout.tsx","statementMap":{"0":{"start":{"line":5,"column":2},"end":{"line":14,"column":4}}},"fnMap":{"0":{"name":"AuthLayout","decl":{"start":{"line":4,"column":24},"end":{"line":4,"column":34}},"loc":{"start":{"line":4,"column":37},"end":{"line":15,"column":1}},"line":4}},"branchMap":{},"s":{"0":0},"f":{"0":0},"b":{}}
,"/Users/samsepiol/Downloads/GithubRepos/Work/Noctis/noctis/app/(auth)/welcome.tsx": {"path":"/Users/samsepiol/Downloads/GithubRepos/Work/Noctis/noctis/app/(auth)/welcome.tsx","statementMap":{"0":{"start":{"line":8,"column":23},"end":{"line":8,"column":32}},"1":{"start":{"line":10,"column":25},"end":{"line":12,"column":3}},"2":{"start":{"line":11,"column":4},"end":{"line":11,"column":21}},"3":{"start":{"line":14,"column":2},"end":{"line":22,"column":4}},"4":{"start":{"line":25,"column":15},"end":{"line":32,"column":2}}},"fnMap":{"0":{"name":"WelcomeScreen","decl":{"start":{"line":7,"column":24},"end":{"line":7,"column":37}},"loc":{"start":{"line":7,"column":40},"end":{"line":23,"column":1}},"line":7},"1":{"name":"(anonymous_1)","decl":{"start":{"line":10,"column":25},"end":{"line":10,"column":26}},"loc":{"start":{"line":10,"column":37},"end":{"line":12,"column":3}},"line":10}},"branchMap":{},"s":{"0":0,"1":0,"2":0,"3":0,"4":0},"f":{"0":0,"1":0},"b":{}}
,"/Users/samsepiol/Downloads/GithubRepos/Work/Noctis/noctis/app/(tabs)/_layout.tsx": {"path":"/Users/samsepiol/Downloads/GithubRepos/Work/Noctis/noctis/app/(tabs)/_layout.tsx","statementMap":{"0":{"start":{"line":7,"column":17},"end":{"line":7,"column":28}},"1":{"start":{"line":8,"column":19},"end":{"line":8,"column":32}},"2":{"start":{"line":11,"column":23},"end":{"line":19,"column":3}},"3":{"start":{"line":12,"column":4},"end":{"line":12,"column":66}},"4":{"start":{"line":12,"column":52},"end":{"line":12,"column":66}},"5":{"start":{"line":13,"column":4},"end":{"line":13,"column":51}},"6":{"start":{"line":13,"column":37},"end":{"line":13,"column":51}},"7":{"start":{"line":14,"column":4},"end":{"line":14,"column":53}},"8":{"start":{"line":14,"column":39},"end":{"line":14,"column":53}},"9":{"start":{"line":15,"column":4},"end":{"line":15,"column":53}},"10":{"start":{"line":15,"column":37},"end":{"line":15,"column":53}},"11":{"start":{"line":16,"column":4},"end":{"line":16,"column":58}},"12":{"start":{"line":16,"column":44},"end":{"line":16,"column":58}},"13":{"start":{"line":17,"column":4},"end":{"line":17,"column":52}},"14":{"start":{"line":17,"column":38},"end":{"line":17,"column":52}},"15":{"start":{"line":18,"column":4},"end":{"line":18,"column":18}},"16":{"start":{"line":21,"column":30},"end":{"line":21,"column":60}},"17":{"start":{"line":24,"column":2},"end":{"line":26,"column":17}},"18":{"start":{"line":25,"column":4},"end":{"line":25,"column":30}},"19":{"start":{"line":28,"column":32},"end":{"line":35,"column":3}},"20":{"start":{"line":37,"column":25},"end":{"line":60,"column":3}},"21":{"start":{"line":38,"column":4},"end":{"line":38,"column":19}},"22":{"start":{"line":40,"column":4},"end":{"line":59,"column":5}},"23":{"start":{"line":42,"column":8},"end":{"line":42,"column":31}},"24":{"start":{"line":43,"column":8},"end":{"line":43,"column":14}},"25":{"start":{"line":45,"column":8},"end":{"line":45,"column":38}},"26":{"start":{"line":46,"column":8},"end":{"line":46,"column":14}},"27":{"start":{"line":48,"column":8},"end":{"line":48,"column":40}},"28":{"start":{"line":49,"column":8},"end":{"line":49,"column":14}},"29":{"start":{"line":51,"column":8},"end":{"line":51,"column":38}},"30":{"start":{"line":52,"column":8},"end":{"line":52,"column":14}},"31":{"start":{"line":54,"column":8},"end":{"line":54,"column":45}},"32":{"start":{"line":55,"column":8},"end":{"line":55,"column":14}},"33":{"start":{"line":57,"column":8},"end":{"line":57,"column":39}},"34":{"start":{"line":58,"column":8},"end":{"line":58,"column":14}},"35":{"start":{"line":62,"column":2},"end":{"line":80,"column":4}}},"fnMap":{"0":{"name":"TabsLayout","decl":{"start":{"line":6,"column":24},"end":{"line":6,"column":34}},"loc":{"start":{"line":6,"column":37},"end":{"line":81,"column":1}},"line":6},"1":{"name":"(anonymous_1)","decl":{"start":{"line":11,"column":23},"end":{"line":11,"column":24}},"loc":{"start":{"line":11,"column":29},"end":{"line":19,"column":3}},"line":11},"2":{"name":"(anonymous_2)","decl":{"start":{"line":24,"column":18},"end":{"line":24,"column":19}},"loc":{"start":{"line":24,"column":24},"end":{"line":26,"column":3}},"line":24},"3":{"name":"(anonymous_3)","decl":{"start":{"line":37,"column":25},"end":{"line":37,"column":26}},"loc":{"start":{"line":37,"column":42},"end":{"line":60,"column":3}},"line":37}},"branchMap":{"0":{"loc":{"start":{"line":12,"column":4},"end":{"line":12,"column":66}},"type":"if","locations":[{"start":{"line":12,"column":4},"end":{"line":12,"column":66}},{"start":{},"end":{}}],"line":12},"1":{"loc":{"start":{"line":12,"column":8},"end":{"line":12,"column":50}},"type":"binary-expr","locations":[{"start":{"line":12,"column":8},"end":{"line":12,"column":30}},{"start":{"line":12,"column":34},"end":{"line":12,"column":50}}],"line":12},"2":{"loc":{"start":{"line":13,"column":4},"end":{"line":13,"column":51}},"type":"if","locations":[{"start":{"line":13,"column":4},"end":{"line":13,"column":51}},{"start":{},"end":{}}],"line":13},"3":{"loc":{"start":{"line":14,"column":4},"end":{"line":14,"column":53}},"type":"if","locations":[{"start":{"line":14,"column":4},"end":{"line":14,"column":53}},{"start":{},"end":{}}],"line":14},"4":{"loc":{"start":{"line":15,"column":4},"end":{"line":15,"column":53}},"type":"if","locations":[{"start":{"line":15,"column":4},"end":{"line":15,"column":53}},{"start":{},"end":{}}],"line":15},"5":{"loc":{"start":{"line":16,"column":4},"end":{"line":16,"column":58}},"type":"if","locations":[{"start":{"line":16,"column":4},"end":{"line":16,"column":58}},{"start":{},"end":{}}],"line":16},"6":{"loc":{"start":{"line":17,"column":4},"end":{"line":17,"column":52}},"type":"if","locations":[{"start":{"line":17,"column":4},"end":{"line":17,"column":52}},{"start":{},"end":{}}],"line":17},"7":{"loc":{"start":{"line":40,"column":4},"end":{"line":59,"column":5}},"type":"switch","locations":[{"start":{"line":41,"column":6},"end":{"line":43,"column":14}},{"start":{"line":44,"column":6},"end":{"line":46,"column":14}},{"start":{"line":47,"column":6},"end":{"line":49,"column":14}},{"start":{"line":50,"column":6},"end":{"line":52,"column":14}},{"start":{"line":53,"column":6},"end":{"line":55,"column":14}},{"start":{"line":56,"column":6},"end":{"line":58,"column":14}}],"line":40}},"s":{"0":0,"1":0,"2":0,"3":0,"4":0,"5":0,"6":0,"7":0,"8":0,"9":0,"10":0,"11":0,"12":0,"13":0,"14":0,"15":0,"16":0,"17":0,"18":0,"19":0,"20":0,"21":0,"22":0,"23":0,"24":0,"25":0,"26":0,"27":0,"28":0,"29":0,"30":0,"31":0,"32":0,"33":0,"34":0,"35":0},"f":{"0":0,"1":0,"2":0,"3":0},"b":{"0":[0,0],"1":[0,0],"2":[0,0],"3":[0,0],"4":[0,0],"5":[0,0],"6":[0,0],"7":[0,0,0,0,0,0]}}
,"/Users/samsepiol/Downloads/GithubRepos/Work/Noctis/noctis/app/(tabs)/dreams.tsx": {"path":"/Users/samsepiol/Downloads/GithubRepos/Work/Noctis/noctis/app/(tabs)/dreams.tsx","statementMap":{"0":{"start":{"line":11,"column":17},"end":{"line":11,"column":28}},"1":{"start":{"line":12,"column":50},"end":{"line":12,"column":61}},"2":{"start":{"line":13,"column":21},"end":{"line":13,"column":31}},"3":{"start":{"line":14,"column":30},"end":{"line":14,"column":63}},"4":{"start":{"line":16,"column":28},"end":{"line":29,"column":3}},"5":{"start":{"line":17,"column":4},"end":{"line":28,"column":6}},"6":{"start":{"line":25,"column":25},"end":{"line":25,"column":40}},"7":{"start":{"line":31,"column":23},"end":{"line":36,"column":4}},"8":{"start":{"line":32,"column":4},"end":{"line":34,"column":5}},"9":{"start":{"line":33,"column":6},"end":{"line":33,"column":77}},"10":{"start":{"line":35,"column":4},"end":{"line":35,"column":40}},"11":{"start":{"line":38,"column":2},"end":{"line":46,"column":3}},"12":{"start":{"line":39,"column":4},"end":{"line":45,"column":6}},"13":{"start":{"line":48,"column":2},"end":{"line":165,"column":4}},"14":{"start":{"line":62,"column":27},"end":{"line":62,"column":53}},"15":{"start":{"line":94,"column":29},"end":{"line":94,"column":46}},"16":{"start":{"line":108,"column":29},"end":{"line":108,"column":46}},"17":{"start":{"line":145,"column":31},"end":{"line":145,"column":57}},"18":{"start":{"line":154,"column":14},"end":{"line":159,"column":16}},"19":{"start":{"line":157,"column":31},"end":{"line":157,"column":77}},"20":{"start":{"line":158,"column":32},"end":{"line":158,"column":59}}},"fnMap":{"0":{"name":"DreamsScreen","decl":{"start":{"line":10,"column":24},"end":{"line":10,"column":36}},"loc":{"start":{"line":10,"column":39},"end":{"line":166,"column":1}},"line":10},"1":{"name":"(anonymous_1)","decl":{"start":{"line":16,"column":28},"end":{"line":16,"column":29}},"loc":{"start":{"line":16,"column":44},"end":{"line":29,"column":3}},"line":16},"2":{"name":"(anonymous_2)","decl":{"start":{"line":25,"column":19},"end":{"line":25,"column":20}},"loc":{"start":{"line":25,"column":25},"end":{"line":25,"column":40}},"line":25},"3":{"name":"(anonymous_3)","decl":{"start":{"line":31,"column":40},"end":{"line":31,"column":41}},"loc":{"start":{"line":31,"column":50},"end":{"line":36,"column":3}},"line":31},"4":{"name":"(anonymous_4)","decl":{"start":{"line":62,"column":21},"end":{"line":62,"column":22}},"loc":{"start":{"line":62,"column":27},"end":{"line":62,"column":53}},"line":62},"5":{"name":"(anonymous_5)","decl":{"start":{"line":94,"column":23},"end":{"line":94,"column":24}},"loc":{"start":{"line":94,"column":29},"end":{"line":94,"column":46}},"line":94},"6":{"name":"(anonymous_6)","decl":{"start":{"line":108,"column":23},"end":{"line":108,"column":24}},"loc":{"start":{"line":108,"column":29},"end":{"line":108,"column":46}},"line":108},"7":{"name":"(anonymous_7)","decl":{"start":{"line":145,"column":25},"end":{"line":145,"column":26}},"loc":{"start":{"line":145,"column":31},"end":{"line":145,"column":57}},"line":145},"8":{"name":"(anonymous_8)","decl":{"start":{"line":153,"column":29},"end":{"line":153,"column":30}},"loc":{"start":{"line":154,"column":14},"end":{"line":159,"column":16}},"line":154},"9":{"name":"(anonymous_9)","decl":{"start":{"line":157,"column":25},"end":{"line":157,"column":26}},"loc":{"start":{"line":157,"column":31},"end":{"line":157,"column":77}},"line":157},"10":{"name":"(anonymous_10)","decl":{"start":{"line":158,"column":26},"end":{"line":158,"column":27}},"loc":{"start":{"line":158,"column":32},"end":{"line":158,"column":59}},"line":158}},"branchMap":{"0":{"loc":{"start":{"line":32,"column":4},"end":{"line":34,"column":5}},"type":"if","locations":[{"start":{"line":32,"column":4},"end":{"line":34,"column":5}},{"start":{},"end":{}}],"line":32},"1":{"loc":{"start":{"line":38,"column":2},"end":{"line":46,"column":3}},"type":"if","locations":[{"start":{"line":38,"column":2},"end":{"line":46,"column":3}},{"start":{},"end":{}}],"line":38},"2":{"loc":{"start":{"line":85,"column":9},"end":{"line":85,"column":57}},"type":"binary-expr","locations":[{"start":{"line":85,"column":9},"end":{"line":85,"column":26}},{"start":{"line":85,"column":30},"end":{"line":85,"column":57}}],"line":85},"3":{"loc":{"start":{"line":88,"column":9},"end":{"line":122,"column":9}},"type":"binary-expr","locations":[{"start":{"line":88,"column":9},"end":{"line":88,"column":26}},{"start":{"line":89,"column":10},"end":{"line":121,"column":17}}],"line":88},"4":{"loc":{"start":{"line":97,"column":33},"end":{"line":97,"column":83}},"type":"cond-expr","locations":[{"start":{"line":97,"column":53},"end":{"line":97,"column":66}},{"start":{"line":97,"column":69},"end":{"line":97,"column":83}}],"line":97},"5":{"loc":{"start":{"line":102,"column":32},"end":{"line":102,"column":84}},"type":"cond-expr","locations":[{"start":{"line":102,"column":52},"end":{"line":102,"column":61}},{"start":{"line":102,"column":64},"end":{"line":102,"column":84}}],"line":102},"6":{"loc":{"start":{"line":111,"column":33},"end":{"line":111,"column":83}},"type":"cond-expr","locations":[{"start":{"line":111,"column":53},"end":{"line":111,"column":66}},{"start":{"line":111,"column":69},"end":{"line":111,"column":83}}],"line":111},"7":{"loc":{"start":{"line":116,"column":32},"end":{"line":116,"column":84}},"type":"cond-expr","locations":[{"start":{"line":116,"column":52},"end":{"line":116,"column":61}},{"start":{"line":116,"column":64},"end":{"line":116,"column":84}}],"line":116},"8":{"loc":{"start":{"line":126,"column":11},"end":{"line":161,"column":11}},"type":"cond-expr","locations":[{"start":{"line":127,"column":12},"end":{"line":151,"column":19}},{"start":{"line":153,"column":12},"end":{"line":160,"column":14}}],"line":126}},"s":{"0":0,"1":0,"2":0,"3":0,"4":0,"5":0,"6":0,"7":0,"8":0,"9":0,"10":0,"11":0,"12":0,"13":0,"14":0,"15":0,"16":0,"17":0,"18":0,"19":0,"20":0},"f":{"0":0,"1":0,"2":0,"3":0,"4":0,"5":0,"6":0,"7":0,"8":0,"9":0,"10":0},"b":{"0":[0,0],"1":[0,0],"2":[0,0],"3":[0,0],"4":[0,0],"5":[0,0],"6":[0,0],"7":[0,0],"8":[0,0]}}
,"/Users/samsepiol/Downloads/GithubRepos/Work/Noctis/noctis/app/(tabs)/forecast.tsx": {"path":"/Users/samsepiol/Downloads/GithubRepos/Work/Noctis/noctis/app/(tabs)/forecast.tsx","statementMap":{"0":{"start":{"line":21,"column":6},"end":{"line":21,"column":15}},"1":{"start":{"line":23,"column":29},"end":{"line":23,"column":39}},"2":{"start":{"line":24,"column":38},"end":{"line":24,"column":59}},"3":{"start":{"line":26,"column":24},"end":{"line":30,"column":3}},"4":{"start":{"line":27,"column":4},"end":{"line":27,"column":24}},"5":{"start":{"line":28,"column":4},"end":{"line":28,"column":28}},"6":{"start":{"line":29,"column":4},"end":{"line":29,"column":25}},"7":{"start":{"line":33,"column":2},"end":{"line":42,"column":3}},"8":{"start":{"line":34,"column":4},"end":{"line":41,"column":6}},"9":{"start":{"line":44,"column":2},"end":{"line":204,"column":4}}},"fnMap":{"0":{"name":"ForecastScreen","decl":{"start":{"line":12,"column":24},"end":{"line":12,"column":38}},"loc":{"start":{"line":12,"column":41},"end":{"line":205,"column":1}},"line":12},"1":{"name":"(anonymous_1)","decl":{"start":{"line":26,"column":24},"end":{"line":26,"column":25}},"loc":{"start":{"line":26,"column":36},"end":{"line":30,"column":3}},"line":26}},"branchMap":{"0":{"loc":{"start":{"line":33,"column":2},"end":{"line":42,"column":3}},"type":"if","locations":[{"start":{"line":33,"column":2},"end":{"line":42,"column":3}},{"start":{},"end":{}}],"line":33},"1":{"loc":{"start":{"line":33,"column":6},"end":{"line":33,"column":31}},"type":"binary-expr","locations":[{"start":{"line":33,"column":6},"end":{"line":33,"column":13}},{"start":{"line":33,"column":17},"end":{"line":33,"column":31}}],"line":33},"2":{"loc":{"start":{"line":76,"column":9},"end":{"line":94,"column":9}},"type":"binary-expr","locations":[{"start":{"line":76,"column":9},"end":{"line":76,"column":14}},{"start":{"line":77,"column":10},"end":{"line":93,"column":17}}],"line":76},"3":{"loc":{"start":{"line":77,"column":80},"end":{"line":77,"column":110}},"type":"cond-expr","locations":[{"start":{"line":77,"column":89},"end":{"line":77,"column":98}},{"start":{"line":77,"column":101},"end":{"line":77,"column":110}}],"line":77},"4":{"loc":{"start":{"line":97,"column":9},"end":{"line":201,"column":9}},"type":"binary-expr","locations":[{"start":{"line":97,"column":9},"end":{"line":97,"column":22}},{"start":{"line":97,"column":26},"end":{"line":97,"column":39}},{"start":{"line":98,"column":10},"end":{"line":200,"column":17}}],"line":97},"5":{"loc":{"start":{"line":115,"column":17},"end":{"line":125,"column":17}},"type":"binary-expr","locations":[{"start":{"line":115,"column":17},"end":{"line":115,"column":38}},{"start":{"line":116,"column":18},"end":{"line":124,"column":25}}],"line":115},"6":{"loc":{"start":{"line":127,"column":17},"end":{"line":137,"column":17}},"type":"binary-expr","locations":[{"start":{"line":127,"column":17},"end":{"line":127,"column":37}},{"start":{"line":128,"column":18},"end":{"line":136,"column":25}}],"line":127},"7":{"loc":{"start":{"line":139,"column":17},"end":{"line":149,"column":17}},"type":"binary-expr","locations":[{"start":{"line":139,"column":17},"end":{"line":139,"column":39}},{"start":{"line":140,"column":18},"end":{"line":148,"column":25}}],"line":139},"8":{"loc":{"start":{"line":151,"column":17},"end":{"line":161,"column":17}},"type":"binary-expr","locations":[{"start":{"line":151,"column":17},"end":{"line":151,"column":38}},{"start":{"line":152,"column":18},"end":{"line":160,"column":25}}],"line":151}},"s":{"0":0,"1":0,"2":0,"3":0,"4":0,"5":0,"6":0,"7":0,"8":0,"9":0},"f":{"0":0,"1":0},"b":{"0":[0,0],"1":[0,0],"2":[0,0],"3":[0,0],"4":[0,0,0],"5":[0,0],"6":[0,0],"7":[0,0],"8":[0,0]}}
,"/Users/samsepiol/Downloads/GithubRepos/Work/Noctis/noctis/app/(tabs)/index.tsx": {"path":"/Users/samsepiol/Downloads/GithubRepos/Work/Noctis/noctis/app/(tabs)/index.tsx","statementMap":{"0":{"start":{"line":10,"column":21},"end":{"line":10,"column":31}},"1":{"start":{"line":12,"column":2},"end":{"line":19,"column":4}}},"fnMap":{"0":{"name":"HomeScreen","decl":{"start":{"line":9,"column":24},"end":{"line":9,"column":34}},"loc":{"start":{"line":9,"column":37},"end":{"line":20,"column":1}},"line":9}},"branchMap":{},"s":{"0":0,"1":0},"f":{"0":0},"b":{}}
,"/Users/samsepiol/Downloads/GithubRepos/Work/Noctis/noctis/app/(tabs)/notifications.tsx": {"path":"/Users/samsepiol/Downloads/GithubRepos/Work/Noctis/noctis/app/(tabs)/notifications.tsx","statementMap":{"0":{"start":{"line":7,"column":21},"end":{"line":7,"column":31}},"1":{"start":{"line":9,"column":2},"end":{"line":15,"column":4}}},"fnMap":{"0":{"name":"NotificationsScreen","decl":{"start":{"line":6,"column":24},"end":{"line":6,"column":43}},"loc":{"start":{"line":6,"column":46},"end":{"line":16,"column":1}},"line":6}},"branchMap":{},"s":{"0":0,"1":0},"f":{"0":0},"b":{}}
,"/Users/samsepiol/Downloads/GithubRepos/Work/Noctis/noctis/app/(tabs)/profile.tsx": {"path":"/Users/samsepiol/Downloads/GithubRepos/Work/Noctis/noctis/app/(tabs)/profile.tsx","statementMap":{"0":{"start":{"line":11,"column":22},"end":{"line":11,"column":31}},"1":{"start":{"line":12,"column":46},"end":{"line":12,"column":58}},"2":{"start":{"line":13,"column":21},"end":{"line":13,"column":31}},"3":{"start":{"line":14,"column":26},"end":{"line":14,"column":48}},"4":{"start":{"line":15,"column":32},"end":{"line":15,"column":57}},"5":{"start":{"line":16,"column":34},"end":{"line":16,"column":49}},"6":{"start":{"line":19,"column":2},"end":{"line":22,"column":16}},"7":{"start":{"line":20,"column":4},"end":{"line":20,"column":26}},"8":{"start":{"line":21,"column":4},"end":{"line":21,"column":32}},"9":{"start":{"line":24,"column":30},"end":{"line":26,"column":3}},"10":{"start":{"line":28,"column":28},"end":{"line":38,"column":3}},"11":{"start":{"line":29,"column":4},"end":{"line":29,"column":22}},"12":{"start":{"line":30,"column":4},"end":{"line":37,"column":5}},"13":{"start":{"line":31,"column":6},"end":{"line":31,"column":45}},"14":{"start":{"line":32,"column":6},"end":{"line":32,"column":62}},"15":{"start":{"line":34,"column":6},"end":{"line":34,"column":74}},"16":{"start":{"line":36,"column":6},"end":{"line":36,"column":25}},"17":{"start":{"line":40,"column":26},"end":{"line":45,"column":3}},"18":{"start":{"line":41,"column":21},"end":{"line":41,"column":38}},"19":{"start":{"line":42,"column":4},"end":{"line":44,"column":5}},"20":{"start":{"line":43,"column":6},"end":{"line":43,"column":56}},"21":{"start":{"line":47,"column":28},"end":{"line":58,"column":3}},"22":{"start":{"line":48,"column":4},"end":{"line":57,"column":7}},"23":{"start":{"line":54,"column":10},"end":{"line":54,"column":56}},"24":{"start":{"line":60,"column":24},"end":{"line":71,"column":3}},"25":{"start":{"line":61,"column":4},"end":{"line":70,"column":7}},"26":{"start":{"line":67,"column":10},"end":{"line":67,"column":26}},"27":{"start":{"line":73,"column":2},"end":{"line":81,"column":3}},"28":{"start":{"line":74,"column":4},"end":{"line":80,"column":6}},"29":{"start":{"line":83,"column":2},"end":{"line":201,"column":4}}},"fnMap":{"0":{"name":"ProfileScreen","decl":{"start":{"line":10,"column":24},"end":{"line":10,"column":37}},"loc":{"start":{"line":10,"column":40},"end":{"line":202,"column":1}},"line":10},"1":{"name":"(anonymous_1)","decl":{"start":{"line":19,"column":18},"end":{"line":19,"column":19}},"loc":{"start":{"line":19,"column":24},"end":{"line":22,"column":3}},"line":19},"2":{"name":"(anonymous_2)","decl":{"start":{"line":24,"column":30},"end":{"line":24,"column":31}},"loc":{"start":{"line":24,"column":36},"end":{"line":26,"column":3}},"line":24},"3":{"name":"(anonymous_3)","decl":{"start":{"line":28,"column":28},"end":{"line":28,"column":29}},"loc":{"start":{"line":28,"column":40},"end":{"line":38,"column":3}},"line":28},"4":{"name":"(anonymous_4)","decl":{"start":{"line":40,"column":26},"end":{"line":40,"column":27}},"loc":{"start":{"line":40,"column":38},"end":{"line":45,"column":3}},"line":40},"5":{"name":"(anonymous_5)","decl":{"start":{"line":47,"column":28},"end":{"line":47,"column":29}},"loc":{"start":{"line":47,"column":40},"end":{"line":58,"column":3}},"line":47},"6":{"name":"(anonymous_6)","decl":{"start":{"line":53,"column":17},"end":{"line":53,"column":18}},"loc":{"start":{"line":53,"column":29},"end":{"line":55,"column":9}},"line":53},"7":{"name":"(anonymous_7)","decl":{"start":{"line":60,"column":24},"end":{"line":60,"column":25}},"loc":{"start":{"line":60,"column":36},"end":{"line":71,"column":3}},"line":60},"8":{"name":"(anonymous_8)","decl":{"start":{"line":66,"column":17},"end":{"line":66,"column":18}},"loc":{"start":{"line":66,"column":29},"end":{"line":68,"column":9}},"line":66}},"branchMap":{"0":{"loc":{"start":{"line":42,"column":4},"end":{"line":44,"column":5}},"type":"if","locations":[{"start":{"line":42,"column":4},"end":{"line":44,"column":5}},{"start":{},"end":{}}],"line":42},"1":{"loc":{"start":{"line":73,"column":2},"end":{"line":81,"column":3}},"type":"if","locations":[{"start":{"line":73,"column":2},"end":{"line":81,"column":3}},{"start":{},"end":{}}],"line":73},"2":{"loc":{"start":{"line":87,"column":18},"end":{"line":87,"column":62}},"type":"cond-expr","locations":[{"start":{"line":87,"column":42},"end":{"line":87,"column":51}},{"start":{"line":87,"column":54},"end":{"line":87,"column":62}}],"line":87},"3":{"loc":{"start":{"line":113,"column":15},"end":{"line":123,"column":15}},"type":"cond-expr","locations":[{"start":{"line":114,"column":16},"end":{"line":118,"column":18}},{"start":{"line":120,"column":16},"end":{"line":122,"column":23}}],"line":113},"4":{"loc":{"start":{"line":138,"column":13},"end":{"line":142,"column":13}},"type":"binary-expr","locations":[{"start":{"line":138,"column":13},"end":{"line":138,"column":35}},{"start":{"line":139,"column":14},"end":{"line":141,"column":26}}],"line":138},"5":{"loc":{"start":{"line":176,"column":15},"end":{"line":180,"column":15}},"type":"cond-expr","locations":[{"start":{"line":177,"column":16},"end":{"line":177,"column":51}},{"start":{"line":179,"column":16},"end":{"line":179,"column":94}}],"line":176}},"s":{"0":0,"1":0,"2":0,"3":0,"4":0,"5":0,"6":0,"7":0,"8":0,"9":0,"10":0,"11":0,"12":0,"13":0,"14":0,"15":0,"16":0,"17":0,"18":0,"19":0,"20":0,"21":0,"22":0,"23":0,"24":0,"25":0,"26":0,"27":0,"28":0,"29":0},"f":{"0":0,"1":0,"2":0,"3":0,"4":0,"5":0,"6":0,"7":0,"8":0},"b":{"0":[0,0],"1":[0,0],"2":[0,0],"3":[0,0],"4":[0,0],"5":[0,0]}}
,"/Users/samsepiol/Downloads/GithubRepos/Work/Noctis/noctis/app/(tabs)/search.tsx": {"path":"/Users/samsepiol/Downloads/GithubRepos/Work/Noctis/noctis/app/(tabs)/search.tsx","statementMap":{"0":{"start":{"line":7,"column":21},"end":{"line":7,"column":31}},"1":{"start":{"line":9,"column":2},"end":{"line":13,"column":4}}},"fnMap":{"0":{"name":"SearchScreen","decl":{"start":{"line":6,"column":24},"end":{"line":6,"column":36}},"loc":{"start":{"line":6,"column":39},"end":{"line":14,"column":1}},"line":6}},"branchMap":{},"s":{"0":0,"1":0},"f":{"0":0},"b":{}}
,"/Users/samsepiol/Downloads/GithubRepos/Work/Noctis/noctis/app/dreams/[id].tsx": {"path":"/Users/samsepiol/Downloads/GithubRepos/Work/Noctis/noctis/app/dreams/[id].tsx","statementMap":{"0":{"start":{"line":30,"column":72},"end":{"line":37,"column":1}},"1":{"start":{"line":39,"column":68},"end":{"line":48,"column":1}},"2":{"start":{"line":50,"column":77},"end":{"line":55,"column":1}},"3":{"start":{"line":58,"column":17},"end":{"line":58,"column":28}},"4":{"start":{"line":59,"column":23},"end":{"line":59,"column":76}},"5":{"start":{"line":60,"column":53},"end":{"line":60,"column":64}},"6":{"start":{"line":61,"column":21},"end":{"line":61,"column":31}},"7":{"start":{"line":63,"column":36},"end":{"line":63,"column":51}},"8":{"start":{"line":64,"column":28},"end":{"line":64,"column":56}},"9":{"start":{"line":66,"column":23},"end":{"line":77,"column":3}},"10":{"start":{"line":68,"column":4},"end":{"line":76,"column":5}},"11":{"start":{"line":69,"column":6},"end":{"line":69,"column":36}},"12":{"start":{"line":70,"column":11},"end":{"line":76,"column":5}},"13":{"start":{"line":71,"column":6},"end":{"line":71,"column":36}},"14":{"start":{"line":72,"column":11},"end":{"line":76,"column":5}},"15":{"start":{"line":73,"column":6},"end":{"line":73,"column":20}},"16":{"start":{"line":75,"column":6},"end":{"line":75,"column":39}},"17":{"start":{"line":80,"column":36},"end":{"line":80,"column":67}},"18":{"start":{"line":81,"column":40},"end":{"line":81,"column":52}},"19":{"start":{"line":82,"column":58},"end":{"line":82,"column":90}},"20":{"start":{"line":83,"column":56},"end":{"line":83,"column":88}},"21":{"start":{"line":84,"column":38},"end":{"line":84,"column":50}},"22":{"start":{"line":85,"column":34},"end":{"line":85,"column":46}},"23":{"start":{"line":86,"column":54},"end":{"line":86,"column":85}},"24":{"start":{"line":87,"column":32},"end":{"line":87,"column":57}},"25":{"start":{"line":88,"column":26},"end":{"line":88,"column":38}},"26":{"start":{"line":89,"column":42},"end":{"line":89,"column":67}},"27":{"start":{"line":90,"column":48},"end":{"line":90,"column":60}},"28":{"start":{"line":91,"column":40},"end":{"line":91,"column":72}},"29":{"start":{"line":93,"column":2},"end":{"line":104,"column":11}},"30":{"start":{"line":94,"column":4},"end":{"line":103,"column":5}},"31":{"start":{"line":95,"column":25},"end":{"line":95,"column":41}},"32":{"start":{"line":96,"column":6},"end":{"line":102,"column":7}},"33":{"start":{"line":97,"column":8},"end":{"line":97,"column":29}},"34":{"start":{"line":98,"column":8},"end":{"line":98,"column":37}},"35":{"start":{"line":100,"column":8},"end":{"line":100,"column":48}},"36":{"start":{"line":101,"column":8},"end":{"line":101,"column":23}},"37":{"start":{"line":106,"column":27},"end":{"line":119,"column":3}},"38":{"start":{"line":107,"column":4},"end":{"line":107,"column":33}},"39":{"start":{"line":108,"column":4},"end":{"line":108,"column":42}},"40":{"start":{"line":109,"column":4},"end":{"line":109,"column":60}},"41":{"start":{"line":110,"column":4},"end":{"line":110,"column":58}},"42":{"start":{"line":111,"column":4},"end":{"line":111,"column":51}},"43":{"start":{"line":112,"column":4},"end":{"line":112,"column":36}},"44":{"start":{"line":113,"column":4},"end":{"line":113,"column":56}},"45":{"start":{"line":114,"column":4},"end":{"line":114,"column":34}},"46":{"start":{"line":115,"column":4},"end":{"line":115,"column":39}},"47":{"start":{"line":116,"column":4},"end":{"line":116,"column":44}},"48":{"start":{"line":117,"column":4},"end":{"line":117,"column":50}},"49":{"start":{"line":118,"column":4},"end":{"line":118,"column":42}},"50":{"start":{"line":121,"column":21},"end":{"line":162,"column":3}},"51":{"start":{"line":122,"column":4},"end":{"line":125,"column":5}},"52":{"start":{"line":123,"column":6},"end":{"line":123,"column":80}},"53":{"start":{"line":124,"column":6},"end":{"line":124,"column":13}},"54":{"start":{"line":127,"column":4},"end":{"line":161,"column":5}},"55":{"start":{"line":128,"column":29},"end":{"line":131,"column":36}},"56":{"start":{"line":130,"column":20},"end":{"line":130,"column":28}},"57":{"start":{"line":131,"column":23},"end":{"line":131,"column":35}},"58":{"start":{"line":133,"column":23},"end":{"line":136,"column":36}},"59":{"start":{"line":135,"column":20},"end":{"line":135,"column":28}},"60":{"start":{"line":136,"column":23},"end":{"line":136,"column":35}},"61":{"start":{"line":138,"column":6},"end":{"line":151,"column":9}},"62":{"start":{"line":153,"column":6},"end":{"line":153,"column":26}},"63":{"start":{"line":154,"column":27},"end":{"line":154,"column":49}},"64":{"start":{"line":155,"column":6},"end":{"line":157,"column":7}},"65":{"start":{"line":156,"column":8},"end":{"line":156,"column":31}},"66":{"start":{"line":159,"column":6},"end":{"line":159,"column":72}},"67":{"start":{"line":160,"column":6},"end":{"line":160,"column":52}},"68":{"start":{"line":164,"column":23},"end":{"line":182,"column":3}},"69":{"start":{"line":165,"column":4},"end":{"line":181,"column":6}},"70":{"start":{"line":174,"column":12},"end":{"line":177,"column":13}},"71":{"start":{"line":175,"column":14},"end":{"line":175,"column":42}},"72":{"start":{"line":176,"column":14},"end":{"line":176,"column":29}},"73":{"start":{"line":184,"column":23},"end":{"line":189,"column":3}},"74":{"start":{"line":185,"column":4},"end":{"line":187,"column":5}},"75":{"start":{"line":186,"column":6},"end":{"line":186,"column":30}},"76":{"start":{"line":188,"column":4},"end":{"line":188,"column":24}},"77":{"start":{"line":191,"column":2},"end":{"line":199,"column":3}},"78":{"start":{"line":192,"column":4},"end":{"line":198,"column":6}},"79":{"start":{"line":201,"column":2},"end":{"line":299,"column":4}},"80":{"start":{"line":235,"column":42},"end":{"line":235,"column":60}},"81":{"start":{"line":304,"column":24},"end":{"line":304,"column":70}},"82":{"start":{"line":304,"column":47},"end":{"line":304,"column":69}},"83":{"start":{"line":305,"column":19},"end":{"line":305,"column":74}},"84":{"start":{"line":305,"column":44},"end":{"line":305,"column":73}},"85":{"start":{"line":307,"column":2},"end":{"line":423,"column":4}},"86":{"start":{"line":358,"column":14},"end":{"line":362,"column":21}},"87":{"start":{"line":404,"column":14},"end":{"line":408,"column":21}},"88":{"start":{"line":427,"column":2},"end":{"line":434,"column":4}},"89":{"start":{"line":446,"column":2},"end":{"line":467,"column":4}},"90":{"start":{"line":456,"column":10},"end":{"line":460,"column":12}},"91":{"start":{"line":499,"column":2},"end":{"line":739,"column":4}},"92":{"start":{"line":508,"column":12},"end":{"line":525,"column":24}},"93":{"start":{"line":510,"column":29},"end":{"line":510,"column":59}},"94":{"start":{"line":560,"column":12},"end":{"line":576,"column":24}},"95":{"start":{"line":562,"column":29},"end":{"line":562,"column":71}},"96":{"start":{"line":588,"column":12},"end":{"line":604,"column":24}},"97":{"start":{"line":590,"column":29},"end":{"line":590,"column":70}},"98":{"start":{"line":650,"column":27},"end":{"line":650,"column":69}},"99":{"start":{"line":657,"column":27},"end":{"line":657,"column":81}},"100":{"start":{"line":664,"column":27},"end":{"line":664,"column":64}},"101":{"start":{"line":675,"column":12},"end":{"line":692,"column":24}},"102":{"start":{"line":677,"column":29},"end":{"line":677,"column":61}},"103":{"start":{"line":750,"column":2},"end":{"line":780,"column":4}},"104":{"start":{"line":757,"column":10},"end":{"line":776,"column":22}},"105":{"start":{"line":759,"column":27},"end":{"line":759,"column":43}}},"fnMap":{"0":{"name":"DreamDetailScreen","decl":{"start":{"line":57,"column":24},"end":{"line":57,"column":41}},"loc":{"start":{"line":57,"column":44},"end":{"line":300,"column":1}},"line":57},"1":{"name":"(anonymous_1)","decl":{"start":{"line":66,"column":23},"end":{"line":66,"column":24}},"loc":{"start":{"line":66,"column":29},"end":{"line":77,"column":3}},"line":66},"2":{"name":"(anonymous_2)","decl":{"start":{"line":93,"column":12},"end":{"line":93,"column":13}},"loc":{"start":{"line":93,"column":18},"end":{"line":104,"column":3}},"line":93},"3":{"name":"(anonymous_3)","decl":{"start":{"line":106,"column":27},"end":{"line":106,"column":28}},"loc":{"start":{"line":106,"column":49},"end":{"line":119,"column":3}},"line":106},"4":{"name":"(anonymous_4)","decl":{"start":{"line":121,"column":21},"end":{"line":121,"column":22}},"loc":{"start":{"line":121,"column":33},"end":{"line":162,"column":3}},"line":121},"5":{"name":"(anonymous_5)","decl":{"start":{"line":130,"column":13},"end":{"line":130,"column":14}},"loc":{"start":{"line":130,"column":20},"end":{"line":130,"column":28}},"line":130},"6":{"name":"(anonymous_6)","decl":{"start":{"line":131,"column":16},"end":{"line":131,"column":17}},"loc":{"start":{"line":131,"column":23},"end":{"line":131,"column":35}},"line":131},"7":{"name":"(anonymous_7)","decl":{"start":{"line":135,"column":13},"end":{"line":135,"column":14}},"loc":{"start":{"line":135,"column":20},"end":{"line":135,"column":28}},"line":135},"8":{"name":"(anonymous_8)","decl":{"start":{"line":136,"column":16},"end":{"line":136,"column":17}},"loc":{"start":{"line":136,"column":23},"end":{"line":136,"column":35}},"line":136},"9":{"name":"(anonymous_9)","decl":{"start":{"line":164,"column":23},"end":{"line":164,"column":24}},"loc":{"start":{"line":164,"column":29},"end":{"line":182,"column":3}},"line":164},"10":{"name":"(anonymous_10)","decl":{"start":{"line":173,"column":19},"end":{"line":173,"column":20}},"loc":{"start":{"line":173,"column":31},"end":{"line":178,"column":11}},"line":173},"11":{"name":"(anonymous_11)","decl":{"start":{"line":184,"column":23},"end":{"line":184,"column":24}},"loc":{"start":{"line":184,"column":29},"end":{"line":189,"column":3}},"line":184},"12":{"name":"(anonymous_12)","decl":{"start":{"line":235,"column":36},"end":{"line":235,"column":37}},"loc":{"start":{"line":235,"column":42},"end":{"line":235,"column":60}},"line":235},"13":{"name":"ReadOnlyView","decl":{"start":{"line":303,"column":9},"end":{"line":303,"column":21}},"loc":{"start":{"line":303,"column":51},"end":{"line":424,"column":1}},"line":303},"14":{"name":"(anonymous_14)","decl":{"start":{"line":304,"column":40},"end":{"line":304,"column":41}},"loc":{"start":{"line":304,"column":47},"end":{"line":304,"column":69}},"line":304},"15":{"name":"(anonymous_15)","decl":{"start":{"line":305,"column":37},"end":{"line":305,"column":38}},"loc":{"start":{"line":305,"column":44},"end":{"line":305,"column":73}},"line":305},"16":{"name":"(anonymous_16)","decl":{"start":{"line":357,"column":34},"end":{"line":357,"column":35}},"loc":{"start":{"line":358,"column":14},"end":{"line":362,"column":21}},"line":358},"17":{"name":"(anonymous_17)","decl":{"start":{"line":403,"column":28},"end":{"line":403,"column":29}},"loc":{"start":{"line":404,"column":14},"end":{"line":408,"column":21}},"line":404},"18":{"name":"InfoSection","decl":{"start":{"line":426,"column":9},"end":{"line":426,"column":20}},"loc":{"start":{"line":426,"column":88},"end":{"line":435,"column":1}},"line":426},"19":{"name":"RatingDisplay","decl":{"start":{"line":437,"column":9},"end":{"line":437,"column":22}},"loc":{"start":{"line":445,"column":3},"end":{"line":468,"column":1}},"line":445},"20":{"name":"(anonymous_20)","decl":{"start":{"line":455,"column":29},"end":{"line":455,"column":30}},"loc":{"start":{"line":456,"column":10},"end":{"line":460,"column":12}},"line":456},"21":{"name":"EditFields","decl":{"start":{"line":498,"column":9},"end":{"line":498,"column":19}},"loc":{"start":{"line":498,"column":44},"end":{"line":740,"column":1}},"line":498},"22":{"name":"(anonymous_22)","decl":{"start":{"line":507,"column":26},"end":{"line":507,"column":27}},"loc":{"start":{"line":508,"column":12},"end":{"line":525,"column":24}},"line":508},"23":{"name":"(anonymous_23)","decl":{"start":{"line":510,"column":23},"end":{"line":510,"column":24}},"loc":{"start":{"line":510,"column":29},"end":{"line":510,"column":59}},"line":510},"24":{"name":"(anonymous_24)","decl":{"start":{"line":559,"column":31},"end":{"line":559,"column":32}},"loc":{"start":{"line":560,"column":12},"end":{"line":576,"column":24}},"line":560},"25":{"name":"(anonymous_25)","decl":{"start":{"line":562,"column":23},"end":{"line":562,"column":24}},"loc":{"start":{"line":562,"column":29},"end":{"line":562,"column":71}},"line":562},"26":{"name":"(anonymous_26)","decl":{"start":{"line":587,"column":31},"end":{"line":587,"column":32}},"loc":{"start":{"line":588,"column":12},"end":{"line":604,"column":24}},"line":588},"27":{"name":"(anonymous_27)","decl":{"start":{"line":590,"column":23},"end":{"line":590,"column":24}},"loc":{"start":{"line":590,"column":29},"end":{"line":590,"column":70}},"line":590},"28":{"name":"(anonymous_28)","decl":{"start":{"line":650,"column":18},"end":{"line":650,"column":19}},"loc":{"start":{"line":650,"column":27},"end":{"line":650,"column":69}},"line":650},"29":{"name":"(anonymous_29)","decl":{"start":{"line":657,"column":18},"end":{"line":657,"column":19}},"loc":{"start":{"line":657,"column":27},"end":{"line":657,"column":81}},"line":657},"30":{"name":"(anonymous_30)","decl":{"start":{"line":664,"column":18},"end":{"line":664,"column":19}},"loc":{"start":{"line":664,"column":27},"end":{"line":664,"column":64}},"line":664},"31":{"name":"(anonymous_31)","decl":{"start":{"line":674,"column":28},"end":{"line":674,"column":29}},"loc":{"start":{"line":675,"column":12},"end":{"line":692,"column":24}},"line":675},"32":{"name":"(anonymous_32)","decl":{"start":{"line":677,"column":23},"end":{"line":677,"column":24}},"loc":{"start":{"line":677,"column":29},"end":{"line":677,"column":61}},"line":677},"33":{"name":"RatingField","decl":{"start":{"line":749,"column":9},"end":{"line":749,"column":20}},"loc":{"start":{"line":749,"column":73},"end":{"line":781,"column":1}},"line":749},"34":{"name":"(anonymous_34)","decl":{"start":{"line":756,"column":29},"end":{"line":756,"column":30}},"loc":{"start":{"line":757,"column":10},"end":{"line":776,"column":22}},"line":757},"35":{"name":"(anonymous_35)","decl":{"start":{"line":759,"column":21},"end":{"line":759,"column":22}},"loc":{"start":{"line":759,"column":27},"end":{"line":759,"column":43}},"line":759}},"branchMap":{"0":{"loc":{"start":{"line":68,"column":4},"end":{"line":76,"column":5}},"type":"if","locations":[{"start":{"line":68,"column":4},"end":{"line":76,"column":5}},{"start":{"line":70,"column":11},"end":{"line":76,"column":5}}],"line":68},"1":{"loc":{"start":{"line":70,"column":11},"end":{"line":76,"column":5}},"type":"if","locations":[{"start":{"line":70,"column":11},"end":{"line":76,"column":5}},{"start":{"line":72,"column":11},"end":{"line":76,"column":5}}],"line":70},"2":{"loc":{"start":{"line":72,"column":11},"end":{"line":76,"column":5}},"type":"if","locations":[{"start":{"line":72,"column":11},"end":{"line":76,"column":5}},{"start":{"line":74,"column":11},"end":{"line":76,"column":5}}],"line":72},"3":{"loc":{"start":{"line":94,"column":4},"end":{"line":103,"column":5}},"type":"if","locations":[{"start":{"line":94,"column":4},"end":{"line":103,"column":5}},{"start":{},"end":{}}],"line":94},"4":{"loc":{"start":{"line":96,"column":6},"end":{"line":102,"column":7}},"type":"if","locations":[{"start":{"line":96,"column":6},"end":{"line":102,"column":7}},{"start":{"line":99,"column":13},"end":{"line":102,"column":7}}],"line":96},"5":{"loc":{"start":{"line":122,"column":4},"end":{"line":125,"column":5}},"type":"if","locations":[{"start":{"line":122,"column":4},"end":{"line":125,"column":5}},{"start":{},"end":{}}],"line":122},"6":{"loc":{"start":{"line":122,"column":8},"end":{"line":122,"column":37}},"type":"binary-expr","locations":[{"start":{"line":122,"column":8},"end":{"line":122,"column":27}},{"start":{"line":122,"column":31},"end":{"line":122,"column":37}}],"line":122},"7":{"loc":{"start":{"line":155,"column":6},"end":{"line":157,"column":7}},"type":"if","locations":[{"start":{"line":155,"column":6},"end":{"line":157,"column":7}},{"start":{},"end":{}}],"line":155},"8":{"loc":{"start":{"line":174,"column":12},"end":{"line":177,"column":13}},"type":"if","locations":[{"start":{"line":174,"column":12},"end":{"line":177,"column":13}},{"start":{},"end":{}}],"line":174},"9":{"loc":{"start":{"line":185,"column":4},"end":{"line":187,"column":5}},"type":"if","locations":[{"start":{"line":185,"column":4},"end":{"line":187,"column":5}},{"start":{},"end":{}}],"line":185},"10":{"loc":{"start":{"line":191,"column":2},"end":{"line":199,"column":3}},"type":"if","locations":[{"start":{"line":191,"column":2},"end":{"line":199,"column":3}},{"start":{},"end":{}}],"line":191},"11":{"loc":{"start":{"line":205,"column":18},"end":{"line":205,"column":62}},"type":"cond-expr","locations":[{"start":{"line":205,"column":42},"end":{"line":205,"column":51}},{"start":{"line":205,"column":54},"end":{"line":205,"column":62}}],"line":205},"12":{"loc":{"start":{"line":214,"column":13},"end":{"line":214,"column":55}},"type":"cond-expr","locations":[{"start":{"line":214,"column":25},"end":{"line":214,"column":37}},{"start":{"line":214,"column":40},"end":{"line":214,"column":55}}],"line":214},"13":{"loc":{"start":{"line":217,"column":13},"end":{"line":239,"column":13}},"type":"cond-expr","locations":[{"start":{"line":218,"column":14},"end":{"line":229,"column":17}},{"start":{"line":231,"column":14},"end":{"line":238,"column":17}}],"line":217},"14":{"loc":{"start":{"line":247,"column":13},"end":{"line":256,"column":13}},"type":"binary-expr","locations":[{"start":{"line":247,"column":13},"end":{"line":247,"column":23}},{"start":{"line":248,"column":14},"end":{"line":255,"column":21}}],"line":247},"15":{"loc":{"start":{"line":258,"column":13},"end":{"line":293,"column":13}},"type":"cond-expr","locations":[{"start":{"line":259,"column":14},"end":{"line":287,"column":17}},{"start":{"line":289,"column":14},"end":{"line":292,"column":17}}],"line":258},"16":{"loc":{"start":{"line":354,"column":7},"end":{"line":366,"column":7}},"type":"binary-expr","locations":[{"start":{"line":354,"column":7},"end":{"line":354,"column":34}},{"start":{"line":355,"column":8},"end":{"line":365,"column":22}}],"line":354},"17":{"loc":{"start":{"line":369,"column":7},"end":{"line":378,"column":7}},"type":"binary-expr","locations":[{"start":{"line":369,"column":7},"end":{"line":369,"column":21}},{"start":{"line":370,"column":8},"end":{"line":377,"column":22}}],"line":369},"18":{"loc":{"start":{"line":400,"column":7},"end":{"line":412,"column":7}},"type":"binary-expr","locations":[{"start":{"line":400,"column":7},"end":{"line":400,"column":28}},{"start":{"line":401,"column":8},"end":{"line":411,"column":22}}],"line":400},"19":{"loc":{"start":{"line":415,"column":7},"end":{"line":421,"column":7}},"type":"binary-expr","locations":[{"start":{"line":415,"column":7},"end":{"line":415,"column":28}},{"start":{"line":416,"column":8},"end":{"line":420,"column":22}}],"line":415},"20":{"loc":{"start":{"line":459,"column":38},"end":{"line":459,"column":77}},"type":"cond-expr","locations":[{"start":{"line":459,"column":56},"end":{"line":459,"column":65}},{"start":{"line":459,"column":68},"end":{"line":459,"column":77}}],"line":459},"21":{"loc":{"start":{"line":513,"column":33},"end":{"line":513,"column":87}},"type":"cond-expr","locations":[{"start":{"line":513,"column":66},"end":{"line":513,"column":75}},{"start":{"line":513,"column":78},"end":{"line":513,"column":87}}],"line":513},"22":{"loc":{"start":{"line":515,"column":29},"end":{"line":515,"column":83}},"type":"cond-expr","locations":[{"start":{"line":515,"column":62},"end":{"line":515,"column":71}},{"start":{"line":515,"column":74},"end":{"line":515,"column":83}}],"line":515},"23":{"loc":{"start":{"line":521,"column":32},"end":{"line":521,"column":86}},"type":"cond-expr","locations":[{"start":{"line":521,"column":65},"end":{"line":521,"column":74}},{"start":{"line":521,"column":77},"end":{"line":521,"column":86}}],"line":521},"24":{"loc":{"start":{"line":565,"column":33},"end":{"line":565,"column":99}},"type":"cond-expr","locations":[{"start":{"line":565,"column":78},"end":{"line":565,"column":87}},{"start":{"line":565,"column":90},"end":{"line":565,"column":99}}],"line":565},"25":{"loc":{"start":{"line":567,"column":29},"end":{"line":567,"column":95}},"type":"cond-expr","locations":[{"start":{"line":567,"column":74},"end":{"line":567,"column":83}},{"start":{"line":567,"column":86},"end":{"line":567,"column":95}}],"line":567},"26":{"loc":{"start":{"line":572,"column":32},"end":{"line":572,"column":98}},"type":"cond-expr","locations":[{"start":{"line":572,"column":77},"end":{"line":572,"column":86}},{"start":{"line":572,"column":89},"end":{"line":572,"column":98}}],"line":572},"27":{"loc":{"start":{"line":593,"column":33},"end":{"line":593,"column":98}},"type":"cond-expr","locations":[{"start":{"line":593,"column":77},"end":{"line":593,"column":86}},{"start":{"line":593,"column":89},"end":{"line":593,"column":98}}],"line":593},"28":{"loc":{"start":{"line":595,"column":29},"end":{"line":595,"column":94}},"type":"cond-expr","locations":[{"start":{"line":595,"column":73},"end":{"line":595,"column":82}},{"start":{"line":595,"column":85},"end":{"line":595,"column":94}}],"line":595},"29":{"loc":{"start":{"line":600,"column":32},"end":{"line":600,"column":97}},"type":"cond-expr","locations":[{"start":{"line":600,"column":76},"end":{"line":600,"column":85}},{"start":{"line":600,"column":88},"end":{"line":600,"column":97}}],"line":600},"30":{"loc":{"start":{"line":680,"column":33},"end":{"line":680,"column":89}},"type":"cond-expr","locations":[{"start":{"line":680,"column":68},"end":{"line":680,"column":77}},{"start":{"line":680,"column":80},"end":{"line":680,"column":89}}],"line":680},"31":{"loc":{"start":{"line":682,"column":29},"end":{"line":682,"column":85}},"type":"cond-expr","locations":[{"start":{"line":682,"column":64},"end":{"line":682,"column":73}},{"start":{"line":682,"column":76},"end":{"line":682,"column":85}}],"line":682},"32":{"loc":{"start":{"line":688,"column":32},"end":{"line":688,"column":88}},"type":"cond-expr","locations":[{"start":{"line":688,"column":67},"end":{"line":688,"column":76}},{"start":{"line":688,"column":79},"end":{"line":688,"column":88}}],"line":688},"33":{"loc":{"start":{"line":764,"column":31},"end":{"line":764,"column":70}},"type":"cond-expr","locations":[{"start":{"line":764,"column":49},"end":{"line":764,"column":58}},{"start":{"line":764,"column":61},"end":{"line":764,"column":70}}],"line":764},"34":{"loc":{"start":{"line":766,"column":27},"end":{"line":766,"column":66}},"type":"cond-expr","locations":[{"start":{"line":766,"column":45},"end":{"line":766,"column":54}},{"start":{"line":766,"column":57},"end":{"line
[...]
,"column":43}},"90":{"start":{"line":278,"column":31},"end":{"line":278,"column":43}},"91":{"start":{"line":279,"column":2},"end":{"line":279,"column":14}}},"fnMap":{"0":{"name":"(anonymous_0)","decl":{"start":{"line":8,"column":21},"end":{"line":8,"column":22}},"loc":{"start":{"line":8,"column":47},"end":{"line":11,"column":1}},"line":8},"1":{"name":"(anonymous_1)","decl":{"start":{"line":16,"column":20},"end":{"line":16,"column":21}},"loc":{"start":{"line":16,"column":49},"end":{"line":19,"column":1}},"line":16},"2":{"name":"(anonymous_2)","decl":{"start":{"line":24,"column":25},"end":{"line":24,"column":26}},"loc":{"start":{"line":24,"column":75},"end":{"line":98,"column":1}},"line":24},"3":{"name":"(anonymous_3)","decl":{"start":{"line":103,"column":23},"end":{"line":103,"column":24}},"loc":{"start":{"line":106,"column":8},"end":{"line":118,"column":1}},"line":106},"4":{"name":"(anonymous_4)","decl":{"start":{"line":107,"column":52},"end":{"line":107,"column":53}},"loc":{"start":{"line":107,"column":77},"end":{"line":107,"column":101}},"line":107},"5":{"name":"(anonymous_5)","decl":{"start":{"line":123,"column":31},"end":{"line":123,"column":32}},"loc":{"start":{"line":128,"column":13},"end":{"line":169,"column":1}},"line":128},"6":{"name":"(anonymous_6)","decl":{"start":{"line":174,"column":29},"end":{"line":174,"column":30}},"loc":{"start":{"line":177,"column":13},"end":{"line":190,"column":1}},"line":177},"7":{"name":"(anonymous_7)","decl":{"start":{"line":195,"column":37},"end":{"line":195,"column":38}},"loc":{"start":{"line":195,"column":86},"end":{"line":251,"column":1}},"line":195},"8":{"name":"(anonymous_8)","decl":{"start":{"line":256,"column":33},"end":{"line":256,"column":34}},"loc":{"start":{"line":256,"column":67},"end":{"line":266,"column":1}},"line":256},"9":{"name":"(anonymous_9)","decl":{"start":{"line":271,"column":33},"end":{"line":271,"column":34}},"loc":{"start":{"line":271,"column":69},"end":{"line":280,"column":1}},"line":271}},"branchMap":{"0":{"loc":{"start":{"line":33,"column":2},"end":{"line":89,"column":3}},"type":"if","locations":[{"start":{"line":33,"column":2},"end":{"line":89,"column":3}},{"start":{"line":47,"column":9},"end":{"line":89,"column":3}}],"line":33},"1":{"loc":{"start":{"line":33,"column":6},"end":{"line":33,"column":54}},"type":"binary-expr","locations":[{"start":{"line":33,"column":6},"end":{"line":33,"column":28}},{"start":{"line":33,"column":32},"end":{"line":33,"column":54}}],"line":33},"2":{"loc":{"start":{"line":47,"column":9},"end":{"line":89,"column":3}},"type":"if","locations":[{"start":{"line":47,"column":9},"end":{"line":89,"column":3}},{"start":{"line":61,"column":9},"end":{"line":89,"column":3}}],"line":47},"3":{"loc":{"start":{"line":47,"column":13},"end":{"line":47,"column":62}},"type":"binary-expr","locations":[{"start":{"line":47,"column":13},"end":{"line":47,"column":36}},{"start":{"line":47,"column":40},"end":{"line":47,"column":62}}],"line":47},"4":{"loc":{"start":{"line":61,"column":9},"end":{"line":89,"column":3}},"type":"if","locations":[{"start":{"line":61,"column":9},"end":{"line":89,"column":3}},{"start":{"line":75,"column":9},"end":{"line":89,"column":3}}],"line":61},"5":{"loc":{"start":{"line":61,"column":13},"end":{"line":61,"column":62}},"type":"binary-expr","locations":[{"start":{"line":61,"column":13},"end":{"line":61,"column":36}},{"start":{"line":61,"column":40},"end":{"line":61,"column":62}}],"line":61},"6":{"loc":{"start":{"line":112,"column":4},"end":{"line":114,"column":5}},"type":"if","locations":[{"start":{"line":112,"column":4},"end":{"line":114,"column":5}},{"start":{},"end":{}}],"line":112},"7":{"loc":{"start":{"line":272,"column":2},"end":{"line":272,"column":71}},"type":"if","locations":[{"start":{"line":272,"column":2},"end":{"line":272,"column":71}},{"start":{},"end":{}}],"line":272},"8":{"loc":{"start":{"line":272,"column":6},"end":{"line":272,"column":57}},"type":"binary-expr","locations":[{"start":{"line":272,"column":6},"end":{"line":272,"column":29}},{"start":{"line":272,"column":33},"end":{"line":272,"column":57}}],"line":272},"9":{"loc":{"start":{"line":273,"column":2},"end":{"line":273,"column":43}},"type":"if","locations":[{"start":{"line":273,"column":2},"end":{"line":273,"column":43}},{"start":{},"end":{}}],"line":273},"10":{"loc":{"start":{"line":274,"column":2},"end":{"line":274,"column":43}},"type":"if","locations":[{"start":{"line":274,"column":2},"end":{"line":274,"column":43}},{"start":{},"end":{}}],"line":274},"11":{"loc":{"start":{"line":275,"column":2},"end":{"line":275,"column":43}},"type":"if","locations":[{"start":{"line":275,"column":2},"end":{"line":275,"column":43}},{"start":{},"end":{}}],"line":275},"12":{"loc":{"start":{"line":276,"column":2},"end":{"line":276,"column":43}},"type":"if","locations":[{"start":{"line":276,"column":2},"end":{"line":276,"column":43}},{"start":{},"end":{}}],"line":276},"13":{"loc":{"start":{"line":277,"column":2},"end":{"line":277,"column":43}},"type":"if","locations":[{"start":{"line":277,"column":2},"end":{"line":277,"column":43}},{"start":{},"end":{}}],"line":277},"14":{"loc":{"start":{"line":278,"column":2},"end":{"line":278,"column":43}},"type":"if","locations":[{"start":{"line":278,"column":2},"end":{"line":278,"column":43}},{"start":{},"end":{}}],"line":278}},"s":{"0":0,"1":0,"2":0,"3":0,"4":0,"5":0,"6":0,"7":0,"8":0,"9":0,"10":0,"11":0,"12":0,"13":0,"14":0,"15":0,"16":0,"17":0,"18":0,"19":0,"20":0,"21":0,"22":0,"23":0,"24":0,"25":0,"26":0,"27":0,"28":0,"29":0,"30":0,"31":0,"32":0,"33":0,"34":0,"35":0,"36":0,"37":0,"38":0,"39":0,"40":0,"41":0,"42":0,"43":0,"44":0,"45":0,"46":0,"47":0,"48":0,"49":0,"50":0,"51":0,"52":0,"53":0,"54":0,"55":0,"56":0,"57":0,"58":0,"59":0,"60":0,"61":0,"62":0,"63":0,"64":0,"65":0,"66":0,"67":0,"68":0,"69":0,"70":0,"71":0,"72":0,"73":0,"74":0,"75":0,"76":0,"77":0,"78":0,"79":0,"80":0,"81":0,"82":0,"83":0,"84":0,"85":0,"86":0,"87":0,"88":0,"89":0,"90":0,"91":0},"f":{"0":0,"1":0,"2":0,"3":0,"4":0,"5":0,"6":0,"7":0,"8":0,"9":0},"b":{"0":[0,0],"1":[0,0],"2":[0,0],"3":[0,0],"4":[0,0],"5":[0,0],"6":[0,0],"7":[0,0],"8":[0,0],"9":[0,0],"10":[0,0],"11":[0,0],"12":[0,0],"13":[0,0],"14":[0,0]}}
,"/Users/samsepiol/Downloads/GithubRepos/Work/Noctis/noctis/utils/imagePicker.ts": {"path":"/Users/samsepiol/Downloads/GithubRepos/Work/Noctis/noctis/utils/imagePicker.ts","statementMap":{"0":{"start":{"line":8,"column":2},"end":{"line":44,"column":3}},"1":{"start":{"line":10,"column":24},"end":{"line":10,"column":57}},"2":{"start":{"line":13,"column":4},"end":{"line":22,"column":5}},"3":{"start":{"line":14,"column":25},"end":{"line":14,"column":80}},"4":{"start":{"line":15,"column":6},"end":{"line":21,"column":7}},"5":{"start":{"line":16,"column":8},"end":{"line":19,"column":10}},"6":{"start":{"line":20,"column":8},"end":{"line":20,"column":20}},"7":{"start":{"line":25,"column":19},"end":{"line":30,"column":6}},"8":{"start":{"line":32,"column":4},"end":{"line":34,"column":5}},"9":{"start":{"line":33,"column":6},"end":{"line":33,"column":34}},"10":{"start":{"line":36,"column":4},"end":{"line":36,"column":16}},"11":{"start":{"line":38,"column":4},"end":{"line":38,"column":48}},"12":{"start":{"line":39,"column":4},"end":{"line":42,"column":6}},"13":{"start":{"line":43,"column":4},"end":{"line":43,"column":16}}},"fnMap":{"0":{"name":"pickImage","decl":{"start":{"line":7,"column":22},"end":{"line":7,"column":31}},"loc":{"start":{"line":7,"column":58},"end":{"line":45,"column":1}},"line":7}},"branchMap":{"0":{"loc":{"start":{"line":13,"column":4},"end":{"line":22,"column":5}},"type":"if","locations":[{"start":{"line":13,"column":4},"end":{"line":22,"column":5}},{"start":{},"end":{}}],"line":13},"1":{"loc":{"start":{"line":15,"column":6},"end":{"line":21,"column":7}},"type":"if","locations":[{"start":{"line":15,"column":6},"end":{"line":21,"column":7}},{"start":{},"end":{}}],"line":15},"2":{"loc":{"start":{"line":32,"column":4},"end":{"line":34,"column":5}},"type":"if","locations":[{"start":{"line":32,"column":4},"end":{"line":34,"column":5}},{"start":{},"end":{}}],"line":32},"3":{"loc":{"start":{"line":32,"column":8},"end":{"line":32,"column":69}},"type":"binary-expr","locations":[{"start":{"line":32,"column":8},"end":{"line":32,"column":24}},{"start":{"line":32,"column":28},"end":{"line":32,"column":41}},{"start":{"line":32,"column":45},"end":{"line":32,"column":69}}],"line":32}},"s":{"0":0,"1":0,"2":0,"3":0,"4":0,"5":0,"6":0,"7":0,"8":0,"9":0,"10":0,"11":0,"12":0,"13":0},"f":{"0":0},"b":{"0":[0,0],"1":[0,0],"2":[0,0],"3":[0,0,0]}}
,"/Users/samsepiol/Downloads/GithubRepos/Work/Noctis/noctis/utils/stormglassApi.ts": {"path":"/Users/samsepiol/Downloads/GithubRepos/Work/Noctis/noctis/utils/stormglassApi.ts","statementMap":{"0":{"start":{"line":4,"column":27},"end":{"line":4,"column":73}},"1":{"start":{"line":5,"column":21},"end":{"line":5,"column":28}},"2":{"start":{"line":6,"column":21},"end":{"line":6,"column":28}},"3":{"start":{"line":9,"column":21},"end":{"line":13,"column":1}},"4":{"start":{"line":15,"column":27},"end":{"line":15,"column":29}},"5":{"start":{"line":20,"column":23},"end":{"line":23,"column":1}},"6":{"start":{"line":21,"column":14},"end":{"line":21,"column":24}},"7":{"start":{"line":22,"column":2},"end":{"line":22,"column":41}},"8":{"start":{"line":28,"column":27},"end":{"line":36,"column":1}},"9":{"start":{"line":29,"column":26},"end":{"line":29,"column":84}},"10":{"start":{"line":30,"column":22},"end":{"line":30,"column":38}},"11":{"start":{"line":32,"column":2},"end":{"line":35,"column":3}},"12":{"start":{"line":33,"column":4},"end":{"line":33,"column":70}},"13":{"start":{"line":34,"column":4},"end":{"line":34,"column":76}},"14":{"start":{"line":41,"column":36},"end":{"line":45,"column":1}},"15":{"start":{"line":42,"column":2},"end":{"line":42,"column":29}},"16":{"start":{"line":43,"column":16},"end":{"line":43,"column":76}},"17":{"start":{"line":44,"column":2},"end":{"line":44,"column":41}},"18":{"start":{"line":50,"column":30},"end":{"line":53,"column":1}},"19":{"start":{"line":51,"column":16},"end":{"line":51,"column":44}},"20":{"start":{"line":52,"column":2},"end":{"line":52,"column":87}},"21":{"start":{"line":58,"column":30},"end":{"line":61,"column":1}},"22":{"start":{"line":59,"column":16},"end":{"line":59,"column":44}},"23":{"start":{"line":60,"column":2},"end":{"line":60,"column":36}},"24":{"start":{"line":66,"column":38},"end":{"line":83,"column":1}},"25":{"start":{"line":67,"column":2},"end":{"line":82,"column":3}},"26":{"start":{"line":68,"column":27},"end":{"line":68,"column":89}},"27":{"start":{"line":69,"column":4},"end":{"line":69,"column":37}},"28":{"start":{"line":69,"column":25},"end":{"line":69,"column":37}},"29":{"start":{"line":71,"column":60},"end":{"line":71,"column":86}},"30":{"start":{"line":72,"column":21},"end":{"line":72,"column":37}},"31":{"start":{"line":74,"column":4},"end":{"line":76,"column":5}},"32":{"start":{"line":75,"column":6},"end":{"line":75,"column":27}},"33":{"start":{"line":78,"column":4},"end":{"line":78,"column":16}},"34":{"start":{"line":80,"column":4},"end":{"line":80,"column":65}},"35":{"start":{"line":81,"column":4},"end":{"line":81,"column":16}},"36":{"start":{"line":88,"column":27},"end":{"line":116,"column":1}},"37":{"start":{"line":89,"column":2},"end":{"line":115,"column":3}},"38":{"start":{"line":90,"column":27},"end":{"line":90,"column":89}},"39":{"start":{"line":91,"column":60},"end":{"line":93,"column":10}},"40":{"start":{"line":95,"column":4},"end":{"line":99,"column":6}},"41":{"start":{"line":102,"column":18},"end":{"line":102,"column":58}},"42":{"start":{"line":103,"column":4},"end":{"line":112,"column":5}},"43":{"start":{"line":104,"column":26},"end":{"line":104,"column":44}},"44":{"start":{"line":105,"column":65},"end":{"line":105,"column":67}},"45":{"start":{"line":106,"column":6},"end":{"line":108,"column":9}},"46":{"start":{"line":107,"column":8},"end":{"line":107,"column":41}},"47":{"start":{"line":109,"column":6},"end":{"line":109,"column":100}},"48":{"start":{"line":111,"column":6},"end":{"line":111,"column":97}},"49":{"start":{"line":114,"column":4},"end":{"line":114,"column":58}},"50":{"start":{"line":122,"column":34},"end":{"line":177,"column":1}},"51":{"start":{"line":126,"column":21},"end":{"line":126,"column":45}},"52":{"start":{"line":129,"column":17},"end":{"line":129,"column":57}},"53":{"start":{"line":130,"column":2},"end":{"line":134,"column":3}},"54":{"start":{"line":132,"column":4},"end":{"line":132,"column":55}},"55":{"start":{"line":133,"column":4},"end":{"line":133,"column":18}},"56":{"start":{"line":137,"column":2},"end":{"line":140,"column":3}},"57":{"start":{"line":138,"column":4},"end":{"line":138,"column":60}},"58":{"start":{"line":139,"column":4},"end":{"line":139,"column":16}},"59":{"start":{"line":142,"column":2},"end":{"line":176,"column":3}},"60":{"start":{"line":143,"column":16},"end":{"line":143,"column":97}},"61":{"start":{"line":146,"column":4},"end":{"line":146,"column":97}},"62":{"start":{"line":148,"column":21},"end":{"line":152,"column":6}},"63":{"start":{"line":154,"column":4},"end":{"line":156,"column":5}},"64":{"start":{"line":155,"column":6},"end":{"line":155,"column":87}},"65":{"start":{"line":158,"column":40},"end":{"line":158,"column":61}},"66":{"start":{"line":160,"column":4},"end":{"line":170,"column":5}},"67":{"start":{"line":161,"column":28},"end":{"line":161,"column":44}},"68":{"start":{"line":164,"column":6},"end":{"line":164,"column":36}},"69":{"start":{"line":167,"column":6},"end":{"line":167,"column":58}},"70":{"start":{"line":169,"column":6},"end":{"line":169,"column":27}},"71":{"start":{"line":172,"column":4},"end":{"line":172,"column":16}},"72":{"start":{"line":174,"column":4},"end":{"line":174,"column":59}},"73":{"start":{"line":175,"column":4},"end":{"line":175,"column":16}},"74":{"start":{"line":182,"column":36},"end":{"line":185,"column":1}},"75":{"start":{"line":183,"column":16},"end":{"line":183,"column":44}},"76":{"start":{"line":184,"column":2},"end":{"line":184,"column":49}},"77":{"start":{"line":190,"column":29},"end":{"line":194,"column":1}},"78":{"start":{"line":191,"column":2},"end":{"line":191,"column":68}},"79":{"start":{"line":192,"column":2},"end":{"line":192,"column":66}},"80":{"start":{"line":193,"column":2},"end":{"line":193,"column":64}}},"fnMap":{"0":{"name":"(anonymous_0)","decl":{"start":{"line":20,"column":23},"end":{"line":20,"column":24}},"loc":{"start":{"line":20,"column":37},"end":{"line":23,"column":1}},"line":20},"1":{"name":"(anonymous_1)","decl":{"start":{"line":28,"column":27},"end":{"line":28,"column":28}},"loc":{"start":{"line":28,"column":54},"end":{"line":36,"column":1}},"line":28},"2":{"name":"(anonymous_2)","decl":{"start":{"line":41,"column":36},"end":{"line":41,"column":37}},"loc":{"start":{"line":41,"column":65},"end":{"line":45,"column":1}},"line":41},"3":{"name":"(anonymous_3)","decl":{"start":{"line":50,"column":30},"end":{"line":50,"column":31}},"loc":{"start":{"line":50,"column":57},"end":{"line":53,"column":1}},"line":50},"4":{"name":"(anonymous_4)","decl":{"start":{"line":58,"column":30},"end":{"line":58,"column":31}},"loc":{"start":{"line":58,"column":60},"end":{"line":61,"column":1}},"line":58},"5":{"name":"(anonymous_5)","decl":{"start":{"line":66,"column":38},"end":{"line":66,"column":39}},"loc":{"start":{"line":66,"column":93},"end":{"line":83,"column":1}},"line":66},"6":{"name":"(anonymous_6)","decl":{"start":{"line":88,"column":27},"end":{"line":88,"column":28}},"loc":{"start":{"line":88,"column":87},"end":{"line":116,"column":1}},"line":88},"7":{"name":"(anonymous_7)","decl":{"start":{"line":106,"column":26},"end":{"line":106,"column":27}},"loc":{"start":{"line":106,"column":31},"end":{"line":108,"column":7}},"line":106},"8":{"name":"(anonymous_8)","decl":{"start":{"line":122,"column":34},"end":{"line":122,"column":35}},"loc":{"start":{"line":125,"column":36},"end":{"line":177,"column":1}},"line":125},"9":{"name":"(anonymous_9)","decl":{"start":{"line":182,"column":36},"end":{"line":182,"column":37}},"loc":{"start":{"line":182,"column":65},"end":{"line":185,"column":1}},"line":182},"10":{"name":"(anonymous_10)","decl":{"start":{"line":190,"column":29},"end":{"line":190,"column":30}},"loc":{"start":{"line":190,"column":56},"end":{"line":194,"column":1}},"line":190}},"branchMap":{"0":{"loc":{"start":{"line":32,"column":2},"end":{"line":35,"column":3}},"type":"if","locations":[{"start":{"line":32,"column":2},"end":{"line":35,"column":3}},{"start":{},"end":{}}],"line":32},"1":{"loc":{"start":{"line":44,"column":9},"end":{"line":44,"column":40}},"type":"cond-expr","locations":[{"start":{"line":44,"column":17},"end":{"line":44,"column":36}},{"start":{"line":44,"column":39},"end":{"line":44,"column":40}}],"line":44},"2":{"loc":{"start":{"line":69,"column":4},"end":{"line":69,"column":37}},"type":"if","locations":[{"start":{"line":69,"column":4},"end":{"line":69,"column":37}},{"start":{},"end":{}}],"line":69},"3":{"loc":{"start":{"line":74,"column":4},"end":{"line":76,"column":5}},"type":"if","locations":[{"start":{"line":74,"column":4},"end":{"line":76,"column":5}},{"start":{},"end":{}}],"line":74},"4":{"loc":{"start":{"line":74,"column":8},"end":{"line":74,"column":42}},"type":"binary-expr","locations":[{"start":{"line":74,"column":8},"end":{"line":74,"column":16}},{"start":{"line":74,"column":20},"end":{"line":74,"column":42}}],"line":74},"5":{"loc":{"start":{"line":91,"column":60},"end":{"line":93,"column":10}},"type":"cond-expr","locations":[{"start":{"line":92,"column":8},"end":{"line":92,"column":34}},{"start":{"line":93,"column":8},"end":{"line":93,"column":10}}],"line":91},"6":{"loc":{"start":{"line":103,"column":4},"end":{"line":112,"column":5}},"type":"if","locations":[{"start":{"line":103,"column":4},"end":{"line":112,"column":5}},{"start":{"line":110,"column":11},"end":{"line":112,"column":5}}],"line":103},"7":{"loc":{"start":{"line":126,"column":21},"end":{"line":126,"column":45}},"type":"binary-expr","locations":[{"start":{"line":126,"column":21},"end":{"line":126,"column":25}},{"start":{"line":126,"column":29},"end":{"line":126,"column":45}}],"line":126},"8":{"loc":{"start":{"line":130,"column":2},"end":{"line":134,"column":3}},"type":"if","locations":[{"start":{"line":130,"column":2},"end":{"line":134,"column":3}},{"start":{},"end":{}}],"line":130},"9":{"loc":{"start":{"line":137,"column":2},"end":{"line":140,"column":3}},"type":"if","locations":[{"start":{"line":137,"column":2},"end":{"line":140,"column":3}},{"start":{},"end":{}}],"line":137},"10":{"loc":{"start":{"line":154,"column":4},"end":{"line":156,"column":5}},"type":"if","locations":[{"start":{"line":154,"column":4},"end":{"line":156,"column":5}},{"start":{},"end":{}}],"line":154},"11":{"loc":{"start":{"line":160,"column":4},"end":{"line":170,"column":5}},"type":"if","locations":[{"start":{"line":160,"column":4},"end":{"line":170,"column":5}},{"start":{},"end":{}}],"line":160},"12":{"loc":{"start":{"line":160,"column":8},"end":{"line":160,"column":49}},"type":"binary-expr","locations":[{"start":{"line":160,"column":8},"end":{"line":160,"column":21}},{"start":{"line":160,"column":25},"end":{"line":160,"column":49}}],"line":160}},"s":{"0":0,"1":0,"2":0,"3":0,"4":0,"5":0,"6":0,"7":0,"8":0,"9":0,"10":0,"11":0,"12":0,"13":0,"14":0,"15":0,"16":0,"17":0,"18":0,"19":0,"20":0,"21":0,"22":0,"23":0,"24":0,"25":0,"26":0,"27":0,"28":0,"29":0,"30":0,"31":0,"32":0,"33":0,"34":0,"35":0,"36":0,"37":0,"38":0,"39":0,"40":0,"41":0,"42":0,"43":0,"44":0,"45":0,"46":0,"47":0,"48":0,"49":0,"50":0,"51":0,"52":0,"53":0,"54":0,"55":0,"56":0,"57":0,"58":0,"59":0,"60":0,"61":0,"62":0,"63":0,"64":0,"65":0,"66":0,"67":0,"68":0,"69":0,"70":0,"71":0,"72":0,"73":0,"74":0,"75":0,"76":0,"77":0,"78":0,"79":0,"80":0},"f":{"0":0,"1":0,"2":0,"3":0,"4":0,"5":0,"6":0,"7":0,"8":0,"9":0,"10":0},"b":{"0":[0,0],"1":[0,0],"2":[0,0],"3":[0,0],"4":[0,0],"5":[0,0],"6":[0,0],"7":[0,0],"8":[0,0],"9":[0,0],"10":[0,0],"11":[0,0],"12":[0,0]}}
}
