{"/Users/samsepiol/Downloads/GithubRepos/Work/Noctis/noctis/App.tsx": {"path":"/Users/samsepiol/Downloads/GithubRepos/Work/Noctis/noctis/App.tsx","statementMap":{},"fnMap":{},"branchMap":{},"s":{},"f":{},"b":{}}
,"/Users/samsepiol/Downloads/GithubRepos/Work/Noctis/noctis/app.config.ts": {"path":"/Users/samsepiol/Downloads/GithubRepos/Work/Noctis/noctis/app.config.ts","statementMap":{"0":{"start":{"line":5,"column":0},"end":{"line":5,"column":16}},"1":{"start":{"line":6,"column":0},"end":{"line":6,"column":54}},"2":{"start":{"line":8,"column":27},"end":{"line":50,"column":1}}},"fnMap":{},"branchMap":{},"s":{"0":0,"1":0,"2":0},"f":{},"b":{}}
,"/Users/samsepiol/Downloads/GithubRepos/Work/Noctis/noctis/expo-env.d.ts": {"path":"/Users/samsepiol/Downloads/GithubRepos/Work/Noctis/noctis/expo-env.d.ts","statementMap":{},"fnMap":{},"branchMap":{},"s":{},"f":{},"b":{}}
,"/Users/samsepiol/Downloads/GithubRepos/Work/Noctis/noctis/expo-router.d.ts": {"path":"/Users/samsepiol/Downloads/GithubRepos/Work/Noctis/noctis/expo-router.d.ts","statementMap":{},"fnMap":{},"branchMap":{},"s":{},"f":{},"b":{}}
,"/Users/samsepiol/Downloads/GithubRepos/Work/Noctis/noctis/index.ts": {"path":"/Users/samsepiol/Downloads/GithubRepos/Work/Noctis/noctis/index.ts","statementMap":{"0":{"start":{"line":9,"column":0},"end":{"line":9,"column":27}}},"fnMap":{},"branchMap":{},"s":{"0":0},"f":{},"b":{}}
,"/Users/samsepiol/Downloads/GithubRepos/Work/Noctis/noctis/nativewind-env.d.ts": {"path":"/Users/samsepiol/Downloads/GithubRepos/Work/Noctis/noctis/nativewind-env.d.ts","statementMap":{},"fnMap":{},"branchMap":{},"s":{},"f":{},"b":{}}
,"/Users/samsepiol/Downloads/GithubRepos/Work/Noctis/noctis/.expo/types/router.d.ts": {"path":"/Users/samsepiol/Downloads/GithubRepos/Work/Noctis/noctis/.expo/types/router.d.ts","statementMap":{},"fnMap":{},"branchMap":{},"s":{},"f":{},"b":{}}
,"/Users/samsepiol/Downloads/GithubRepos/Work/Noctis/noctis/app/_layout.tsx": {"path":"/Users/samsepiol/Downloads/GithubRepos/Work/Noctis/noctis/app/_layout.tsx","statementMap":{"0":{"start":{"line":11,"column":53},"end":{"line":11,"column":62}},"1":{"start":{"line":12,"column":19},"end":{"line":12,"column":32}},"2":{"start":{"line":13,"column":17},"end":{"line":13,"column":28}},"3":{"start":{"line":15,"column":2},"end":{"line":27,"column":43}},"4":{"start":{"line":16,"column":4},"end":{"line":16,"column":24}},"5":{"start":{"line":16,"column":17},"end":{"line":16,"column":24}},"6":{"start":{"line":18,"column":24},"end":{"line":18,"column":48}},"7":{"start":{"line":20,"column":4},"end":{"line":26,"column":5}},"8":{"start":{"line":22,"column":6},"end":{"line":22,"column":40}},"9":{"start":{"line":23,"column":11},"end":{"line":26,"column":5}},"10":{"start":{"line":25,"column":6},"end":{"line":25,"column":32}},"11":{"start":{"line":29,"column":2},"end":{"line":34,"column":4}},"12":{"start":{"line":38,"column":24},"end":{"line":44,"column":4}},"13":{"start":{"line":46,"column":2},"end":{"line":60,"column":20}},"14":{"start":{"line":47,"column":4},"end":{"line":59,"column":5}},"15":{"start":{"line":48,"column":6},"end":{"line":48,"column":68}},"16":{"start":{"line":49,"column":6},"end":{"line":52,"column":8}},"17":{"start":{"line":54,"column":6},"end":{"line":54,"column":78}},"18":{"start":{"line":55,"column":6},"end":{"line":58,"column":8}},"19":{"start":{"line":62,"column":2},"end":{"line":64,"column":3}},"20":{"start":{"line":63,"column":4},"end":{"line":63,"column":16}},"21":{"start":{"line":66,"column":2},"end":{"line":72,"column":4}}},"fnMap":{"0":{"name":"RootLayoutNav","decl":{"start":{"line":10,"column":9},"end":{"line":10,"column":22}},"loc":{"start":{"line":10,"column":25},"end":{"line":35,"column":1}},"line":10},"1":{"name":"(anonymous_1)","decl":{"start":{"line":15,"column":12},"end":{"line":15,"column":13}},"loc":{"start":{"line":15,"column":18},"end":{"line":27,"column":3}},"line":15},"2":{"name":"RootLayout","decl":{"start":{"line":37,"column":24},"end":{"line":37,"column":34}},"loc":{"start":{"line":37,"column":37},"end":{"line":73,"column":1}},"line":37},"3":{"name":"(anonymous_3)","decl":{"start":{"line":46,"column":12},"end":{"line":46,"column":13}},"loc":{"start":{"line":46,"column":18},"end":{"line":60,"column":3}},"line":46}},"branchMap":{"0":{"loc":{"start":{"line":16,"column":4},"end":{"line":16,"column":24}},"type":"if","locations":[{"start":{"line":16,"column":4},"end":{"line":16,"column":24}},{"start":{},"end":{}}],"line":16},"1":{"loc":{"start":{"line":20,"column":4},"end":{"line":26,"column":5}},"type":"if","locations":[{"start":{"line":20,"column":4},"end":{"line":26,"column":5}},{"start":{"line":23,"column":11},"end":{"line":26,"column":5}}],"line":20},"2":{"loc":{"start":{"line":20,"column":8},"end":{"line":20,"column":40}},"type":"binary-expr","locations":[{"start":{"line":20,"column":8},"end":{"line":20,"column":24}},{"start":{"line":20,"column":28},"end":{"line":20,"column":40}}],"line":20},"3":{"loc":{"start":{"line":23,"column":11},"end":{"line":26,"column":5}},"type":"if","locations":[{"start":{"line":23,"column":11},"end":{"line":26,"column":5}},{"start":{},"end":{}}],"line":23},"4":{"loc":{"start":{"line":23,"column":15},"end":{"line":23,"column":45}},"type":"binary-expr","locations":[{"start":{"line":23,"column":15},"end":{"line":23,"column":30}},{"start":{"line":23,"column":34},"end":{"line":23,"column":45}}],"line":23},"5":{"loc":{"start":{"line":32,"column":7},"end":{"line":32,"column":41}},"type":"binary-expr","locations":[{"start":{"line":32,"column":7},"end":{"line":32,"column":19}},{"start":{"line":32,"column":23},"end":{"line":32,"column":41}}],"line":32},"6":{"loc":{"start":{"line":47,"column":4},"end":{"line":59,"column":5}},"type":"if","locations":[{"start":{"line":47,"column":4},"end":{"line":59,"column":5}},{"start":{},"end":{}}],"line":47},"7":{"loc":{"start":{"line":48,"column":35},"end":{"line":48,"column":67}},"type":"binary-expr","locations":[{"start":{"line":48,"column":35},"end":{"line":48,"column":61}},{"start":{"line":48,"column":65},"end":{"line":48,"column":67}}],"line":48},"8":{"loc":{"start":{"line":54,"column":40},"end":{"line":54,"column":77}},"type":"binary-expr","locations":[{"start":{"line":54,"column":40},"end":{"line":54,"column":71}},{"start":{"line":54,"column":75},"end":{"line":54,"column":77}}],"line":54},"9":{"loc":{"start":{"line":62,"column":2},"end":{"line":64,"column":3}},"type":"if","locations":[{"start":{"line":62,"column":2},"end":{"line":64,"column":3}},{"start":{},"end":{}}],"line":62}},"s":{"0":0,"1":0,"2":0,"3":0,"4":0,"5":0,"6":0,"7":0,"8":0,"9":0,"10":0,"11":0,"12":0,"13":0,"14":0,"15":0,"16":0,"17":0,"18":0,"19":0,"20":0,"21":0},"f":{"0":0,"1":0,"2":0,"3":0},"b":{"0":[0,0],"1":[0,0],"2":[0,0],"3":[0,0],"4":[0,0],"5":[0,0],"6":[0,0],"7":[0,0],"8":[0,0],"9":[0,0]}}
,"/Users/samsepiol/Downloads/GithubRepos/Work/Noctis/noctis/app/(auth)/_layout.tsx": {"path":"/Users/samsepiol/Downloads/GithubRepos/Work/Noctis/noctis/app/(auth)/_layout.tsx","statementMap":{"0":{"start":{"line":5,"column":2},"end":{"line":14,"column":4}}},"fnMap":{"0":{"name":"AuthLayout","decl":{"start":{"line":4,"column":24},"end":{"line":4,"column":34}},"loc":{"start":{"line":4,"column":37},"end":{"line":15,"column":1}},"line":4}},"branchMap":{},"s":{"0":0},"f":{"0":0},"b":{}}
,"/Users/samsepiol/Downloads/GithubRepos/Work/Noctis/noctis/app/(auth)/welcome.tsx": {"path":"/Users/samsepiol/Downloads/GithubRepos/Work/Noctis/noctis/app/(auth)/welcome.tsx","statementMap":{"0":{"start":{"line":10,"column":23},"end":{"line":10,"column":32}},"1":{"start":{"line":12,"column":25},"end":{"line":14,"column":3}},"2":{"start":{"line":13,"column":4},"end":{"line":13,"column":21}},"3":{"start":{"line":16,"column":2},"end":{"line":38,"column":4}},"4":{"start":{"line":41,"column":15},"end":{"line":48,"column":2}}},"fnMap":{"0":{"name":"WelcomeScreen","decl":{"start":{"line":9,"column":24},"end":{"line":9,"column":37}},"loc":{"start":{"line":9,"column":40},"end":{"line":39,"column":1}},"line":9},"1":{"name":"(anonymous_1)","decl":{"start":{"line":12,"column":25},"end":{"line":12,"column":26}},"loc":{"start":{"line":12,"column":37},"end":{"line":14,"column":3}},"line":12}},"branchMap":{},"s":{"0":0,"1":0,"2":0,"3":0,"4":0},"f":{"0":0,"1":0},"b":{}}
,"/Users/samsepiol/Downloads/GithubRepos/Work/Noctis/noctis/app/(tabs)/_layout.tsx": {"path":"/Users/samsepiol/Downloads/GithubRepos/Work/Noctis/noctis/app/(tabs)/_layout.tsx","statementMap":{"0":{"start":{"line":7,"column":17},"end":{"line":7,"column":28}},"1":{"start":{"line":8,"column":19},"end":{"line":8,"column":32}},"2":{"start":{"line":11,"column":23},"end":{"line":17,"column":3}},"3":{"start":{"line":12,"column":4},"end":{"line":12,"column":66}},"4":{"start":{"line":12,"column":52},"end":{"line":12,"column":66}},"5":{"start":{"line":13,"column":4},"end":{"line":13,"column":53}},"6":{"start":{"line":13,"column":37},"end":{"line":13,"column":53}},"7":{"start":{"line":14,"column":4},"end":{"line":14,"column":58}},"8":{"start":{"line":14,"column":44},"end":{"line":14,"column":58}},"9":{"start":{"line":15,"column":4},"end":{"line":15,"column":52}},"10":{"start":{"line":15,"column":38},"end":{"line":15,"column":52}},"11":{"start":{"line":16,"column":4},"end":{"line":16,"column":18}},"12":{"start":{"line":19,"column":30},"end":{"line":19,"column":60}},"13":{"start":{"line":22,"column":2},"end":{"line":24,"column":17}},"14":{"start":{"line":23,"column":4},"end":{"line":23,"column":30}},"15":{"start":{"line":26,"column":32},"end":{"line":31,"column":3}},"16":{"start":{"line":33,"column":25},"end":{"line":50,"column":3}},"17":{"start":{"line":34,"column":4},"end":{"line":34,"column":19}},"18":{"start":{"line":36,"column":4},"end":{"line":49,"column":5}},"19":{"start":{"line":38,"column":8},"end":{"line":38,"column":31}},"20":{"start":{"line":39,"column":8},"end":{"line":39,"column":14}},"21":{"start":{"line":41,"column":8},"end":{"line":41,"column":38}},"22":{"start":{"line":42,"column":8},"end":{"line":42,"column":14}},"23":{"start":{"line":44,"column":8},"end":{"line":44,"column":45}},"24":{"start":{"line":45,"column":8},"end":{"line":45,"column":14}},"25":{"start":{"line":47,"column":8},"end":{"line":47,"column":39}},"26":{"start":{"line":48,"column":8},"end":{"line":48,"column":14}},"27":{"start":{"line":52,"column":2},"end":{"line":67,"column":4}}},"fnMap":{"0":{"name":"TabsLayout","decl":{"start":{"line":6,"column":24},"end":{"line":6,"column":34}},"loc":{"start":{"line":6,"column":37},"end":{"line":68,"column":1}},"line":6},"1":{"name":"(anonymous_1)","decl":{"start":{"line":11,"column":23},"end":{"line":11,"column":24}},"loc":{"start":{"line":11,"column":29},"end":{"line":17,"column":3}},"line":11},"2":{"name":"(anonymous_2)","decl":{"start":{"line":22,"column":18},"end":{"line":22,"column":19}},"loc":{"start":{"line":22,"column":24},"end":{"line":24,"column":3}},"line":22},"3":{"name":"(anonymous_3)","decl":{"start":{"line":33,"column":25},"end":{"line":33,"column":26}},"loc":{"start":{"line":33,"column":42},"end":{"line":50,"column":3}},"line":33}},"branchMap":{"0":{"loc":{"start":{"line":12,"column":4},"end":{"line":12,"column":66}},"type":"if","locations":[{"start":{"line":12,"column":4},"end":{"line":12,"column":66}},{"start":{},"end":{}}],"line":12},"1":{"loc":{"start":{"line":12,"column":8},"end":{"line":12,"column":50}},"type":"binary-expr","locations":[{"start":{"line":12,"column":8},"end":{"line":12,"column":30}},{"start":{"line":12,"column":34},"end":{"line":12,"column":50}}],"line":12},"2":{"loc":{"start":{"line":13,"column":4},"end":{"line":13,"column":53}},"type":"if","locations":[{"start":{"line":13,"column":4},"end":{"line":13,"column":53}},{"start":{},"end":{}}],"line":13},"3":{"loc":{"start":{"line":14,"column":4},"end":{"line":14,"column":58}},"type":"if","locations":[{"start":{"line":14,"column":4},"end":{"line":14,"column":58}},{"start":{},"end":{}}],"line":14},"4":{"loc":{"start":{"line":15,"column":4},"end":{"line":15,"column":52}},"type":"if","locations":[{"start":{"line":15,"column":4},"end":{"line":15,"column":52}},{"start":{},"end":{}}],"line":15},"5":{"loc":{"start":{"line":36,"column":4},"end":{"line":49,"column":5}},"type":"switch","locations":[{"start":{"line":37,"column":6},"end":{"line":39,"column":14}},{"start":{"line":40,"column":6},"end":{"line":42,"column":14}},{"start":{"line":43,"column":6},"end":{"line":45,"column":14}},{"start":{"line":46,"column":6},"end":{"line":48,"column":14}}],"line":36}},"s":{"0":0,"1":0,"2":0,"3":0,"4":0,"5":0,"6":0,"7":0,"8":0,"9":0,"10":0,"11":0,"12":0,"13":0,"14":0,"15":0,"16":0,"17":0,"18":0,"19":0,"20":0,"21":0,"22":0,"23":0,"24":0,"25":0,"26":0,"27":0},"f":{"0":0,"1":0,"2":0,"3":0},"b":{"0":[0,0],"1":[0,0],"2":[0,0],"3":[0,0],"4":[0,0],"5":[0,0,0,0]}}
,"/Users/samsepiol/Downloads/GithubRepos/Work/Noctis/noctis/app/(tabs)/index.tsx": {"path":"/Users/samsepiol/Downloads/GithubRepos/Work/Noctis/noctis/app/(tabs)/index.tsx","statementMap":{"0":{"start":{"line":7,"column":22},"end":{"line":7,"column":34}},"1":{"start":{"line":9,"column":2},"end":{"line":20,"column":4}}},"fnMap":{"0":{"name":"HomeScreen","decl":{"start":{"line":6,"column":24},"end":{"line":6,"column":34}},"loc":{"start":{"line":6,"column":37},"end":{"line":21,"column":1}},"line":6}},"branchMap":{"0":{"loc":{"start":{"line":13,"column":20},"end":{"line":13,"column":60}},"type":"cond-expr","locations":[{"start":{"line":13,"column":36},"end":{"line":13,"column":55}},{"start":{"line":13,"column":58},"end":{"line":13,"column":60}}],"line":13}},"s":{"0":0,"1":0},"f":{"0":0},"b":{"0":[0,0]}}
,"/Users/samsepiol/Downloads/GithubRepos/Work/Noctis/noctis/app/(tabs)/notifications.tsx": {"path":"/Users/samsepiol/Downloads/GithubRepos/Work/Noctis/noctis/app/(tabs)/notifications.tsx","statementMap":{"0":{"start":{"line":6,"column":2},"end":{"line":12,"column":4}}},"fnMap":{"0":{"name":"NotificationsScreen","decl":{"start":{"line":5,"column":24},"end":{"line":5,"column":43}},"loc":{"start":{"line":5,"column":46},"end":{"line":13,"column":1}},"line":5}},"branchMap":{},"s":{"0":0},"f":{"0":0},"b":{}}
,"/Users/samsepiol/Downloads/GithubRepos/Work/Noctis/noctis/app/(tabs)/profile.tsx": {"path":"/Users/samsepiol/Downloads/GithubRepos/Work/Noctis/noctis/app/(tabs)/profile.tsx","statementMap":{"0":{"start":{"line":10,"column":22},"end":{"line":10,"column":31}},"1":{"start":{"line":11,"column":46},"end":{"line":11,"column":58}},"2":{"start":{"line":12,"column":26},"end":{"line":12,"column":48}},"3":{"start":{"line":13,"column":32},"end":{"line":13,"column":57}},"4":{"start":{"line":14,"column":34},"end":{"line":14,"column":49}},"5":{"start":{"line":17,"column":2},"end":{"line":20,"column":16}},"6":{"start":{"line":18,"column":4},"end":{"line":18,"column":26}},"7":{"start":{"line":19,"column":4},"end":{"line":19,"column":32}},"8":{"start":{"line":22,"column":28},"end":{"line":32,"column":3}},"9":{"start":{"line":23,"column":4},"end":{"line":23,"column":22}},"10":{"start":{"line":24,"column":4},"end":{"line":31,"column":5}},"11":{"start":{"line":25,"column":6},"end":{"line":25,"column":45}},"12":{"start":{"line":26,"column":6},"end":{"line":26,"column":62}},"13":{"start":{"line":28,"column":6},"end":{"line":28,"column":74}},"14":{"start":{"line":30,"column":6},"end":{"line":30,"column":25}},"15":{"start":{"line":34,"column":26},"end":{"line":39,"column":3}},"16":{"start":{"line":35,"column":21},"end":{"line":35,"column":38}},"17":{"start":{"line":36,"column":4},"end":{"line":38,"column":5}},"18":{"start":{"line":37,"column":6},"end":{"line":37,"column":56}},"19":{"start":{"line":41,"column":28},"end":{"line":52,"column":3}},"20":{"start":{"line":42,"column":4},"end":{"line":51,"column":7}},"21":{"start":{"line":48,"column":10},"end":{"line":48,"column":56}},"22":{"start":{"line":54,"column":24},"end":{"line":65,"column":3}},"23":{"start":{"line":55,"column":4},"end":{"line":64,"column":7}},"24":{"start":{"line":61,"column":10},"end":{"line":61,"column":26}},"25":{"start":{"line":67,"column":2},"end":{"line":75,"column":3}},"26":{"start":{"line":68,"column":4},"end":{"line":74,"column":6}},"27":{"start":{"line":77,"column":2},"end":{"line":170,"column":4}}},"fnMap":{"0":{"name":"ProfileScreen","decl":{"start":{"line":9,"column":24},"end":{"line":9,"column":37}},"loc":{"start":{"line":9,"column":40},"end":{"line":171,"column":1}},"line":9},"1":{"name":"(anonymous_1)","decl":{"start":{"line":17,"column":18},"end":{"line":17,"column":19}},"loc":{"start":{"line":17,"column":24},"end":{"line":20,"column":3}},"line":17},"2":{"name":"(anonymous_2)","decl":{"start":{"line":22,"column":28},"end":{"line":22,"column":29}},"loc":{"start":{"line":22,"column":40},"end":{"line":32,"column":3}},"line":22},"3":{"name":"(anonymous_3)","decl":{"start":{"line":34,"column":26},"end":{"line":34,"column":27}},"loc":{"start":{"line":34,"column":38},"end":{"line":39,"column":3}},"line":34},"4":{"name":"(anonymous_4)","decl":{"start":{"line":41,"column":28},"end":{"line":41,"column":29}},"loc":{"start":{"line":41,"column":40},"end":{"line":52,"column":3}},"line":41},"5":{"name":"(anonymous_5)","decl":{"start":{"line":47,"column":17},"end":{"line":47,"column":18}},"loc":{"start":{"line":47,"column":29},"end":{"line":49,"column":9}},"line":47},"6":{"name":"(anonymous_6)","decl":{"start":{"line":54,"column":24},"end":{"line":54,"column":25}},"loc":{"start":{"line":54,"column":36},"end":{"line":65,"column":3}},"line":54},"7":{"name":"(anonymous_7)","decl":{"start":{"line":60,"column":17},"end":{"line":60,"column":18}},"loc":{"start":{"line":60,"column":29},"end":{"line":62,"column":9}},"line":60}},"branchMap":{"0":{"loc":{"start":{"line":36,"column":4},"end":{"line":38,"column":5}},"type":"if","locations":[{"start":{"line":36,"column":4},"end":{"line":38,"column":5}},{"start":{},"end":{}}],"line":36},"1":{"loc":{"start":{"line":67,"column":2},"end":{"line":75,"column":3}},"type":"if","locations":[{"start":{"line":67,"column":2},"end":{"line":75,"column":3}},{"start":{},"end":{}}],"line":67},"2":{"loc":{"start":{"line":86,"column":15},"end":{"line":96,"column":15}},"type":"cond-expr","locations":[{"start":{"line":87,"column":16},"end":{"line":91,"column":18}},{"start":{"line":93,"column":16},"end":{"line":95,"column":23}}],"line":86},"3":{"loc":{"start":{"line":111,"column":13},"end":{"line":115,"column":13}},"type":"binary-expr","locations":[{"start":{"line":111,"column":13},"end":{"line":111,"column":35}},{"start":{"line":112,"column":14},"end":{"line":114,"column":26}}],"line":111},"4":{"loc":{"start":{"line":147,"column":15},"end":{"line":151,"column":15}},"type":"cond-expr","locations":[{"start":{"line":148,"column":16},"end":{"line":148,"column":51}},{"start":{"line":150,"column":16},"end":{"line":150,"column":94}}],"line":147}},"s":{"0":0,"1":0,"2":0,"3":0,"4":0,"5":0,"6":0,"7":0,"8":0,"9":0,"10":0,"11":0,"12":0,"13":0,"14":0,"15":0,"16":0,"17":0,"18":0,"19":0,"20":0,"21":0,"22":0,"23":0,"24":0,"25":0,"26":0,"27":0},"f":{"0":0,"1":0,"2":0,"3":0,"4":0,"5":0,"6":0,"7":0},"b":{"0":[0,0],"1":[0,0],"2":[0,0],"3":[0,0],"4":[0,0]}}
,"/Users/samsepiol/Downloads/GithubRepos/Work/Noctis/noctis/app/(tabs)/search.tsx": {"path":"/Users/samsepiol/Downloads/GithubRepos/Work/Noctis/noctis/app/(tabs)/search.tsx","statementMap":{"0":{"start":{"line":6,"column":2},"end":{"line":12,"column":4}}},"fnMap":{"0":{"name":"SearchScreen","decl":{"start":{"line":5,"column":24},"end":{"line":5,"column":36}},"loc":{"start":{"line":5,"column":39},"end":{"line":13,"column":1}},"line":5}},"branchMap":{},"s":{"0":0},"f":{"0":0},"b":{}}
,"/Users/samsepiol/Downloads/GithubRepos/Work/Noctis/noctis/components/BottomNavbar.tsx": {"path":"/Users/samsepiol/Downloads/GithubRepos/Work/Noctis/noctis/components/BottomNavbar.tsx","statementMap":{"0":{"start":{"line":21,"column":42},"end":{"line":21,"column":47}},"1":{"start":{"line":22,"column":17},"end":{"line":22,"column":36}},"2":{"start":{"line":23,"column":22},"end":{"line":23,"column":38}},"3":{"start":{"line":25,"column":33},"end":{"line":25,"column":59}},"4":{"start":{"line":26,"column":17},"end":{"line":26,"column":39}},"5":{"start":{"line":27,"column":27},"end":{"line":27,"column":57}},"6":{"start":{"line":28,"column":28},"end":{"line":28,"column":58}},"7":{"start":{"line":30,"column":2},"end":{"line":69,"column":4}},"8":{"start":{"line":53,"column":31},"end":{"line":53,"column":52}},"9":{"start":{"line":54,"column":14},"end":{"line":63,"column":16}},"10":{"start":{"line":61,"column":33},"end":{"line":61,"column":54}},"11":{"start":{"line":81,"column":16},"end":{"line":81,"column":77}},"12":{"start":{"line":83,"column":2},"end":{"line":107,"column":24}},"13":{"start":{"line":84,"column":4},"end":{"line":106,"column":5}},"14":{"start":{"line":85,"column":6},"end":{"line":98,"column":17}},"15":{"start":{"line":100,"column":6},"end":{"line":105,"column":17}},"16":{"start":{"line":109,"column":26},"end":{"line":109,"column":85}},"17":{"start":{"line":110,"column":20},"end":{"line":110,"column":83}},"18":{"start":{"line":112,"column":2},"end":{"line":133,"column":4}}},"fnMap":{"0":{"name":"BottomNavbar","decl":{"start":{"line":20,"column":24},"end":{"line":20,"column":36}},"loc":{"start":{"line":20,"column":63},"end":{"line":70,"column":1}},"line":20},"1":{"name":"(anonymous_1)","decl":{"start":{"line":52,"column":22},"end":{"line":52,"column":23}},"loc":{"start":{"line":52,"column":31},"end":{"line":64,"column":13}},"line":52},"2":{"name":"(anonymous_2)","decl":{"start":{"line":61,"column":27},"end":{"line":61,"column":28}},"loc":{"start":{"line":61,"column":33},"end":{"line":61,"column":54}},"line":61},"3":{"name":"TabButton","decl":{"start":{"line":80,"column":9},"end":{"line":80,"column":18}},"loc":{"start":{"line":80,"column":90},"end":{"line":134,"column":1}},"line":80},"4":{"name":"(anonymous_4)","decl":{"start":{"line":83,"column":18},"end":{"line":83,"column":19}},"loc":{"start":{"line":83,"column":24},"end":{"line":107,"column":3}},"line":83}},"branchMap":{"0":{"loc":{"start":{"line":27,"column":27},"end":{"line":27,"column":57}},"type":"cond-expr","locations":[{"start":{"line":27,"column":36},"end":{"line":27,"column":45}},{"start":{"line":27,"column":48},"end":{"line":27,"column":57}}],"line":27},"1":{"loc":{"start":{"line":28,"column":28},"end":{"line":28,"column":58}},"type":"cond-expr","locations":[{"start":{"line":28,"column":37},"end":{"line":28,"column":46}},{"start":{"line":28,"column":49},"end":{"line":28,"column":58}}],"line":28},"2":{"loc":{"start":{"line":45,"column":27},"end":{"line":45,"column":63}},"type":"cond-expr","locations":[{"start":{"line":45,"column":52},"end":{"line":45,"column":56}},{"start":{"line":45,"column":59},"end":{"line":45,"column":63}}],"line":45},"3":{"loc":{"start":{"line":81,"column":48},"end":{"line":81,"column":67}},"type":"cond-expr","locations":[{"start":{"line":81,"column":59},"end":{"line":81,"column":60}},{"start":{"line":81,"column":63},"end":{"line":81,"column":67}}],"line":81},"4":{"loc":{"start":{"line":84,"column":4},"end":{"line":106,"column":5}},"type":"if","locations":[{"start":{"line":84,"column":4},"end":{"line":106,"column":5}},{"start":{"line":99,"column":11},"end":{"line":106,"column":5}}],"line":84},"5":{"loc":{"start":{"line":109,"column":26},"end":{"line":109,"column":85}},"type":"cond-expr","locations":[{"start":{"line":109,"column":38},"end":{"line":109,"column":68}},{"start":{"line":109,"column":72},"end":{"line":109,"column":85}}],"line":109},"6":{"loc":{"start":{"line":109,"column":38},"end":{"line":109,"column":68}},"type":"cond-expr","locations":[{"start":{"line":109,"column":47},"end":{"line":109,"column":56}},{"start":{"line":109,"column":59},"end":{"line":109,"column":68}}],"line":109},"7":{"loc":{"start":{"line":110,"column":20},"end":{"line":110,"column":83}},"type":"cond-expr","locations":[{"start":{"line":110,"column":32},"end":{"line":110,"column":62}},{"start":{"line":110,"column":66},"end":{"line":110,"column":83}}],"line":110},"8":{"loc":{"start":{"line":110,"column":32},"end":{"line":110,"column":62}},"type":"cond-expr","locations":[{"start":{"line":110,"column":41},"end":{"line":110,"column":50}},{"start":{"line":110,"column":53},"end":{"line":110,"column":62}}],"line":110},"9":{"loc":{"start":{"line":115,"column":26},"end":{"line":115,"column":46}},"type":"binary-expr","locations":[{"start":{"line":115,"column":26},"end":{"line":115,"column":35}},{"start":{"line":115,"column":39},"end":{"line":115,"column":46}}],"line":115}},"s":{"0":0,"1":0,"2":0,"3":0,"4":0,"5":0,"6":0,"7":0,"8":0,"9":0,"10":0,"11":0,"12":0,"13":0,"14":0,"15":0,"16":0,"17":0,"18":0},"f":{"0":0,"1":0,"2":0,"3":0,"4":0},"b":{"0":[0,0],"1":[0,0],"2":[0,0],"3":[0,0],"4":[0,0],"5":[0,0],"6":[0,0],"7":[0,0],"8":[0,0],"9":[0,0]}}
,"/Users/samsepiol/Downloads/GithubRepos/Work/Noctis/noctis/components/auth/ConfettiEffect.tsx": {"path":"/Users/samsepiol/Downloads/GithubRepos/Work/Noctis/noctis/components/auth/ConfettiEffect.tsx","statementMap":{"0":{"start":{"line":4,"column":26},"end":{"line":4,"column":50}},"1":{"start":{"line":14,"column":40},"end":{"line":82,"column":1}},"2":{"start":{"line":15,"column":25},"end":{"line":15,"column":52}},"3":{"start":{"line":16,"column":17},"end":{"line":16,"column":83}},"4":{"start":{"line":18,"column":2},"end":{"line":55,"column":9}},"5":{"start":{"line":20,"column":4},"end":{"line":29,"column":7}},"6":{"start":{"line":21,"column":23},"end":{"line":21,"column":44}},"7":{"start":{"line":22,"column":6},"end":{"line":28,"column":8}},"8":{"start":{"line":32,"column":23},"end":{"line":52,"column":6}},"9":{"start":{"line":33,"column":6},"end":{"line":51,"column":9}},"10":{"start":{"line":54,"column":4},"end":{"line":54,"column":45}},"11":{"start":{"line":57,"column":2},"end":{"line":81,"column":4}},"12":{"start":{"line":60,"column":8},"end":{"line":78,"column":10}},"13":{"start":{"line":84,"column":15},"end":{"line":95,"column":2}}},"fnMap":{"0":{"name":"(anonymous_0)","decl":{"start":{"line":14,"column":40},"end":{"line":14,"column":41}},"loc":{"start":{"line":14,"column":46},"end":{"line":82,"column":1}},"line":14},"1":{"name":"(anonymous_1)","decl":{"start":{"line":18,"column":12},"end":{"line":18,"column":13}},"loc":{"start":{"line":18,"column":18},"end":{"line":55,"column":3}},"line":18},"2":{"name":"(anonymous_2)","decl":{"start":{"line":20,"column":56},"end":{"line":20,"column":57}},"loc":{"start":{"line":20,"column":62},"end":{"line":29,"column":5}},"line":20},"3":{"name":"(anonymous_3)","decl":{"start":{"line":32,"column":50},"end":{"line":32,"column":51}},"loc":{"start":{"line":32,"column":61},"end":{"line":52,"column":5}},"line":32},"4":{"name":"(anonymous_4)","decl":{"start":{"line":59,"column":34},"end":{"line":59,"column":35}},"loc":{"start":{"line":60,"column":8},"end":{"line":78,"column":10}},"line":60}},"branchMap":{},"s":{"0":0,"1":0,"2":0,"3":0,"4":0,"5":0,"6":0,"7":0,"8":0,"9":0,"10":0,"11":0,"12":0,"13":0},"f":{"0":0,"1":0,"2":0,"3":0,"4":0},"b":{}}
,"/Users/samsepiol/Downloads/GithubRepos/Work/Noctis/noctis/components/auth/IntroText.tsx": {"path":"/Users/samsepiol/Downloads/GithubRepos/Work/Noctis/noctis/components/auth/IntroText.tsx","statementMap":{"0":{"start":{"line":4,"column":35},"end":{"line":16,"column":1}},"1":{"start":{"line":5,"column":2},"end":{"line":15,"column":4}}},"fnMap":{"0":{"name":"(anonymous_0)","decl":{"start":{"line":4,"column":35},"end":{"line":4,"column":36}},"loc":{"start":{"line":4,"column":41},"end":{"line":16,"column":1}},"line":4}},"branchMap":{},"s":{"0":0,"1":0},"f":{"0":0},"b":{}}
,"/Users/samsepiol/Downloads/GithubRepos/Work/Noctis/noctis/components/auth/Logo.tsx": {"path":"/Users/samsepiol/Downloads/GithubRepos/Work/Noctis/noctis/components/auth/Logo.tsx","statementMap":{"0":{"start":{"line":4,"column":30},"end":{"line":12,"column":1}},"1":{"start":{"line":5,"column":2},"end":{"line":11,"column":4}},"2":{"start":{"line":14,"column":15},"end":{"line":19,"column":2}}},"fnMap":{"0":{"name":"(anonymous_0)","decl":{"start":{"line":4,"column":30},"end":{"line":4,"column":31}},"loc":{"start":{"line":4,"column":36},"end":{"line":12,"column":1}},"line":4}},"branchMap":{},"s":{"0":0,"1":0,"2":0},"f":{"0":0},"b":{}}
,"/Users/samsepiol/Downloads/GithubRepos/Work/Noctis/noctis/components/auth/index.ts": {"path":"/Users/samsepiol/Downloads/GithubRepos/Work/Noctis/noctis/components/auth/index.ts","statementMap":{},"fnMap":{},"branchMap":{},"s":{},"f":{},"b":{}}
,"/Users/samsepiol/Downloads/GithubRepos/Work/Noctis/noctis/constants/colors.ts": {"path":"/Users/samsepiol/Downloads/GithubRepos/Work/Noctis/noctis/constants/colors.ts","statementMap":{"0":{"start":{"line":1,"column":22},"end":{"line":5,"column":1}}},"fnMap":{},"branchMap":{},"s":{"0":0},"f":{},"b":{}}
,"/Users/samsepiol/Downloads/GithubRepos/Work/Noctis/noctis/providers/AuthContext.tsx": {"path":"/Users/samsepiol/Downloads/GithubRepos/Work/Noctis/noctis/providers/AuthContext.tsx","statementMap":{"0":{"start":{"line":12,"column":20},"end":{"line":18,"column":2}},"1":{"start":{"line":20,"column":23},"end":{"line":20,"column":52}},"2":{"start":{"line":20,"column":29},"end":{"line":20,"column":52}},"3":{"start":{"line":22,"column":25},"end":{"line":22,"column":39}},"4":{"start":{"line":24,"column":69},"end":{"line":74,"column":1}},"5":{"start":{"line":25,"column":48},"end":{"line":25,"column":63}},"6":{"start":{"line":26,"column":32},"end":{"line":26,"column":46}},"7":{"start":{"line":27,"column":42},"end":{"line":27,"column":57}},"8":{"start":{"line":29,"column":2},"end":{"line":31,"column":9}},"9":{"start":{"line":30,"column":4},"end":{"line":30,"column":22}},"10":{"start":{"line":33,"column":26},"end":{"line":43,"column":3}},"11":{"start":{"line":34,"column":4},"end":{"line":42,"column":5}},"12":{"start":{"line":35,"column":24},"end":{"line":35,"column":68}},"13":{"start":{"line":36,"column":6},"end":{"line":36,"column":47}},"14":{"start":{"line":38,"column":6},"end":{"line":38,"column":58}},"15":{"start":{"line":39,"column":6},"end":{"line":39,"column":32}},"16":{"start":{"line":41,"column":6},"end":{"line":41,"column":24}},"17":{"start":{"line":45,"column":19},"end":{"line":58,"column":3}},"18":{"start":{"line":46,"column":4},"end":{"line":57,"column":5}},"19":{"start":{"line":47,"column":6},"end":{"line":47,"column":59}},"20":{"start":{"line":48,"column":6},"end":{"line":48,"column":28}},"21":{"start":{"line":49,"column":6},"end":{"line":49,"column":31}},"22":{"start":{"line":52,"column":6},"end":{"line":54,"column":15}},"23":{"start":{"line":53,"column":8},"end":{"line":53,"column":31}},"24":{"start":{"line":56,"column":6},"end":{"line":56,"column":50}},"25":{"start":{"line":60,"column":18},"end":{"line":67,"column":3}},"26":{"start":{"line":61,"column":4},"end":{"line":66,"column":5}},"27":{"start":{"line":62,"column":6},"end":{"line":62,"column":54}},"28":{"start":{"line":63,"column":6},"end":{"line":63,"column":32}},"29":{"start":{"line":65,"column":6},"end":{"line":65,"column":49}},"30":{"start":{"line":69,"column":2},"end":{"line":73,"column":4}}},"fnMap":{"0":{"name":"(anonymous_0)","decl":{"start":{"line":16,"column":12},"end":{"line":16,"column":13}},"loc":{"start":{"line":16,"column":24},"end":{"line":16,"column":26}},"line":16},"1":{"name":"(anonymous_1)","decl":{"start":{"line":17,"column":11},"end":{"line":17,"column":12}},"loc":{"start":{"line":17,"column":23},"end":{"line":17,"column":25}},"line":17},"2":{"name":"(anonymous_2)","decl":{"start":{"line":20,"column":23},"end":{"line":20,"column":24}},"loc":{"start":{"line":20,"column":29},"end":{"line":20,"column":52}},"line":20},"3":{"name":"(anonymous_3)","decl":{"start":{"line":24,"column":69},"end":{"line":24,"column":70}},"loc":{"start":{"line":24,"column":87},"end":{"line":74,"column":1}},"line":24},"4":{"name":"(anonymous_4)","decl":{"start":{"line":29,"column":12},"end":{"line":29,"column":13}},"loc":{"start":{"line":29,"column":18},"end":{"line":31,"column":3}},"line":29},"5":{"name":"(anonymous_5)","decl":{"start":{"line":33,"column":26},"end":{"line":33,"column":27}},"loc":{"start":{"line":33,"column":38},"end":{"line":43,"column":3}},"line":33},"6":{"name":"(anonymous_6)","decl":{"start":{"line":45,"column":19},"end":{"line":45,"column":20}},"loc":{"start":{"line":45,"column":31},"end":{"line":58,"column":3}},"line":45},"7":{"name":"(anonymous_7)","decl":{"start":{"line":52,"column":17},"end":{"line":52,"column":18}},"loc":{"start":{"line":52,"column":23},"end":{"line":54,"column":7}},"line":52},"8":{"name":"(anonymous_8)","decl":{"start":{"line":60,"column":18},"end":{"line":60,"column":19}},"loc":{"start":{"line":60,"column":30},"end":{"line":67,"column":3}},"line":60}},"branchMap":{},"s":{"0":1,"1":1,"2":0,"3":1,"4":1,"5":2,"6":2,"7":2,"8":2,"9":1,"10":2,"11":1,"12":1,"13":1,"14":0,"15":0,"16":1,"17":2,"18":0,"19":0,"20":0,"21":0,"22":0,"23":0,"24":0,"25":2,"26":0,"27":0,"28":0,"29":0,"30":2},"f":{"0":0,"1":0,"2":0,"3":2,"4":1,"5":1,"6":0,"7":0,"8":0},"b":{},"_coverageSchema":"1a1c01bbd47fc00a2c39e90264f33305004495a9","hash":"d87af9dad69fbb06550af12f99d4c0f24f0a51cf"}
,"/Users/samsepiol/Downloads/GithubRepos/Work/Noctis/noctis/providers/ProfileContext.tsx": {"path":"/Users/samsepiol/Downloads/GithubRepos/Work/Noctis/noctis/providers/ProfileContext.tsx","statementMap":{"0":{"start":{"line":17,"column":36},"end":{"line":21,"column":1}},"1":{"start":{"line":23,"column":23},"end":{"line":28,"column":2}},"2":{"start":{"line":30,"column":26},"end":{"line":30,"column":58}},"3":{"start":{"line":30,"column":32},"end":{"line":30,"column":58}},"4":{"start":{"line":32,"column":28},"end":{"line":32,"column":45}},"5":{"start":{"line":34,"column":72},"end":{"line":80,"column":1}},"6":{"start":{"line":35,"column":32},"end":{"line":35,"column":69}},"7":{"start":{"line":36,"column":32},"end":{"line":36,"column":46}},"8":{"start":{"line":38,"column":2},"end":{"line":40,"column":9}},"9":{"start":{"line":39,"column":4},"end":{"line":39,"column":18}},"10":{"start":{"line":42,"column":22},"end":{"line":53,"column":3}},"11":{"start":{"line":43,"column":4},"end":{"line":52,"column":5}},"12":{"start":{"line":44,"column":26},"end":{"line":44,"column":73}},"13":{"start":{"line":45,"column":6},"end":{"line":47,"column":7}},"14":{"start":{"line":46,"column":8},"end":{"line":46,"column":44}},"15":{"start":{"line":49,"column":6},"end":{"line":49,"column":53}},"16":{"start":{"line":51,"column":6},"end":{"line":51,"column":24}},"17":{"start":{"line":55,"column":24},"end":{"line":64,"column":3}},"18":{"start":{"line":56,"column":4},"end":{"line":63,"column":5}},"19":{"start":{"line":57,"column":29},"end":{"line":57,"column":55}},"20":{"start":{"line":58,"column":6},"end":{"line":58,"column":86}},"21":{"start":{"line":59,"column":6},"end":{"line":59,"column":33}},"22":{"start":{"line":61,"column":6},"end":{"line":61,"column":54}},"23":{"start":{"line":62,"column":6},"end":{"line":62,"column":18}},"24":{"start":{"line":66,"column":23},"end":{"line":73,"column":3}},"25":{"start":{"line":67,"column":4},"end":{"line":72,"column":5}},"26":{"start":{"line":68,"column":6},"end":{"line":68,"column":57}},"27":{"start":{"line":69,"column":6},"end":{"line":69,"column":33}},"28":{"start":{"line":71,"column":6},"end":{"line":71,"column":54}},"29":{"start":{"line":75,"column":2},"end":{"line":79,"column":4}}},"fnMap":{"0":{"name":"(anonymous_0)","decl":{"start":{"line":26,"column":17},"end":{"line":26,"column":18}},"loc":{"start":{"line":26,"column":29},"end":{"line":26,"column":31}},"line":26},"1":{"name":"(anonymous_1)","decl":{"start":{"line":27,"column":16},"end":{"line":27,"column":17}},"loc":{"start":{"line":27,"column":28},"end":{"line":27,"column":30}},"line":27},"2":{"name":"(anonymous_2)","decl":{"start":{"line":30,"column":26},"end":{"line":30,"column":27}},"loc":{"start":{"line":30,"column":32},"end":{"line":30,"column":58}},"line":30},"3":{"name":"(anonymous_3)","decl":{"start":{"line":34,"column":72},"end":{"line":34,"column":73}},"loc":{"start":{"line":34,"column":90},"end":{"line":80,"column":1}},"line":34},"4":{"name":"(anonymous_4)","decl":{"start":{"line":38,"column":12},"end":{"line":38,"column":13}},"loc":{"start":{"line":38,"column":18},"end":{"line":40,"column":3}},"line":38},"5":{"name":"(anonymous_5)","decl":{"start":{"line":42,"column":22},"end":{"line":42,"column":23}},"loc":{"start":{"line":42,"column":34},"end":{"line":53,"column":3}},"line":42},"6":{"name":"(anonymous_6)","decl":{"start":{"line":55,"column":24},"end":{"line":55,"column":25}},"loc":{"start":{"line":55,"column":65},"end":{"line":64,"column":3}},"line":55},"7":{"name":"(anonymous_7)","decl":{"start":{"line":66,"column":23},"end":{"line":66,"column":24}},"loc":{"start":{"line":66,"column":35},"end":{"line":73,"column":3}},"line":66}},"branchMap":{"0":{"loc":{"start":{"line":45,"column":6},"end":{"line":47,"column":7}},"type":"if","locations":[{"start":{"line":45,"column":6},"end":{"line":47,"column":7}},{"start":{},"end":{}}],"line":45}},"s":{"0":1,"1":1,"2":1,"3":0,"4":1,"5":1,"6":2,"7":2,"8":2,"9":1,"10":2,"11":1,"12":1,"13":1,"14":0,"15":0,"16":1,"17":2,"18":0,"19":0,"20":0,"21":0,"22":0,"23":0,"24":2,"25":0,"26":0,"27":0,"28":0,"29":2},"f":{"0":0,"1":0,"2":0,"3":2,"4":1,"5":1,"6":0,"7":0},"b":{"0":[0,1]},"_coverageSchema":"1a1c01bbd47fc00a2c39e90264f33305004495a9","hash":"b785db4cb4e523a3b0aa6719cd7abf0a805b2d72"}
,"/Users/samsepiol/Downloads/GithubRepos/Work/Noctis/noctis/utils/imagePicker.ts": {"path":"/Users/samsepiol/Downloads/GithubRepos/Work/Noctis/noctis/utils/imagePicker.ts","statementMap":{"0":{"start":{"line":8,"column":2},"end":{"line":44,"column":3}},"1":{"start":{"line":10,"column":24},"end":{"line":10,"column":57}},"2":{"start":{"line":13,"column":4},"end":{"line":22,"column":5}},"3":{"start":{"line":14,"column":25},"end":{"line":14,"column":80}},"4":{"start":{"line":15,"column":6},"end":{"line":21,"column":7}},"5":{"start":{"line":16,"column":8},"end":{"line":19,"column":10}},"6":{"start":{"line":20,"column":8},"end":{"line":20,"column":20}},"7":{"start":{"line":25,"column":19},"end":{"line":30,"column":6}},"8":{"start":{"line":32,"column":4},"end":{"line":34,"column":5}},"9":{"start":{"line":33,"column":6},"end":{"line":33,"column":34}},"10":{"start":{"line":36,"column":4},"end":{"line":36,"column":16}},"11":{"start":{"line":38,"column":4},"end":{"line":38,"column":48}},"12":{"start":{"line":39,"column":4},"end":{"line":42,"column":6}},"13":{"start":{"line":43,"column":4},"end":{"line":43,"column":16}}},"fnMap":{"0":{"name":"pickImage","decl":{"start":{"line":7,"column":22},"end":{"line":7,"column":31}},"loc":{"start":{"line":7,"column":58},"end":{"line":45,"column":1}},"line":7}},"branchMap":{"0":{"loc":{"start":{"line":13,"column":4},"end":{"line":22,"column":5}},"type":"if","locations":[{"start":{"line":13,"column":4},"end":{"line":22,"column":5}},{"start":{},"end":{}}],"line":13},"1":{"loc":{"start":{"line":15,"column":6},"end":{"line":21,"column":7}},"type":"if","locations":[{"start":{"line":15,"column":6},"end":{"line":21,"column":7}},{"start":{},"end":{}}],"line":15},"2":{"loc":{"start":{"line":32,"column":4},"end":{"line":34,"column":5}},"type":"if","locations":[{"start":{"line":32,"column":4},"end":{"line":34,"column":5}},{"start":{},"end":{}}],"line":32},"3":{"loc":{"start":{"line":32,"column":8},"end":{"line":32,"column":69}},"type":"binary-expr","locations":[{"start":{"line":32,"column":8},"end":{"line":32,"column":24}},{"start":{"line":32,"column":28},"end":{"line":32,"column":41}},{"start":{"line":32,"column":45},"end":{"line":32,"column":69}}],"line":32}},"s":{"0":0,"1":0,"2":0,"3":0,"4":0,"5":0,"6":0,"7":0,"8":0,"9":0,"10":0,"11":0,"12":0,"13":0},"f":{"0":0},"b":{"0":[0,0],"1":[0,0],"2":[0,0],"3":[0,0,0]}}
}
