TN:
SF:App.tsx
FNF:0
FNH:0
LF:0
LH:0
BRF:0
BRH:0
end_of_record
TN:
SF:app.config.ts
FNF:0
FNH:0
DA:5,0
DA:6,0
DA:8,0
LF:3
LH:0
BRDA:51,0,0,0
BRDA:51,0,1,0
BRF:2
BRH:0
end_of_record
TN:
SF:expo-env.d.ts
FNF:0
FNH:0
LF:0
LH:0
BRF:0
BRH:0
end_of_record
TN:
SF:expo-router.d.ts
FNF:0
FNH:0
LF:0
LH:0
BRF:0
BRH:0
end_of_record
TN:
SF:index.ts
FNF:0
FNH:0
DA:9,0
LF:1
LH:0
BRF:0
BRH:0
end_of_record
TN:
SF:nativewind-env.d.ts
FNF:0
FNH:0
LF:0
LH:0
BRF:0
BRH:0
end_of_record
TN:
SF:.expo/types/router.d.ts
FNF:0
FNH:0
LF:0
LH:0
BRF:0
BRH:0
end_of_record
TN:
SF:app/_layout.tsx
FN:15,ThemeTransitionOverlay
FN:20,(anonymous_1)
FN:35,(anonymous_2)
FN:59,RootLayoutNav
FN:66,(anonymous_4)
FN:81,(anonymous_5)
FN:86,(anonymous_6)
FN:87,(anonymous_7)
FN:109,(anonymous_8)
FN:125,RootLayout
FN:134,(anonymous_10)
FNF:11
FNH:0
FNDA:0,ThemeTransitionOverlay
FNDA:0,(anonymous_1)
FNDA:0,(anonymous_2)
FNDA:0,RootLayoutNav
FNDA:0,(anonymous_4)
FNDA:0,(anonymous_5)
FNDA:0,(anonymous_6)
FNDA:0,(anonymous_7)
FNDA:0,(anonymous_8)
FNDA:0,RootLayout
FNDA:0,(anonymous_10)
DA:16,0
DA:17,0
DA:18,0
DA:20,0
DA:21,0
DA:22,0
DA:24,0
DA:36,0
DA:41,0
DA:42,0
DA:45,0
DA:60,0
DA:61,0
DA:62,0
DA:63,0
DA:64,0
DA:66,0
DA:67,0
DA:69,0
DA:71,0
DA:73,0
DA:74,0
DA:76,0
DA:81,0
DA:82,0
DA:86,0
DA:87,0
DA:88,0
DA:94,0
DA:95,0
DA:104,0
DA:105,0
DA:109,0
DA:112,0
DA:126,0
DA:134,0
DA:135,0
DA:136,0
DA:137,0
DA:142,0
DA:143,0
DA:150,0
DA:151,0
DA:154,0
DA:171,0
LF:45
LH:0
BRDA:21,0,0,0
BRDA:21,0,1,0
BRDA:41,1,0,0
BRDA:41,1,1,0
BRDA:51,2,0,0
BRDA:51,2,1,0
BRDA:67,3,0,0
BRDA:67,3,1,0
BRDA:71,4,0,0
BRDA:71,4,1,0
BRDA:71,5,0,0
BRDA:71,5,1,0
BRDA:74,6,0,0
BRDA:74,6,1,0
BRDA:74,7,0,0
BRDA:74,7,1,0
BRDA:82,8,0,0
BRDA:82,8,1,0
BRDA:94,9,0,0
BRDA:94,9,1,0
BRDA:97,10,0,0
BRDA:97,10,1,0
BRDA:98,11,0,0
BRDA:98,11,1,0
BRDA:104,12,0,0
BRDA:104,12,1,0
BRDA:104,13,0,0
BRDA:104,13,1,0
BRDA:115,14,0,0
BRDA:115,14,1,0
BRDA:119,15,0,0
BRDA:119,15,1,0
BRDA:135,16,0,0
BRDA:135,16,1,0
BRDA:136,17,0,0
BRDA:136,17,1,0
BRDA:142,18,0,0
BRDA:142,18,1,0
BRDA:150,19,0,0
BRDA:150,19,1,0
BRF:40
BRH:0
end_of_record
TN:
SF:app/dream-graph.tsx
FN:40,DreamGraphScreen
FN:48,(anonymous_1)
FN:56,(anonymous_2)
FN:74,(anonymous_3)
FN:82,(anonymous_4)
FN:85,(anonymous_5)
FN:117,(anonymous_6)
FN:128,(anonymous_7)
FN:134,(anonymous_8)
FN:139,(anonymous_9)
FN:152,(anonymous_10)
FN:156,(anonymous_11)
FN:158,(anonymous_12)
FN:182,(anonymous_13)
FN:196,(anonymous_14)
FN:200,(anonymous_15)
FN:212,(anonymous_16)
FN:216,(anonymous_17)
FN:220,(anonymous_18)
FN:232,(anonymous_19)
FN:250,(anonymous_20)
FN:265,(anonymous_21)
FN:314,(anonymous_22)
FN:315,(anonymous_23)
FN:316,(anonymous_24)
FN:338,(anonymous_25)
FN:352,(anonymous_26)
FN:402,(anonymous_27)
FN:424,(anonymous_28)
FN:446,(anonymous_29)
FNF:30
FNH:0
FNDA:0,DreamGraphScreen
FNDA:0,(anonymous_1)
FNDA:0,(anonymous_2)
FNDA:0,(anonymous_3)
FNDA:0,(anonymous_4)
FNDA:0,(anonymous_5)
FNDA:0,(anonymous_6)
FNDA:0,(anonymous_7)
FNDA:0,(anonymous_8)
FNDA:0,(anonymous_9)
FNDA:0,(anonymous_10)
FNDA:0,(anonymous_11)
FNDA:0,(anonymous_12)
FNDA:0,(anonymous_13)
FNDA:0,(anonymous_14)
FNDA:0,(anonymous_15)
FNDA:0,(anonymous_16)
FNDA:0,(anonymous_17)
FNDA:0,(anonymous_18)
FNDA:0,(anonymous_19)
FNDA:0,(anonymous_20)
FNDA:0,(anonymous_21)
FNDA:0,(anonymous_22)
FNDA:0,(anonymous_23)
FNDA:0,(anonymous_24)
FNDA:0,(anonymous_25)
FNDA:0,(anonymous_26)
FNDA:0,(anonymous_27)
FNDA:0,(anonymous_28)
FNDA:0,(anonymous_29)
DA:33,0
DA:34,0
DA:35,0
DA:36,0
DA:37,0
DA:38,0
DA:41,0
DA:42,0
DA:43,0
DA:44,0
DA:45,0
DA:48,0
DA:49,0
DA:51,0
DA:52,0
DA:56,0
DA:67,0
DA:68,0
DA:69,0
DA:70,0
DA:73,0
DA:74,0
DA:75,0
DA:77,0
DA:81,0
DA:82,0
DA:83,0
DA:85,0
DA:89,0
DA:91,0
DA:95,0
DA:97,0
DA:100,0
DA:101,0
DA:107,0
DA:108,0
DA:113,0
DA:117,0
DA:118,0
DA:120,0
DA:121,0
DA:122,0
DA:123,0
DA:124,0
DA:125,0
DA:127,0
DA:128,0
DA:129,0
DA:130,0
DA:131,0
DA:134,0
DA:135,0
DA:136,0
DA:139,0
DA:140,0
DA:142,0
DA:143,0
DA:144,0
DA:146,0
DA:147,0
DA:148,0
DA:152,0
DA:155,0
DA:156,0
DA:157,0
DA:158,0
DA:161,0
DA:163,0
DA:164,0
DA:165,0
DA:167,0
DA:168,0
DA:170,0
DA:171,0
DA:175,0
DA:176,0
DA:177,0
DA:178,0
DA:182,0
DA:183,0
DA:184,0
DA:187,0
DA:188,0
DA:189,0
DA:192,0
DA:193,0
DA:196,0
DA:200,0
DA:201,0
DA:209,0
DA:212,0
DA:213,0
DA:216,0
DA:217,0
DA:220,0
DA:221,0
DA:224,0
DA:225,0
DA:227,0
DA:228,0
DA:232,0
DA:250,0
DA:261,0
DA:265,0
DA:315,0
DA:316,0
DA:318,0
DA:320,0
DA:321,0
DA:323,0
DA:339,0
DA:340,0
DA:342,0
DA:352,0
DA:403,0
DA:424,0
DA:447,0
LF:117
LH:0
BRDA:51,0,0,0
BRDA:51,0,1,0
BRDA:73,1,0,0
BRDA:73,1,1,0
BRDA:73,2,0,0
BRDA:73,2,1,0
BRDA:81,3,0,0
BRDA:81,3,1,0
BRDA:81,4,0,0
BRDA:81,4,1,0
BRDA:89,5,0,0
BRDA:89,5,1,0
BRDA:89,6,0,0
BRDA:89,6,1,0
BRDA:89,6,2,0
BRDA:95,7,0,0
BRDA:95,7,1,0
BRDA:95,8,0,0
BRDA:95,8,1,0
BRDA:100,9,0,0
BRDA:100,9,1,0
BRDA:118,10,0,0
BRDA:118,10,1,0
BRDA:129,11,0,0
BRDA:129,11,1,0
BRDA:140,12,0,0
BRDA:140,12,1,0
BRDA:144,13,0,0
BRDA:144,13,1,0
BRDA:155,14,0,0
BRDA:155,14,1,0
BRDA:157,15,0,0
BRDA:157,15,1,0
BRDA:161,16,0,0
BRDA:161,16,1,0
BRDA:165,17,0,0
BRDA:165,17,1,0
BRDA:209,18,0,0
BRDA:209,18,1,0
BRDA:227,19,0,0
BRDA:227,19,1,0
BRDA:318,20,0,0
BRDA:318,20,1,0
BRDA:318,21,0,0
BRDA:318,21,1,0
BRDA:340,22,0,0
BRDA:340,22,1,0
BRDA:350,23,0,0
BRDA:350,23,1,0
BRDA:351,24,0,0
BRDA:351,24,1,0
BRDA:362,25,0,0
BRDA:362,25,1,0
BRDA:396,26,0,0
BRDA:396,26,1,0
BRDA:396,26,2,0
BRDA:419,27,0,0
BRDA:419,27,1,0
BRF:58
BRH:0
end_of_record
TN:
SF:app/(auth)/_layout.tsx
FN:4,AuthLayout
FNF:1
FNH:0
FNDA:0,AuthLayout
DA:5,0
LF:1
LH:0
BRF:0
BRH:0
end_of_record
TN:
SF:app/(auth)/welcome.tsx
FN:7,WelcomeScreen
FN:10,(anonymous_1)
FNF:2
FNH:0
FNDA:0,WelcomeScreen
FNDA:0,(anonymous_1)
DA:8,0
DA:10,0
DA:11,0
DA:14,0
DA:25,0
LF:5
LH:0
BRF:0
BRH:0
end_of_record
TN:
SF:app/(tabs)/_layout.tsx
FN:7,TabsLayout
FN:13,(anonymous_1)
FN:26,(anonymous_2)
FN:39,(anonymous_3)
FNF:4
FNH:0
FNDA:0,TabsLayout
FNDA:0,(anonymous_1)
FNDA:0,(anonymous_2)
FNDA:0,(anonymous_3)
DA:8,0
DA:9,0
DA:10,0
DA:13,0
DA:14,0
DA:15,0
DA:16,0
DA:17,0
DA:18,0
DA:19,0
DA:20,0
DA:23,0
DA:26,0
DA:27,0
DA:30,0
DA:39,0
DA:40,0
DA:42,0
DA:44,0
DA:45,0
DA:47,0
DA:48,0
DA:50,0
DA:51,0
DA:53,0
DA:54,0
DA:56,0
DA:57,0
DA:59,0
DA:60,0
DA:64,0
LF:31
LH:0
BRDA:14,0,0,0
BRDA:14,0,1,0
BRDA:14,1,0,0
BRDA:14,1,1,0
BRDA:15,2,0,0
BRDA:15,2,1,0
BRDA:16,3,0,0
BRDA:16,3,1,0
BRDA:17,4,0,0
BRDA:17,4,1,0
BRDA:18,5,0,0
BRDA:18,5,1,0
BRDA:19,6,0,0
BRDA:19,6,1,0
BRDA:42,7,0,0
BRDA:42,7,1,0
BRDA:42,7,2,0
BRDA:42,7,3,0
BRDA:42,7,4,0
BRDA:42,7,5,0
BRF:20
BRH:0
end_of_record
TN:
SF:app/(tabs)/dreams.tsx
FN:10,DreamsScreen
FN:16,(anonymous_1)
FN:25,(anonymous_2)
FN:31,(anonymous_3)
FN:62,(anonymous_4)
FN:94,(anonymous_5)
FN:108,(anonymous_6)
FN:145,(anonymous_7)
FN:153,(anonymous_8)
FN:157,(anonymous_9)
FN:158,(anonymous_10)
FNF:11
FNH:0
FNDA:0,DreamsScreen
FNDA:0,(anonymous_1)
FNDA:0,(anonymous_2)
FNDA:0,(anonymous_3)
FNDA:0,(anonymous_4)
FNDA:0,(anonymous_5)
FNDA:0,(anonymous_6)
FNDA:0,(anonymous_7)
FNDA:0,(anonymous_8)
FNDA:0,(anonymous_9)
FNDA:0,(anonymous_10)
DA:11,0
DA:12,0
DA:13,0
DA:14,0
DA:16,0
DA:17,0
DA:25,0
DA:31,0
DA:32,0
DA:33,0
DA:35,0
DA:38,0
DA:39,0
DA:48,0
DA:62,0
DA:94,0
DA:108,0
DA:145,0
DA:154,0
DA:157,0
DA:158,0
LF:21
LH:0
BRDA:32,0,0,0
BRDA:32,0,1,0
BRDA:38,1,0,0
BRDA:38,1,1,0
BRDA:85,2,0,0
BRDA:85,2,1,0
BRDA:88,3,0,0
BRDA:88,3,1,0
BRDA:97,4,0,0
BRDA:97,4,1,0
BRDA:102,5,0,0
BRDA:102,5,1,0
BRDA:111,6,0,0
BRDA:111,6,1,0
BRDA:116,7,0,0
BRDA:116,7,1,0
BRDA:126,8,0,0
BRDA:126,8,1,0
BRF:18
BRH:0
end_of_record
TN:
SF:app/(tabs)/forecast.tsx
FN:12,ForecastScreen
FN:26,(anonymous_1)
FNF:2
FNH:0
FNDA:0,ForecastScreen
FNDA:0,(anonymous_1)
DA:21,0
DA:23,0
DA:24,0
DA:26,0
DA:27,0
DA:28,0
DA:29,0
DA:33,0
DA:34,0
DA:44,0
LF:10
LH:0
BRDA:33,0,0,0
BRDA:33,0,1,0
BRDA:33,1,0,0
BRDA:33,1,1,0
BRDA:76,2,0,0
BRDA:76,2,1,0
BRDA:77,3,0,0
BRDA:77,3,1,0
BRDA:97,4,0,0
BRDA:97,4,1,0
BRDA:97,4,2,0
BRDA:115,5,0,0
BRDA:115,5,1,0
BRDA:127,6,0,0
BRDA:127,6,1,0
BRDA:139,7,0,0
BRDA:139,7,1,0
BRDA:151,8,0,0
BRDA:151,8,1,0
BRF:19
BRH:0
end_of_record
TN:
SF:app/(tabs)/index.tsx
FN:10,HomeScreen
FNF:1
FNH:0
FNDA:0,HomeScreen
DA:11,0
DA:13,0
LF:2
LH:0
BRF:0
BRH:0
end_of_record
TN:
SF:app/(tabs)/notifications.tsx
FN:11,NotificationsScreen
FN:28,(anonymous_1)
FN:40,(anonymous_2)
FN:55,(anonymous_3)
FN:75,(anonymous_4)
FNF:5
FNH:0
FNDA:0,NotificationsScreen
FNDA:0,(anonymous_1)
FNDA:0,(anonymous_2)
FNDA:0,(anonymous_3)
FNDA:0,(anonymous_4)
DA:12,0
DA:13,0
DA:24,0
DA:26,0
DA:28,0
DA:30,0
DA:31,0
DA:35,0
DA:36,0
DA:40,0
DA:41,0
DA:55,0
DA:56,0
DA:59,0
DA:75,0
LF:15
LH:0
BRDA:30,0,0,0
BRDA:30,0,1,0
BRDA:35,1,0,0
BRDA:35,1,1,0
BRDA:68,2,0,0
BRDA:68,2,1,0
BRDA:80,3,0,0
BRDA:80,3,1,0
BRDA:89,4,0,0
BRDA:89,4,1,0
BRF:10
BRH:0
end_of_record
TN:
SF:app/(tabs)/profile.tsx
FN:10,ProfileScreen
FN:19,(anonymous_1)
FN:24,(anonymous_2)
FN:28,(anonymous_3)
FN:40,(anonymous_4)
FN:47,(anonymous_5)
FN:53,(anonymous_6)
FN:60,(anonymous_7)
FN:66,(anonymous_8)
FNF:9
FNH:0
FNDA:0,ProfileScreen
FNDA:0,(anonymous_1)
FNDA:0,(anonymous_2)
FNDA:0,(anonymous_3)
FNDA:0,(anonymous_4)
FNDA:0,(anonymous_5)
FNDA:0,(anonymous_6)
FNDA:0,(anonymous_7)
FNDA:0,(anonymous_8)
DA:11,0
DA:12,0
DA:13,0
DA:14,0
DA:15,0
DA:16,0
DA:19,0
DA:20,0
DA:21,0
DA:24,0
DA:28,0
DA:29,0
DA:30,0
DA:31,0
DA:32,0
DA:34,0
DA:36,0
DA:40,0
DA:41,0
DA:42,0
DA:43,0
DA:47,0
DA:48,0
DA:54,0
DA:60,0
DA:61,0
DA:67,0
DA:73,0
DA:74,0
DA:83,0
LF:30
LH:0
BRDA:42,0,0,0
BRDA:42,0,1,0
BRDA:73,1,0,0
BRDA:73,1,1,0
BRDA:87,2,0,0
BRDA:87,2,1,0
BRDA:113,3,0,0
BRDA:113,3,1,0
BRDA:138,4,0,0
BRDA:138,4,1,0
BRDA:176,5,0,0
BRDA:176,5,1,0
BRF:12
BRH:0
end_of_record
TN:
SF:app/(tabs)/search.tsx
FN:6,SearchScreen
FNF:1
FNH:0
FNDA:0,SearchScreen
DA:7,0
DA:9,0
LF:2
LH:0
BRF:0
BRH:0
end_of_record
TN:
SF:app/dreams/[id].tsx
FN:57,DreamDetailScreen
FN:66,(anonymous_1)
FN:93,(anonymous_2)
FN:106,(anonymous_3)
FN:121,(anonymous_4)
FN:130,(anonymous_5)
FN:131,(anonymous_6)
FN:135,(anonymous_7)
FN:136,(anonymous_8)
FN:164,(anonymous_9)
FN:173,(anonymous_10)
FN:184,(anonymous_11)
FN:235,(anonymous_12)
FN:303,ReadOnlyView
FN:304,(anonymous_14)
FN:305,(anonymous_15)
FN:357,(anonymous_16)
FN:403,(anonymous_17)
FN:426,InfoSection
FN:437,RatingDisplay
FN:455,(anonymous_20)
FN:498,EditFields
FN:507,(anonymous_22)
FN:510,(anonymous_23)
FN:559,(anonymous_24)
FN:562,(anonymous_25)
FN:587,(anonymous_26)
FN:590,(anonymous_27)
FN:650,(anonymous_28)
FN:657,(anonymous_29)
FN:664,(anonymous_30)
FN:674,(anonymous_31)
FN:677,(anonymous_32)
FN:749,RatingField
FN:756,(anonymous_34)
FN:759,(anonymous_35)
FNF:36
FNH:0
FNDA:0,DreamDetailScreen
FNDA:0,(anonymous_1)
FNDA:0,(anonymous_2)
FNDA:0,(anonymous_3)
FNDA:0,(anonymous_4)
FNDA:0,(anonymous_5)
FNDA:0,(anonymous_6)
FNDA:0,(anonymous_7)
FNDA:0,(anonymous_8)
FNDA:0,(anonymous_9)
FNDA:0,(anonymous_10)
FNDA:0,(anonymous_11)
FNDA:0,(anonymous_12)
FNDA:0,ReadOnlyView
FNDA:0,(anonymous_14)
FNDA:0,(anonymous_15)
FNDA:0,(anonymous_16)
FNDA:0,(anonymous_17)
FNDA:0,InfoSection
FNDA:0,RatingDisplay
FNDA:0,(anonymous_20)
FNDA:0,EditFields
FNDA:0,(anonymous_22)
FNDA:0,(anonymous_23)
FNDA:0,(anonymous_24)
FNDA:0,(anonymous_25)
FNDA:0,(anonymous_26)
FNDA:0,(anonymous_27)
FNDA:0,(anonymous_28)
FNDA:0,(anonymous_29)
FNDA:0,(anonymous_30)
FNDA:0,(anonymous_31)
FNDA:0,(anonymous_32)
FNDA:0,RatingField
FNDA:0,(anonymous_34)
FNDA:0,(anonymous_35)
DA:30,0
DA:39,0
DA:50,0
DA:58,0
DA:59,0
DA:60,0
DA:61,0
DA:63,0
DA:64,0
DA:66,0
DA:68,0
DA:69,0
DA:70,0
DA:71,0
DA:72,0
DA:73,0
DA:75,0
DA:80,0
DA:81,0
DA:82,0
DA:83,0
DA:84,0
DA:85,0
DA:86,0
DA:87,0
DA:88,0
DA:89,0
DA:90,0
DA:91,0
DA:93,0
DA:94,0
DA:95,0
DA:96,0
DA:97,0
DA:98,0
DA:100,0
DA:101,0
DA:106,0
DA:107,0
DA:108,0
DA:109,0
DA:110,0
DA:111,0
DA:112,0
DA:113,0
DA:114,0
DA:115,0
DA:116,0
DA:117,0
DA:118,0
DA:121,0
DA:122,0
DA:123,0
DA:124,0
DA:127,0
DA:128,0
DA:130,0
DA:131,0
DA:133,0
DA:135,0
DA:136,0
DA:138,0
DA:153,0
DA:154,0
DA:155,0
DA:156,0
DA:159,0
DA:160,0
DA:164,0
DA:165,0
DA:174,0
DA:175,0
DA:176,0
DA:184,0
DA:185,0
DA:186,0
DA:188,0
DA:191,0
DA:192,0
DA:201,0
DA:235,0
DA:304,0
DA:305,0
DA:307,0
DA:358,0
DA:404,0
DA:427,0
DA:446,0
DA:456,0
DA:499,0
DA:508,0
DA:510,0
DA:560,0
DA:562,0
DA:588,0
DA:590,0
DA:650,0
DA:657,0
DA:664,0
DA:675,0
DA:677,0
DA:750,0
DA:757,0
DA:759,0
LF:104
LH:0
BRDA:68,0,0,0
BRDA:68,0,1,0
BRDA:70,1,0,0
BRDA:70,1,1,0
BRDA:72,2,0,0
BRDA:72,2,1,0
BRDA:94,3,0,0
BRDA:94,3,1,0
BRDA:96,4,0,0
BRDA:96,4,1,0
BRDA:122,5,0,0
BRDA:122,5,1,0
BRDA:122,6,0,0
BRDA:122,6,1,0
BRDA:155,7,0,0
BRDA:155,7,1,0
BRDA:174,8,0,0
BRDA:174,8,1,0
BRDA:185,9,0,0
BRDA:185,9,1,0
BRDA:191,10,0,0
BRDA:191,10,1,0
BRDA:205,11,0,0
BRDA:205,11,1,0
BRDA:214,12,0,0
BRDA:214,12,1,0
BRDA:217,13,0,0
BRDA:217,13,1,0
BRDA:247,14,0,0
BRDA:247,14,1,0
BRDA:258,15,0,0
BRDA:258,15,1,0
BRDA:354,16,0,0
BRDA:354,16,1,0
BRDA:369,17,0,0
BRDA:369,17,1,0
BRDA:400,18,0,0
BRDA:400,18,1,0
BRDA:415,19,0,0
BRDA:415,19,1,0
BRDA:459,20,0,0
BRDA:459,20,1,0
BRDA:513,21,0,0
BRDA:513,21,1,0
BRDA:515,22,0,0
BRDA:515,22,1,0
BRDA:521,23,0,0
BRDA:521,23,1,0
BRDA:565,24,0,0
BRDA:565,24,1,0
BRDA:567,25,0,0
BRDA:567,25,1,0
BRDA:572,26,0,0
BRDA:572,26,1,0
BRDA:593,27,0,0
BRDA:593,27,1,0
BRDA:595,28,0,0
BRDA:595,28,1,0
BRDA:600,29,0,0
BRDA:600,29,1,0
BRDA:680,30,0,0
BRDA:680,30,1,0
BRDA:682,31,0,0
BRDA:682,31,1,0
BRDA:688,32,0,0
BRDA:688,32,1,0
BRDA:764,33,0,0
BRDA:764,33,1,0
BRDA:766,34,0,0
BRDA:766,34,1,0
BRDA:769,35,0,0
BRDA:769,35,1,0
BRDA:772,36,0,0
BRDA:772,36,1,0
BRF:74
BRH:0
end_of_record
TN:
SF:app/dreams/_layout.tsx
FN:3,DreamsLayout
FNF:1
FNH:0
FNDA:0,DreamsLayout
DA:4,0
LF:1
LH:0
BRF:0
BRH:0
end_of_record
TN:
SF:app/dreams/add.tsx
FN:56,AddDreamScreen
FN:77,(anonymous_1)
FN:86,(anonymous_2)
FN:95,(anonymous_3)
FN:106,(anonymous_4)
FN:107,(anonymous_5)
FN:111,(anonymous_6)
FN:112,(anonymous_7)
FN:148,(anonymous_8)
FN:173,(anonymous_9)
FN:176,(anonymous_10)
FN:202,(anonymous_11)
FN:259,(anonymous_12)
FN:262,(anonymous_13)
FN:287,(anonymous_14)
FN:290,(anonymous_15)
FN:351,(anonymous_16)
FN:359,(anonymous_17)
FN:367,(anonymous_18)
FN:377,(anonymous_19)
FN:380,(anonymous_20)
FN:456,RatingField
FN:463,(anonymous_22)
FN:466,(anonymous_23)
FNF:24
FNH:0
FNDA:0,AddDreamScreen
FNDA:0,(anonymous_1)
FNDA:0,(anonymous_2)
FNDA:0,(anonymous_3)
FNDA:0,(anonymous_4)
FNDA:0,(anonymous_5)
FNDA:0,(anonymous_6)
FNDA:0,(anonymous_7)
FNDA:0,(anonymous_8)
FNDA:0,(anonymous_9)
FNDA:0,(anonymous_10)
FNDA:0,(anonymous_11)
FNDA:0,(anonymous_12)
FNDA:0,(anonymous_13)
FNDA:0,(anonymous_14)
FNDA:0,(anonymous_15)
FNDA:0,(anonymous_16)
FNDA:0,(anonymous_17)
FNDA:0,(anonymous_18)
FNDA:0,(anonymous_19)
FNDA:0,(anonymous_20)
FNDA:0,RatingField
FNDA:0,(anonymous_22)
FNDA:0,(anonymous_23)
DA:29,0
DA:38,0
DA:49,0
DA:57,0
DA:58,0
DA:59,0
DA:61,0
DA:62,0
DA:63,0
DA:64,0
DA:65,0
DA:66,0
DA:67,0
DA:68,0
DA:69,0
DA:70,0
DA:71,0
DA:72,0
DA:73,0
DA:74,0
DA:75,0
DA:77,0
DA:78,0
DA:79,0
DA:81,0
DA:82,0
DA:86,0
DA:87,0
DA:95,0
DA:96,0
DA:97,0
DA:98,0
DA:101,0
DA:103,0
DA:104,0
DA:106,0
DA:107,0
DA:109,0
DA:111,0
DA:112,0
DA:114,0
DA:130,0
DA:132,0
DA:133,0
DA:135,0
DA:139,0
DA:148,0
DA:174,0
DA:176,0
DA:202,0
DA:260,0
DA:262,0
DA:288,0
DA:290,0
DA:351,0
DA:359,0
DA:367,0
DA:378,0
DA:380,0
DA:457,0
DA:464,0
DA:466,0
LF:62
LH:0
BRDA:78,0,0,0
BRDA:78,0,1,0
BRDA:81,1,0,0
BRDA:81,1,1,0
BRDA:96,2,0,0
BRDA:96,2,1,0
BRDA:143,3,0,0
BRDA:143,3,1,0
BRDA:157,4,0,0
BRDA:157,4,1,0
BRDA:159,5,0,0
BRDA:159,5,1,0
BRDA:179,6,0,0
BRDA:179,6,1,0
BRDA:181,7,0,0
BRDA:181,7,1,0
BRDA:187,8,0,0
BRDA:187,8,1,0
BRDA:217,9,0,0
BRDA:217,9,1,0
BRDA:217,9,2,0
BRDA:222,10,0,0
BRDA:222,10,1,0
BRDA:265,11,0,0
BRDA:265,11,1,0
BRDA:267,12,0,0
BRDA:267,12,1,0
BRDA:272,13,0,0
BRDA:272,13,1,0
BRDA:293,14,0,0
BRDA:293,14,1,0
BRDA:295,15,0,0
BRDA:295,15,1,0
BRDA:300,16,0,0
BRDA:300,16,1,0
BRDA:383,17,0,0
BRDA:383,17,1,0
BRDA:385,18,0,0
BRDA:385,18,1,0
BRDA:391,19,0,0
BRDA:391,19,1,0
BRDA:471,20,0,0
BRDA:471,20,1,0
BRDA:473,21,0,0
BRDA:473,21,1,0
BRDA:476,22,0,0
BRDA:476,22,1,0
BRDA:479,23,0,0
BRDA:479,23,1,0
BRF:49
BRH:0
end_of_record
TN:
SF:components/BottomNavbar.tsx
FN:22,BottomNavbar
FN:53,(anonymous_1)
FN:62,(anonymous_2)
FN:81,TabButton
FN:84,(anonymous_4)
FNF:5
FNH:0
FNDA:0,BottomNavbar
FNDA:0,(anonymous_1)
FNDA:0,(anonymous_2)
FNDA:0,TabButton
FNDA:0,(anonymous_4)
DA:23,0
DA:24,0
DA:25,0
DA:27,0
DA:28,0
DA:29,0
DA:31,0
DA:54,0
DA:55,0
DA:62,0
DA:82,0
DA:84,0
DA:85,0
DA:86,0
DA:101,0
DA:110,0
DA:111,0
DA:113,0
LF:18
LH:0
BRDA:28,0,0,0
BRDA:28,0,1,0
BRDA:29,1,0,0
BRDA:29,1,1,0
BRDA:46,2,0,0
BRDA:46,2,1,0
BRDA:82,3,0,0
BRDA:82,3,1,0
BRDA:85,4,0,0
BRDA:85,4,1,0
BRDA:110,5,0,0
BRDA:110,5,1,0
BRDA:110,6,0,0
BRDA:110,6,1,0
BRDA:111,7,0,0
BRDA:111,7,1,0
BRDA:111,8,0,0
BRDA:111,8,1,0
BRDA:116,9,0,0
BRDA:116,9,1,0
BRDA:132,10,0,0
BRDA:132,10,1,0
BRDA:132,10,2,0
BRDA:149,11,0,0
BRDA:149,11,1,0
BRF:25
BRH:0
end_of_record
TN:
SF:components/auth/ConfettiEffect.tsx
FN:14,(anonymous_0)
FN:18,(anonymous_1)
FN:20,(anonymous_2)
FN:32,(anonymous_3)
FN:59,(anonymous_4)
FNF:5
FNH:0
FNDA:0,(anonymous_0)
FNDA:0,(anonymous_1)
FNDA:0,(anonymous_2)
FNDA:0,(anonymous_3)
FNDA:0,(anonymous_4)
DA:4,0
DA:14,0
DA:15,0
DA:16,0
DA:18,0
DA:20,0
DA:21,0
DA:22,0
DA:32,0
DA:33,0
DA:54,0
DA:57,0
DA:60,0
DA:84,0
LF:14
LH:0
BRF:0
BRH:0
end_of_record
TN:
SF:components/auth/IntroText.tsx
FN:4,(anonymous_0)
FNF:1
FNH:0
FNDA:0,(anonymous_0)
DA:4,0
DA:5,0
LF:2
LH:0
BRF:0
BRH:0
end_of_record
TN:
SF:components/auth/Logo.tsx
FN:4,(anonymous_0)
FNF:1
FNH:0
FNDA:0,(anonymous_0)
DA:4,0
DA:5,0
DA:14,0
LF:3
LH:0
BRF:0
BRH:0
end_of_record
TN:
SF:components/auth/OnboardingCarousel.tsx
FN:45,(anonymous_0)
FN:49,(anonymous_1)
FN:55,(anonymous_2)
FN:77,(anonymous_3)
FN:90,(anonymous_4)
FNF:5
FNH:0
FNDA:0,(anonymous_0)
FNDA:0,(anonymous_1)
FNDA:0,(anonymous_2)
FNDA:0,(anonymous_3)
FNDA:0,(anonymous_4)
DA:5,0
DA:14,0
DA:45,0
DA:46,0
DA:47,0
DA:49,0
DA:50,0
DA:51,0
DA:52,0
DA:55,0
DA:56,0
DA:57,0
DA:64,0
DA:66,0
DA:78,0
DA:91,0
DA:136,0
LF:17
LH:0
BRDA:56,0,0,0
BRDA:56,0,1,0
BRDA:95,1,0,0
BRDA:95,1,1,0
BRDA:103,2,0,0
BRDA:103,2,1,0
BRDA:123,3,0,0
BRDA:123,3,1,0
BRF:8
BRH:0
end_of_record
TN:
SF:components/auth/index.ts
FNF:0
FNH:0
LF:0
LH:0
BRF:0
BRH:0
end_of_record
TN:
SF:components/dreams/DreamCard.tsx
FN:39,DreamCard
FN:107,(anonymous_1)
FNF:2
FNH:0
FNDA:0,DreamCard
FNDA:0,(anonymous_1)
DA:14,0
DA:23,0
DA:32,0
DA:40,0
DA:41,0
DA:42,0
DA:43,0
DA:45,0
DA:108,0
LF:9
LH:0
BRDA:83,0,0,0
BRDA:83,0,1,0
BRDA:101,1,0,0
BRDA:101,1,1,0
BRDA:105,2,0,0
BRDA:105,2,1,0
BRDA:118,3,0,0
BRDA:118,3,1,0
BRF:8
BRH:0
end_of_record
TN:
SF:components/dreams/StatsGrid.tsx
FN:11,StatsGrid
FN:42,(anonymous_1)
FN:80,getMostCommonType
FN:85,(anonymous_3)
FNF:4
FNH:0
FNDA:0,StatsGrid
FNDA:0,(anonymous_1)
FNDA:0,getMostCommonType
FNDA:0,(anonymous_3)
DA:12,0
DA:13,0
DA:40,0
DA:43,0
DA:81,0
DA:82,0
DA:83,0
DA:85,0
DA:86,0
DA:87,0
DA:88,0
DA:92,0
LF:12
LH:0
BRDA:23,0,0,0
BRDA:23,0,1,0
BRDA:29,1,0,0
BRDA:29,1,1,0
BRDA:86,2,0,0
BRDA:86,2,1,0
BRF:6
BRH:0
end_of_record
TN:
SF:components/dreams/StreakBanner.tsx
FN:11,StreakBanner
FN:12,(anonymous_1)
FN:20,(anonymous_2)
FNF:3
FNH:0
FNDA:0,StreakBanner
FNDA:0,(anonymous_1)
FNDA:0,(anonymous_2)
DA:12,0
DA:13,0
DA:14,0
DA:15,0
DA:16,0
DA:17,0
DA:20,0
DA:21,0
DA:22,0
DA:23,0
DA:24,0
DA:27,0
LF:12
LH:0
BRDA:13,0,0,0
BRDA:13,0,1,0
BRDA:14,1,0,0
BRDA:14,1,1,0
BRDA:15,2,0,0
BRDA:15,2,1,0
BRDA:16,3,0,0
BRDA:16,3,1,0
BRDA:21,4,0,0
BRDA:21,4,1,0
BRDA:22,5,0,0
BRDA:22,5,1,0
BRDA:23,6,0,0
BRDA:23,6,1,0
BRDA:30,7,0,0
BRDA:30,7,1,0
BRDA:69,8,0,0
BRDA:69,8,1,0
BRDA:74,9,0,0
BRDA:74,9,1,0
BRDA:74,10,0,0
BRDA:74,10,1,0
BRDA:81,11,0,0
BRDA:81,11,1,0
BRDA:83,12,0,0
BRDA:83,12,1,0
BRF:26
BRH:0
end_of_record
TN:
SF:components/dreams/index.ts
FNF:0
FNH:0
LF:0
LH:0
BRF:0
BRH:0
end_of_record
TN:
SF:components/forecast/ForecastCard.tsx
FN:11,(anonymous_0)
FN:16,(anonymous_1)
FNF:2
FNH:0
FNDA:0,(anonymous_0)
FNDA:0,(anonymous_1)
DA:11,0
DA:12,0
DA:13,0
DA:16,0
DA:17,0
DA:20,0
LF:6
LH:0
BRF:0
BRH:0
end_of_record
TN:
SF:components/forecast/MoonPhaseCard.tsx
FN:12,(anonymous_0)
FNF:1
FNH:0
FNDA:0,(anonymous_0)
DA:12,0
DA:13,0
DA:14,0
DA:15,0
DA:17,0
LF:5
LH:0
BRF:0
BRH:0
end_of_record
TN:
SF:components/forecast/RequestCounter.tsx
FN:11,(anonymous_0)
FNF:1
FNH:0
FNDA:0,(anonymous_0)
DA:11,0
DA:16,0
DA:17,0
DA:18,0
DA:19,0
DA:21,0
DA:23,0
LF:7
LH:0
BRDA:14,0,0,0
BRDA:21,1,0,0
BRDA:21,1,1,0
BRDA:21,2,0,0
BRDA:21,2,1,0
BRDA:48,3,0,0
BRDA:48,3,1,0
BRDA:49,4,0,0
BRDA:49,4,1,0
BRF:9
BRH:0
end_of_record
TN:
SF:components/forecast/index.ts
FNF:0
FNH:0
LF:0
LH:0
BRF:0
BRH:0
end_of_record
TN:
SF:components/home/DreamForecastCard.tsx
FN:8,(anonymous_0)
FN:14,(anonymous_1)
FN:38,(anonymous_2)
FNF:3
FNH:0
FNDA:0,(anonymous_0)
FNDA:0,(anonymous_1)
FNDA:0,(anonymous_2)
DA:8,0
DA:9,0
DA:10,0
DA:11,0
DA:14,0
DA:15,0
DA:18,0
DA:19,0
DA:28,0
DA:29,0
DA:32,0
DA:34,0
DA:38,0
LF:13
LH:0
BRDA:18,0,0,0
BRDA:18,0,1,0
BRDA:28,1,0,0
BRDA:28,1,1,0
BRF:4
BRH:0
end_of_record
TN:
SF:components/home/DreamGraphCard.tsx
FN:34,DreamGraph
FN:40,(anonymous_1)
FN:49,(anonymous_2)
FN:67,(anonymous_3)
FN:75,(anonymous_4)
FN:78,(anonymous_5)
FN:109,(anonymous_6)
FN:120,(anonymous_7)
FN:126,(anonymous_8)
FN:131,(anonymous_9)
FN:144,(anonymous_10)
FN:148,(anonymous_11)
FN:150,(anonymous_12)
FN:174,(anonymous_13)
FN:188,(anonymous_14)
FN:194,(anonymous_15)
FN:199,(anonymous_16)
FN:258,(anonymous_17)
FN:259,(anonymous_18)
FN:260,(anonymous_19)
FN:278,(anonymous_20)
FNF:21
FNH:0
FNDA:0,DreamGraph
FNDA:0,(anonymous_1)
FNDA:0,(anonymous_2)
FNDA:0,(anonymous_3)
FNDA:0,(anonymous_4)
FNDA:0,(anonymous_5)
FNDA:0,(anonymous_6)
FNDA:0,(anonymous_7)
FNDA:0,(anonymous_8)
FNDA:0,(anonymous_9)
FNDA:0,(anonymous_10)
FNDA:0,(anonymous_11)
FNDA:0,(anonymous_12)
FNDA:0,(anonymous_13)
FNDA:0,(anonymous_14)
FNDA:0,(anonymous_15)
FNDA:0,(anonymous_16)
FNDA:0,(anonymous_17)
FNDA:0,(anonymous_18)
FNDA:0,(anonymous_19)
FNDA:0,(anonymous_20)
DA:29,0
DA:30,0
DA:31,0
DA:32,0
DA:35,0
DA:36,0
DA:37,0
DA:40,0
DA:42,0
DA:44,0
DA:45,0
DA:49,0
DA:60,0
DA:61,0
DA:62,0
DA:63,0
DA:66,0
DA:67,0
DA:68,0
DA:70,0
DA:74,0
DA:75,0
DA:76,0
DA:78,0
DA:82,0
DA:84,0
DA:88,0
DA:90,0
DA:93,0
DA:94,0
DA:99,0
DA:100,0
DA:105,0
DA:109,0
DA:110,0
DA:112,0
DA:113,0
DA:114,0
DA:115,0
DA:116,0
DA:117,0
DA:119,0
DA:120,0
DA:121,0
DA:122,0
DA:123,0
DA:126,0
DA:127,0
DA:128,0
DA:131,0
DA:132,0
DA:134,0
DA:135,0
DA:136,0
DA:138,0
DA:139,0
DA:140,0
DA:144,0
DA:147,0
DA:148,0
DA:149,0
DA:150,0
DA:153,0
DA:155,0
DA:156,0
DA:157,0
DA:159,0
DA:160,0
DA:162,0
DA:163,0
DA:167,0
DA:168,0
DA:169,0
DA:170,0
DA:174,0
DA:175,0
DA:176,0
DA:179,0
DA:180,0
DA:181,0
DA:184,0
DA:185,0
DA:188,0
DA:191,0
DA:192,0
DA:194,0
DA:195,0
DA:199,0
DA:200,0
DA:208,0
DA:211,0
DA:213,0
DA:239,0
DA:259,0
DA:260,0
DA:262,0
DA:264,0
DA:279,0
LF:98
LH:0
BRDA:44,0,0,0
BRDA:44,0,1,0
BRDA:66,1,0,0
BRDA:66,1,1,0
BRDA:66,2,0,0
BRDA:66,2,1,0
BRDA:74,3,0,0
BRDA:74,3,1,0
BRDA:74,4,0,0
BRDA:74,4,1,0
BRDA:82,5,0,0
BRDA:82,5,1,0
BRDA:82,6,0,0
BRDA:82,6,1,0
BRDA:82,6,2,0
BRDA:88,7,0,0
BRDA:88,7,1,0
BRDA:88,8,0,0
BRDA:88,8,1,0
BRDA:93,9,0,0
BRDA:93,9,1,0
BRDA:110,10,0,0
BRDA:110,10,1,0
BRDA:121,11,0,0
BRDA:121,11,1,0
BRDA:132,12,0,0
BRDA:132,12,1,0
BRDA:136,13,0,0
BRDA:136,13,1,0
BRDA:147,14,0,0
BRDA:147,14,1,0
BRDA:149,15,0,0
BRDA:149,15,1,0
BRDA:153,16,0,0
BRDA:153,16,1,0
BRDA:157,17,0,0
BRDA:157,17,1,0
BRDA:208,18,0,0
BRDA:208,18,1,0
BRDA:211,19,0,0
BRDA:211,19,1,0
BRDA:262,20,0,0
BRDA:262,20,1,0
BRDA:262,21,0,0
BRDA:262,21,1,0
BRDA:300,22,0,0
BRDA:300,22,1,0
BRDA:303,23,0,0
BRDA:303,23,1,0
BRF:49
BRH:0
end_of_record
TN:
SF:components/home/HomeHeader.tsx
FN:12,HomeHeader
FN:22,(anonymous_1)
FN:28,(anonymous_2)
FN:39,(anonymous_3)
FN:43,(anonymous_4)
FN:67,(anonymous_5)
FNF:6
FNH:0
FNDA:0,HomeHeader
FNDA:0,(anonymous_1)
FNDA:0,(anonymous_2)
FNDA:0,(anonymous_3)
FNDA:0,(anonymous_4)
FNDA:0,(anonymous_5)
DA:13,0
DA:14,0
DA:15,0
DA:18,0
DA:19,0
DA:22,0
DA:23,0
DA:24,0
DA:28,0
DA:29,0
DA:30,0
DA:36,0
DA:39,0
DA:40,0
DA:43,0
DA:45,0
DA:67,0
DA:68,0
DA:71,0
DA:74,0
LF:20
LH:0
BRDA:23,0,0,0
BRDA:23,0,1,0
BRDA:79,1,0,0
BRDA:79,1,1,0
BRDA:101,2,0,0
BRDA:101,2,1,0
BRDA:132,3,0,0
BRDA:132,3,1,0
BRF:8
BRH:0
end_of_record
TN:
SF:components/home/QuickAddDreamCard.tsx
FN:8,QuickAddDreamCard
FN:12,(anonymous_1)
FNF:2
FNH:0
FNDA:0,QuickAddDreamCard
FNDA:0,(anonymous_1)
DA:9,0
DA:10,0
DA:12,0
DA:13,0
DA:16,0
LF:5
LH:0
BRDA:30,0,0,0
BRDA:30,0,1,0
BRDA:46,1,0,0
BRDA:46,1,1,0
BRF:4
BRH:0
end_of_record
TN:
SF:components/home/StatsOverview.tsx
FN:9,StatsOverview
FN:15,(anonymous_1)
FN:20,(anonymous_2)
FN:36,(anonymous_3)
FNF:4
FNH:0
FNDA:0,StatsOverview
FNDA:0,(anonymous_1)
FNDA:0,(anonymous_2)
FNDA:0,(anonymous_3)
DA:10,0
DA:11,0
DA:12,0
DA:15,0
DA:16,0
DA:17,0
DA:18,0
DA:20,0
DA:21,0
DA:22,0
DA:26,0
DA:28,0
DA:36,0
LF:13
LH:0
BRDA:22,0,0,0
BRDA:22,0,1,0
BRDA:83,1,0,0
BRDA:83,1,1,0
BRDA:123,2,0,0
BRDA:123,2,1,0
BRF:6
BRH:0
end_of_record
TN:
SF:components/home/WeekCalendar.tsx
FN:12,(anonymous_0)
FN:54,WeekCalendar
FN:58,(anonymous_2)
FN:72,(anonymous_3)
FN:75,(anonymous_4)
FN:85,(anonymous_5)
FNF:6
FNH:0
FNDA:0,(anonymous_0)
FNDA:0,WeekCalendar
FNDA:0,(anonymous_2)
FNDA:0,(anonymous_3)
FNDA:0,(anonymous_4)
FNDA:0,(anonymous_5)
DA:12,0
DA:13,0
DA:14,0
DA:15,0
DA:17,0
DA:55,0
DA:58,0
DA:59,0
DA:60,0
DA:62,0
DA:63,0
DA:64,0
DA:65,0
DA:68,0
DA:72,0
DA:73,0
DA:75,0
DA:76,0
DA:77,0
DA:78,0
DA:82,0
DA:86,0
DA:87,0
DA:89,0
LF:24
LH:0
BRDA:20,0,0,0
BRDA:20,0,1,0
BRDA:23,1,0,0
BRDA:23,1,1,0
BRDA:32,2,0,0
BRDA:32,2,1,0
BRDA:33,3,0,0
BRDA:33,3,1,0
BRDA:39,4,0,0
BRDA:39,4,1,0
BRDA:45,5,0,0
BRDA:45,5,1,0
BRF:12
BRH:0
end_of_record
TN:
SF:components/home/index.ts
FNF:0
FNH:0
LF:0
LH:0
BRF:0
BRH:0
end_of_record
TN:
SF:components/notifications/NotificationItem.tsx
FN:14,(anonymous_0)
FN:23,(anonymous_1)
FN:36,(anonymous_2)
FN:54,(anonymous_3)
FN:62,(anonymous_4)
FN:124,(anonymous_5)
FN:139,(anonymous_6)
FNF:7
FNH:0
FNDA:0,(anonymous_0)
FNDA:0,(anonymous_1)
FNDA:0,(anonymous_2)
FNDA:0,(anonymous_3)
FNDA:0,(anonymous_4)
FNDA:0,(anonymous_5)
FNDA:0,(anonymous_6)
DA:14,0
DA:20,0
DA:21,0
DA:23,0
DA:24,0
DA:26,0
DA:28,0
DA:30,0
DA:32,0
DA:36,0
DA:37,0
DA:38,0
DA:39,0
DA:40,0
DA:41,0
DA:42,0
DA:44,0
DA:45,0
DA:46,0
DA:47,0
DA:49,0
DA:52,0
DA:55,0
DA:56,0
DA:58,0
DA:59,0
DA:62,0
DA:125,0
DA:126,0
DA:140,0
DA:141,0
LF:31
LH:0
BRDA:24,0,0,0
BRDA:24,0,1,0
BRDA:24,0,2,0
BRDA:24,0,3,0
BRDA:44,1,0,0
BRDA:44,1,1,0
BRDA:45,2,0,0
BRDA:45,2,1,0
BRDA:46,3,0,0
BRDA:46,3,1,0
BRDA:47,4,0,0
BRDA:47,4,1,0
BRDA:55,5,0,0
BRDA:55,5,1,0
BRDA:58,6,0,0
BRDA:58,6,1,0
BRDA:58,7,0,0
BRDA:58,7,1,0
BRDA:69,8,0,0
BRDA:69,8,1,0
BRDA:70,9,0,0
BRDA:70,9,1,0
BRDA:95,10,0,0
BRDA:95,10,1,0
BRDA:120,11,0,0
BRDA:120,11,1,0
BRDA:122,12,0,0
BRDA:122,12,1,0
BRDA:122,12,2,0
BRDA:137,13,0,0
BRDA:137,13,1,0
BRF:31
BRH:0
end_of_record
TN:
SF:components/notifications/NotificationList.tsx
FN:17,(anonymous_0)
FN:27,(anonymous_1)
FN:44,(anonymous_2)
FN:82,(anonymous_3)
FN:83,(anonymous_4)
FNF:5
FNH:0
FNDA:0,(anonymous_0)
FNDA:0,(anonymous_1)
FNDA:0,(anonymous_2)
FNDA:0,(anonymous_3)
FNDA:0,(anonymous_4)
DA:17,0
DA:25,0
DA:27,0
DA:28,0
DA:44,0
DA:46,0
DA:82,0
DA:84,0
LF:8
LH:0
BRDA:48,0,0,0
BRDA:48,0,1,0
BRDA:51,1,0,0
BRDA:51,1,1,0
BRDA:54,2,0,0
BRDA:54,2,1,0
BRDA:54,2,2,0
BRDA:65,3,0,0
BRDA:65,3,1,0
BRDA:65,3,2,0
BRF:10
BRH:0
end_of_record
TN:
SF:components/notifications/NotificationSettings.tsx
FN:15,(anonymous_0)
FN:24,(anonymous_1)
FN:35,(anonymous_2)
FN:44,(anonymous_3)
FN:51,(anonymous_4)
FN:90,(anonymous_5)
FN:135,(anonymous_6)
FN:157,(anonymous_7)
FN:195,(anonymous_8)
FN:205,(anonymous_9)
FNF:10
FNH:0
FNDA:0,(anonymous_0)
FNDA:0,(anonymous_1)
FNDA:0,(anonymous_2)
FNDA:0,(anonymous_3)
FNDA:0,(anonymous_4)
FNDA:0,(anonymous_5)
FNDA:0,(anonymous_6)
FNDA:0,(anonymous_7)
FNDA:0,(anonymous_8)
FNDA:0,(anonymous_9)
DA:15,0
DA:21,0
DA:22,0
DA:24,0
DA:25,0
DA:26,0
DA:27,0
DA:28,0
DA:31,0
DA:35,0
DA:36,0
DA:37,0
DA:38,0
DA:39,0
DA:40,0
DA:44,0
DA:45,0
DA:46,0
DA:47,0
DA:48,0
DA:51,0
DA:52,0
DA:53,0
DA:54,0
DA:55,0
DA:58,0
DA:90,0
DA:135,0
DA:157,0
DA:195,0
DA:205,0
LF:31
LH:0
BRDA:25,0,0,0
BRDA:25,0,1,0
BRDA:27,1,0,0
BRDA:27,1,1,0
BRDA:37,2,0,0
BRDA:37,2,1,0
BRDA:53,3,0,0
BRDA:53,3,1,0
BRDA:54,4,0,0
BRDA:54,4,1,0
BRDA:82,5,0,0
BRDA:82,5,1,0
BRDA:88,6,0,0
BRDA:88,6,1,0
BRDA:118,7,0,0
BRDA:118,7,1,0
BRDA:137,8,0,0
BRDA:137,8,1,0
BRDA:159,9,0,0
BRDA:159,9,1,0
BRDA:165,10,0,0
BRDA:165,10,1,0
BRDA:184,11,0,0
BRDA:184,11,1,0
BRDA:185,12,0,0
BRDA:185,12,1,0
BRF:26
BRH:0
end_of_record
TN:
SF:components/notifications/index.ts
FNF:0
FNH:0
LF:0
LH:0
BRF:0
BRH:0
end_of_record
TN:
SF:components/search/ChipSelector.tsx
FN:11,ChipSelector
FN:20,(anonymous_1)
FN:23,(anonymous_2)
FNF:3
FNH:0
FNDA:0,ChipSelector
FNDA:0,(anonymous_1)
FNDA:0,(anonymous_2)
DA:16,0
DA:18,0
DA:21,0
DA:23,0
LF:4
LH:0
BRDA:26,0,0,0
BRDA:26,0,1,0
BRDA:32,1,0,0
BRDA:32,1,1,0
BRF:4
BRH:0
end_of_record
TN:
SF:components/search/EmptyState.tsx
FN:10,EmptyState
FNF:1
FNH:0
FNDA:0,EmptyState
DA:11,0
DA:13,0
LF:2
LH:0
BRDA:25,0,0,0
BRDA:25,0,1,0
BRF:2
BRH:0
end_of_record
TN:
SF:components/search/FilterSection.tsx
FN:13,FilterSection
FNF:1
FNH:0
FNDA:0,FilterSection
DA:14,0
DA:16,0
LF:2
LH:0
BRDA:26,0,0,0
BRDA:26,0,1,0
BRDA:31,1,0,0
BRDA:31,1,1,0
BRF:4
BRH:0
end_of_record
TN:
SF:components/search/FilterToggle.tsx
FN:12,FilterToggle
FNF:1
FNH:0
FNDA:0,FilterToggle
DA:13,0
DA:15,0
LF:2
LH:0
BRDA:19,0,0,0
BRDA:19,0,1,0
BRDA:21,1,0,0
BRDA:21,1,1,0
BRDA:24,2,0,0
BRDA:24,2,1,0
BRDA:28,3,0,0
BRDA:28,3,1,0
BRDA:31,4,0,0
BRDA:31,4,1,0
BRDA:33,5,0,0
BRDA:33,5,1,0
BRF:12
BRH:0
end_of_record
TN:
SF:components/search/FiltersPanel.tsx
FN:37,FiltersPanel
FN:70,(anonymous_1)
FN:83,(anonymous_2)
FN:97,(anonymous_3)
FN:111,(anonymous_4)
FN:125,(anonymous_5)
FNF:6
FNH:0
FNDA:0,FiltersPanel
FNDA:0,(anonymous_1)
FNDA:0,(anonymous_2)
FNDA:0,(anonymous_3)
FNDA:0,(anonymous_4)
FNDA:0,(anonymous_5)
DA:59,0
DA:61,0
DA:70,0
DA:83,0
DA:97,0
DA:111,0
DA:125,0
LF:7
LH:0
BRF:0
BRH:0
end_of_record
TN:
SF:components/search/RangeSelector.tsx
FN:12,RangeSelector
FN:21,(anonymous_1)
FN:24,(anonymous_2)
FN:45,(anonymous_3)
FN:48,(anonymous_4)
FNF:5
FNH:0
FNDA:0,RangeSelector
FNDA:0,(anonymous_1)
FNDA:0,(anonymous_2)
FNDA:0,(anonymous_3)
FNDA:0,(anonymous_4)
DA:13,0
DA:15,0
DA:22,0
DA:24,0
DA:46,0
DA:48,0
LF:6
LH:0
BRDA:29,0,0,0
BRDA:29,0,1,0
BRDA:34,1,0,0
BRDA:34,1,1,0
BRDA:53,2,0,0
BRDA:53,2,1,0
BRDA:58,3,0,0
BRDA:58,3,1,0
BRF:8
BRH:0
end_of_record
TN:
SF:components/search/ResultsList.tsx
FN:12,ResultsList
FN:24,(anonymous_1)
FN:26,(anonymous_2)
FN:29,(anonymous_3)
FNF:4
FNH:0
FNDA:0,ResultsList
FNDA:0,(anonymous_1)
FNDA:0,(anonymous_2)
FNDA:0,(anonymous_3)
DA:13,0
DA:15,0
DA:24,0
DA:27,0
DA:29,0
LF:5
LH:0
BRDA:19,0,0,0
BRDA:19,0,1,0
BRF:2
BRH:0
end_of_record
TN:
SF:components/search/SearchContainer.tsx
FN:44,SearchContainer
FN:51,(anonymous_1)
FN:52,(anonymous_2)
FN:54,(anonymous_3)
FN:59,(anonymous_4)
FN:65,(anonymous_5)
FN:67,(anonymous_6)
FN:68,(anonymous_7)
FN:76,(anonymous_8)
FN:81,(anonymous_9)
FN:86,(anonymous_10)
FN:91,(anonymous_11)
FN:96,(anonymous_12)
FN:101,(anonymous_13)
FN:106,(anonymous_14)
FN:110,(anonymous_15)
FN:130,(anonymous_16)
FN:142,(anonymous_17)
FN:146,(anonymous_18)
FN:147,(anonymous_19)
FN:150,(anonymous_20)
FN:155,(anonymous_21)
FN:156,(anonymous_22)
FN:159,(anonymous_23)
FN:175,(anonymous_24)
FN:175,(anonymous_25)
FN:182,(anonymous_26)
FN:188,(anonymous_27)
FN:188,(anonymous_28)
FN:204,(anonymous_29)
FN:204,(anonymous_30)
FN:205,(anonymous_31)
FN:205,(anonymous_32)
FN:208,(anonymous_33)
FN:208,(anonymous_34)
FN:209,(anonymous_35)
FN:209,(anonymous_36)
FN:212,(anonymous_37)
FN:212,(anonymous_38)
FN:213,(anonymous_39)
FN:213,(anonymous_40)
FNF:41
FNH:0
FNDA:0,SearchContainer
FNDA:0,(anonymous_1)
FNDA:0,(anonymous_2)
FNDA:0,(anonymous_3)
FNDA:0,(anonymous_4)
FNDA:0,(anonymous_5)
FNDA:0,(anonymous_6)
FNDA:0,(anonymous_7)
FNDA:0,(anonymous_8)
FNDA:0,(anonymous_9)
FNDA:0,(anonymous_10)
FNDA:0,(anonymous_11)
FNDA:0,(anonymous_12)
FNDA:0,(anonymous_13)
FNDA:0,(anonymous_14)
FNDA:0,(anonymous_15)
FNDA:0,(anonymous_16)
FNDA:0,(anonymous_17)
FNDA:0,(anonymous_18)
FNDA:0,(anonymous_19)
FNDA:0,(anonymous_20)
FNDA:0,(anonymous_21)
FNDA:0,(anonymous_22)
FNDA:0,(anonymous_23)
FNDA:0,(anonymous_24)
FNDA:0,(anonymous_25)
FNDA:0,(anonymous_26)
FNDA:0,(anonymous_27)
FNDA:0,(anonymous_28)
FNDA:0,(anonymous_29)
FNDA:0,(anonymous_30)
FNDA:0,(anonymous_31)
FNDA:0,(anonymous_32)
FNDA:0,(anonymous_33)
FNDA:0,(anonymous_34)
FNDA:0,(anonymous_35)
FNDA:0,(anonymous_36)
FNDA:0,(anonymous_37)
FNDA:0,(anonymous_38)
FNDA:0,(anonymous_39)
FNDA:0,(anonymous_40)
DA:29,0
DA:45,0
DA:46,0
DA:47,0
DA:48,0
DA:49,0
DA:51,0
DA:52,0
DA:53,0
DA:54,0
DA:59,0
DA:60,0
DA:63,0
DA:64,0
DA:65,0
DA:66,0
DA:67,0
DA:68,0
DA:75,0
DA:76,0
DA:80,0
DA:81,0
DA:85,0
DA:86,0
DA:90,0
DA:91,0
DA:95,0
DA:96,0
DA:100,0
DA:101,0
DA:103,0
DA:104,0
DA:105,0
DA:106,0
DA:110,0
DA:111,0
DA:113,0
DA:115,0
DA:117,0
DA:119,0
DA:121,0
DA:123,0
DA:127,0
DA:130,0
DA:131,0
DA:132,0
DA:133,0
DA:134,0
DA:135,0
DA:136,0
DA:137,0
DA:138,0
DA:139,0
DA:142,0
DA:143,0
DA:146,0
DA:147,0
DA:150,0
DA:155,0
DA:156,0
DA:159,0
DA:164,0
DA:165,0
DA:167,0
DA:175,0
DA:182,0
DA:188,0
DA:204,0
DA:205,0
DA:208,0
DA:209,0
DA:212,0
DA:213,0
LF:73
LH:0
BRDA:53,0,0,0
BRDA:53,0,1,0
BRDA:63,1,0,0
BRDA:63,1,1,0
BRDA:66,2,0,0
BRDA:66,2,1,0
BRDA:66,2,2,0
BRDA:66,2,3,0
BRDA:66,2,4,0
BRDA:75,3,0,0
BRDA:75,3,1,0
BRDA:81,4,0,0
BRDA:81,4,1,0
BRDA:86,5,0,0
BRDA:86,5,1,0
BRDA:91,6,0,0
BRDA:91,6,1,0
BRDA:95,7,0,0
BRDA:95,7,1,0
BRDA:100,8,0,0
BRDA:100,8,1,0
BRDA:103,9,0,0
BRDA:103,9,1,0
BRDA:111,10,0,0
BRDA:111,10,1,0
BRDA:111,10,2,0
BRDA:111,10,3,0
BRDA:111,10,4,0
BRDA:111,10,5,0
BRDA:132,11,0,0
BRDA:132,11,1,0
BRDA:133,12,0,0
BRDA:133,12,1,0
BRDA:134,13,0,0
BRDA:134,13,1,0
BRDA:134,14,0,0
BRDA:134,14,1,0
BRDA:135,15,0,0
BRDA:135,15,1,0
BRDA:135,16,0,0
BRDA:135,16,1,0
BRDA:136,17,0,0
BRDA:136,17,1,0
BRDA:136,18,0,0
BRDA:136,18,1,0
BRDA:137,19,0,0
BRDA:137,19,1,0
BRDA:138,20,0,0
BRDA:138,20,1,0
BRDA:138,21,0,0
BRDA:138,21,1,0
BRDA:149,22,0,0
BRDA:149,22,1,0
BRDA:158,23,0,0
BRDA:158,23,1,0
BRDA:194,24,0,0
BRDA:194,24,1,0
BRDA:221,25,0,0
BRDA:221,25,1,0
BRF:59
BRH:0
end_of_record
TN:
SF:components/search/SearchHeader.tsx
FN:11,SearchHeader
FNF:1
FNH:0
FNDA:0,SearchHeader
DA:12,0
DA:14,0
LF:2
LH:0
BRDA:19,0,0,0
BRDA:19,0,1,0
BRF:2
BRH:0
end_of_record
TN:
SF:components/search/SearchInput.tsx
FN:12,SearchInput
FN:27,(anonymous_1)
FNF:2
FNH:0
FNDA:0,SearchInput
FNDA:0,(anonymous_1)
DA:13,0
DA:15,0
DA:27,0
LF:3
LH:0
BRDA:12,0,0,0
BRDA:26,1,0,0
BRDA:26,1,1,0
BRF:3
BRH:0
end_of_record
TN:
SF:components/search/SortOptions.tsx
FN:21,SortOptions
FN:28,(anonymous_1)
FN:31,(anonymous_2)
FNF:3
FNH:0
FNDA:0,SortOptions
FNDA:0,(anonymous_1)
FNDA:0,(anonymous_2)
DA:13,0
DA:22,0
DA:24,0
DA:29,0
DA:31,0
LF:5
LH:0
BRDA:34,0,0,0
BRDA:34,0,1,0
BRDA:40,1,0,0
BRDA:40,1,1,0
BRF:4
BRH:0
end_of_record
TN:
SF:components/search/index.ts
FNF:0
FNH:0
LF:0
LH:0
BRF:0
BRH:0
end_of_record
TN:
SF:constants/colors.ts
FNF:0
FNH:0
DA:1,0
LF:1
LH:0
BRF:0
BRH:0
end_of_record
TN:
SF:providers/AuthContext.tsx
FN:16,(anonymous_0)
FN:17,(anonymous_1)
FN:20,(anonymous_2)
FN:24,(anonymous_3)
FN:29,(anonymous_4)
FN:33,(anonymous_5)
FN:45,(anonymous_6)
FN:52,(anonymous_7)
FN:60,(anonymous_8)
FNF:9
FNH:3
FNDA:0,(anonymous_0)
FNDA:0,(anonymous_1)
FNDA:0,(anonymous_2)
FNDA:2,(anonymous_3)
FNDA:1,(anonymous_4)
FNDA:1,(anonymous_5)
FNDA:0,(anonymous_6)
FNDA:0,(anonymous_7)
FNDA:0,(anonymous_8)
DA:12,1
DA:20,1
DA:22,1
DA:24,1
DA:25,2
DA:26,2
DA:27,2
DA:29,2
DA:30,1
DA:33,2
DA:34,1
DA:35,1
DA:36,1
DA:38,0
DA:39,0
DA:41,1
DA:45,2
DA:46,0
DA:47,0
DA:48,0
DA:49,0
DA:52,0
DA:53,0
DA:56,0
DA:60,2
DA:61,0
DA:62,0
DA:63,0
DA:65,0
DA:69,2
LF:30
LH:17
BRF:0
BRH:0
end_of_record
TN:
SF:providers/DreamContext.tsx
FN:28,(anonymous_0)
FN:29,(anonymous_1)
FN:30,(anonymous_2)
FN:31,(anonymous_3)
FN:32,(anonymous_4)
FN:35,(anonymous_5)
FN:40,(anonymous_6)
FN:60,(anonymous_7)
FN:64,(anonymous_8)
FN:89,(anonymous_9)
FN:99,(anonymous_10)
FN:125,(anonymous_11)
FN:135,(anonymous_12)
FN:203,(anonymous_13)
FN:208,(anonymous_14)
FN:209,(anonymous_15)
FN:218,(anonymous_16)
FN:222,(anonymous_17)
FN:235,(anonymous_18)
FN:236,(anonymous_19)
FN:244,(anonymous_20)
FN:245,(anonymous_21)
FN:249,(anonymous_22)
FN:250,(anonymous_23)
FNF:24
FNH:0
FNDA:0,(anonymous_0)
FNDA:0,(anonymous_1)
FNDA:0,(anonymous_2)
FNDA:0,(anonymous_3)
FNDA:0,(anonymous_4)
FNDA:0,(anonymous_5)
FNDA:0,(anonymous_6)
FNDA:0,(anonymous_7)
FNDA:0,(anonymous_8)
FNDA:0,(anonymous_9)
FNDA:0,(anonymous_10)
FNDA:0,(anonymous_11)
FNDA:0,(anonymous_12)
FNDA:0,(anonymous_13)
FNDA:0,(anonymous_14)
FNDA:0,(anonymous_15)
FNDA:0,(anonymous_16)
FNDA:0,(anonymous_17)
FNDA:0,(anonymous_18)
FNDA:0,(anonymous_19)
FNDA:0,(anonymous_20)
FNDA:0,(anonymous_21)
FNDA:0,(anonymous_22)
FNDA:0,(anonymous_23)
DA:16,0
DA:31,0
DA:35,0
DA:37,0
DA:38,0
DA:40,0
DA:41,0
DA:42,0
DA:58,0
DA:60,0
DA:61,0
DA:64,0
DA:65,0
DA:66,0
DA:71,0
DA:72,0
DA:73,0
DA:76,0
DA:77,0
DA:80,0
DA:83,0
DA:85,0
DA:89,0
DA:90,0
DA:91,0
DA:92,0
DA:93,0
DA:95,0
DA:99,0
DA:100,0
DA:117,0
DA:118,0
DA:119,0
DA:120,0
DA:124,0
DA:125,0
DA:128,0
DA:132,0
DA:133,0
DA:135,0
DA:136,0
DA:137,0
DA:138,0
DA:140,0
DA:141,0
DA:142,0
DA:147,0
DA:148,0
DA:149,0
DA:151,0
DA:152,0
DA:153,0
DA:155,0
DA:156,0
DA:157,0
DA:160,0
DA:161,0
DA:162,0
DA:163,0
DA:166,0
DA:167,0
DA:168,0
DA:169,0
DA:170,0
DA:172,0
DA:173,0
DA:174,0
DA:176,0
DA:183,0
DA:184,0
DA:185,0
DA:186,0
DA:187,0
DA:188,0
DA:190,0
DA:191,0
DA:193,0
DA:194,0
DA:197,0
DA:199,0
DA:200,0
DA:203,0
DA:204,0
DA:208,0
DA:209,0
DA:211,0
DA:212,0
DA:214,0
DA:215,0
DA:218,0
DA:219,0
DA:222,0
DA:223,0
DA:224,0
DA:231,0
DA:232,0
DA:235,0
DA:236,0
DA:237,0
DA:241,0
DA:244,0
DA:245,0
DA:246,0
DA:249,0
DA:250,0
DA:253,0
LF:106
LH:0
BRDA:71,0,0,0
BRDA:71,0,1,0
BRDA:76,1,0,0
BRDA:76,1,1,0
BRDA:80,2,0,0
BRDA:80,2,1,0
BRDA:117,3,0,0
BRDA:117,3,1,0
BRDA:140,4,0,0
BRDA:140,4,1,0
BRDA:160,5,0,0
BRDA:160,5,1,0
BRDA:162,6,0,0
BRDA:162,6,1,0
BRDA:162,7,0,0
BRDA:162,7,1,0
BRDA:172,8,0,0
BRDA:172,8,1,0
BRDA:190,9,0,0
BRDA:190,9,1,0
BRDA:237,10,0,0
BRDA:237,10,1,0
BRF:22
BRH:0
end_of_record
TN:
SF:providers/MoonContext.tsx
FN:13,(anonymous_0)
FN:33,(anonymous_1)
FN:45,(anonymous_2)
FN:54,(anonymous_3)
FN:58,(anonymous_4)
FN:65,(anonymous_5)
FN:110,(anonymous_6)
FNF:7
FNH:0
FNDA:0,(anonymous_0)
FNDA:0,(anonymous_1)
FNDA:0,(anonymous_2)
FNDA:0,(anonymous_3)
FNDA:0,(anonymous_4)
FNDA:0,(anonymous_5)
FNDA:0,(anonymous_6)
DA:13,0
DA:15,0
DA:18,0
DA:31,0
DA:33,0
DA:34,0
DA:35,0
DA:36,0
DA:38,0
DA:45,0
DA:46,0
DA:47,0
DA:48,0
DA:49,0
DA:50,0
DA:51,0
DA:54,0
DA:55,0
DA:58,0
DA:59,0
DA:60,0
DA:61,0
DA:62,0
DA:65,0
DA:66,0
DA:68,0
DA:69,0
DA:70,0
DA:71,0
DA:74,0
DA:75,0
DA:77,0
DA:78,0
DA:81,0
DA:84,0
DA:85,0
DA:88,0
DA:89,0
DA:92,0
DA:93,0
DA:95,0
DA:97,0
DA:101,0
DA:103,0
DA:104,0
DA:106,0
DA:110,0
DA:111,0
DA:114,0
DA:124,0
LF:50
LH:0
BRDA:15,0,0,0
BRDA:15,0,1,0
BRDA:15,0,2,0
BRDA:18,1,0,0
BRDA:18,1,1,0
BRDA:35,2,0,0
BRDA:35,2,1,0
BRDA:68,3,0,0
BRDA:68,3,1,0
BRDA:84,4,0,0
BRDA:84,4,1,0
BRDA:88,5,0,0
BRDA:88,5,1,0
BRF:13
BRH:0
end_of_record
TN:
SF:providers/NotificationContext.tsx
FN:34,(anonymous_0)
FN:35,(anonymous_1)
FN:36,(anonymous_2)
FN:37,(anonymous_3)
FN:38,(anonymous_4)
FN:39,(anonymous_5)
FN:40,(anonymous_6)
FN:41,(anonymous_7)
FN:42,(anonymous_8)
FN:43,(anonymous_9)
FN:46,(anonymous_10)
FN:54,(anonymous_11)
FN:63,(anonymous_12)
FN:74,(anonymous_13)
FN:80,(anonymous_14)
FN:86,(anonymous_15)
FN:88,(anonymous_16)
FN:92,(anonymous_17)
FN:106,(anonymous_18)
FN:117,(anonymous_19)
FN:126,(anonymous_20)
FN:135,(anonymous_21)
FN:166,(anonymous_22)
FN:199,(anonymous_23)
FN:207,(anonymous_24)
FN:226,(anonymous_25)
FN:238,(anonymous_26)
FN:239,(anonymous_27)
FN:245,(anonymous_28)
FN:246,(anonymous_29)
FN:253,(anonymous_30)
FN:254,(anonymous_31)
FN:258,(anonymous_32)
FN:262,(anonymous_33)
FN:277,(anonymous_34)
FN:278,(anonymous_35)
FN:295,(anonymous_36)
FNF:37
FNH:0
FNDA:0,(anonymous_0)
FNDA:0,(anonymous_1)
FNDA:0,(anonymous_2)
FNDA:0,(anonymous_3)
FNDA:0,(anonymous_4)
FNDA:0,(anonymous_5)
FNDA:0,(anonymous_6)
FNDA:0,(anonymous_7)
FNDA:0,(anonymous_8)
FNDA:0,(anonymous_9)
FNDA:0,(anonymous_10)
FNDA:0,(anonymous_11)
FNDA:0,(anonymous_12)
FNDA:0,(anonymous_13)
FNDA:0,(anonymous_14)
FNDA:0,(anonymous_15)
FNDA:0,(anonymous_16)
FNDA:0,(anonymous_17)
FNDA:0,(anonymous_18)
FNDA:0,(anonymous_19)
FNDA:0,(anonymous_20)
FNDA:0,(anonymous_21)
FNDA:0,(anonymous_22)
FNDA:0,(anonymous_23)
FNDA:0,(anonymous_24)
FNDA:0,(anonymous_25)
FNDA:0,(anonymous_26)
FNDA:0,(anonymous_27)
FNDA:0,(anonymous_28)
FNDA:0,(anonymous_29)
FNDA:0,(anonymous_30)
FNDA:0,(anonymous_31)
FNDA:0,(anonymous_32)
FNDA:0,(anonymous_33)
FNDA:0,(anonymous_34)
FNDA:0,(anonymous_35)
FNDA:0,(anonymous_36)
DA:24,0
DA:40,0
DA:46,0
DA:48,0
DA:49,0
DA:50,0
DA:53,0
DA:54,0
DA:63,0
DA:64,0
DA:65,0
DA:71,0
DA:72,0
DA:74,0
DA:75,0
DA:76,0
DA:80,0
DA:81,0
DA:82,0
DA:86,0
DA:88,0
DA:89,0
DA:92,0
DA:93,0
DA:94,0
DA:95,0
DA:96,0
DA:97,0
DA:100,0
DA:102,0
DA:106,0
DA:107,0
DA:108,0
DA:109,0
DA:110,0
DA:113,0
DA:117,0
DA:118,0
DA:119,0
DA:120,0
DA:122,0
DA:126,0
DA:127,0
DA:128,0
DA:129,0
DA:131,0
DA:135,0
DA:136,0
DA:137,0
DA:138,0
DA:140,0
DA:141,0
DA:142,0
DA:145,0
DA:146,0
DA:150,0
DA:151,0
DA:159,0
DA:161,0
DA:162,0
DA:166,0
DA:167,0
DA:169,0
DA:171,0
DA:172,0
DA:176,0
DA:179,0
DA:195,0
DA:199,0
DA:200,0
DA:201,0
DA:203,0
DA:207,0
DA:208,0
DA:209,0
DA:222,0
DA:226,0
DA:227,0
DA:234,0
DA:235,0
DA:238,0
DA:239,0
DA:240,0
DA:242,0
DA:245,0
DA:246,0
DA:250,0
DA:253,0
DA:254,0
DA:255,0
DA:258,0
DA:259,0
DA:262,0
DA:263,0
DA:264,0
DA:267,0
DA:268,0
DA:269,0
DA:271,0
DA:277,0
DA:278,0
DA:279,0
DA:285,0
DA:286,0
DA:295,0
DA:298,0
LF:106
LH:0
BRDA:81,0,0,0
BRDA:81,0,1,0
BRDA:81,1,0,0
BRDA:81,1,1,0
BRDA:95,2,0,0
BRDA:95,2,1,0
BRDA:109,3,0,0
BRDA:109,3,1,0
BRDA:140,4,0,0
BRDA:140,4,1,0
BRDA:145,5,0,0
BRDA:145,5,1,0
BRDA:150,6,0,0
BRDA:150,6,1,0
BRDA:171,7,0,0
BRDA:171,7,1,0
BRDA:240,8,0,0
BRDA:240,8,1,0
BRDA:267,9,0,0
BRDA:267,9,1,0
BRDA:267,10,0,0
BRDA:267,10,1,0
BRDA:268,11,0,0
BRDA:268,11,1,0
BRDA:285,12,0,0
BRDA:285,12,1,0
BRDA:288,13,0,0
BRDA:288,13,1,0
BRDA:289,14,0,0
BRDA:289,14,1,0
BRF:30
BRH:0
end_of_record
TN:
SF:providers/ProfileContext.tsx
FN:26,(anonymous_0)
FN:27,(anonymous_1)
FN:30,(anonymous_2)
FN:34,(anonymous_3)
FN:38,(anonymous_4)
FN:42,(anonymous_5)
FN:55,(anonymous_6)
FN:66,(anonymous_7)
FNF:8
FNH:3
FNDA:0,(anonymous_0)
FNDA:0,(anonymous_1)
FNDA:0,(anonymous_2)
FNDA:2,(anonymous_3)
FNDA:1,(anonymous_4)
FNDA:1,(anonymous_5)
FNDA:0,(anonymous_6)
FNDA:0,(anonymous_7)
DA:17,1
DA:23,1
DA:30,1
DA:32,1
DA:34,1
DA:35,2
DA:36,2
DA:38,2
DA:39,1
DA:42,2
DA:43,1
DA:44,1
DA:45,1
DA:46,0
DA:49,0
DA:51,1
DA:55,2
DA:56,0
DA:57,0
DA:58,0
DA:59,0
DA:61,0
DA:62,0
DA:66,2
DA:67,0
DA:68,0
DA:69,0
DA:71,0
DA:75,2
LF:29
LH:17
BRDA:45,0,0,0
BRDA:45,0,1,1
BRF:2
BRH:1
end_of_record
TN:
SF:providers/ThemeContext.tsx
FN:80,(anonymous_0)
FN:85,(anonymous_1)
FN:89,(anonymous_2)
FN:100,(anonymous_3)
FN:105,(anonymous_4)
FN:119,(anonymous_5)
FN:124,(anonymous_6)
FN:140,(anonymous_7)
FNF:8
FNH:0
FNDA:0,(anonymous_0)
FNDA:0,(anonymous_1)
FNDA:0,(anonymous_2)
FNDA:0,(anonymous_3)
FNDA:0,(anonymous_4)
FNDA:0,(anonymous_5)
FNDA:0,(anonymous_6)
FNDA:0,(anonymous_7)
DA:6,0
DA:7,0
DA:38,0
DA:40,0
DA:60,0
DA:80,0
DA:81,0
DA:82,0
DA:85,0
DA:86,0
DA:89,0
DA:90,0
DA:91,0
DA:92,0
DA:93,0
DA:96,0
DA:100,0
DA:102,0
DA:105,0
DA:107,0
DA:115,0
DA:116,0
DA:119,0
DA:120,0
DA:124,0
DA:125,0
DA:130,0
DA:131,0
DA:133,0
DA:140,0
DA:141,0
DA:142,0
DA:143,0
DA:145,0
LF:34
LH:0
BRDA:6,0,0,0
BRDA:6,0,1,0
BRDA:6,1,0,0
BRDA:6,1,1,0
BRDA:92,2,0,0
BRDA:92,2,1,0
BRDA:92,3,0,0
BRDA:92,3,1,0
BRDA:115,4,0,0
BRDA:115,4,1,0
BRDA:130,5,0,0
BRDA:130,5,1,0
BRDA:142,6,0,0
BRDA:142,6,1,0
BRF:14
BRH:0
end_of_record
TN:
SF:types/astronomy.ts
FNF:0
FNH:0
LF:0
LH:0
BRF:0
BRH:0
end_of_record
TN:
SF:types/dream.ts
FNF:0
FNH:0
LF:0
LH:0
BRF:0
BRH:0
end_of_record
TN:
SF:types/notification.ts
FNF:0
FNH:0
LF:0
LH:0
BRF:0
BRH:0
end_of_record
TN:
SF:utils/dateFormat.ts
FN:12,format
FN:24,(anonymous_1)
FNF:2
FNH:0
FNDA:0,format
FNDA:0,(anonymous_1)
DA:13,0
DA:15,0
DA:16,0
DA:17,0
DA:18,0
DA:19,0
DA:21,0
DA:22,0
DA:24,0
DA:26,0
LF:10
LH:0
BRDA:21,0,0,0
BRDA:21,0,1,0
BRDA:22,1,0,0
BRDA:22,1,1,0
BRF:4
BRH:0
end_of_record
TN:
SF:utils/dreamForecastAlgorithm.ts
FN:8,(anonymous_0)
FN:16,(anonymous_1)
FN:24,(anonymous_2)
FN:103,(anonymous_3)
FN:107,(anonymous_4)
FN:123,(anonymous_5)
FN:174,(anonymous_6)
FN:195,(anonymous_7)
FN:256,(anonymous_8)
FN:271,(anonymous_9)
FNF:10
FNH:0
FNDA:0,(anonymous_0)
FNDA:0,(anonymous_1)
FNDA:0,(anonymous_2)
FNDA:0,(anonymous_3)
FNDA:0,(anonymous_4)
FNDA:0,(anonymous_5)
FNDA:0,(anonymous_6)
FNDA:0,(anonymous_7)
FNDA:0,(anonymous_8)
FNDA:0,(anonymous_9)
DA:8,0
DA:9,0
DA:10,0
DA:16,0
DA:17,0
DA:18,0
DA:24,0
DA:33,0
DA:35,0
DA:43,0
DA:44,0
DA:45,0
DA:46,0
DA:47,0
DA:49,0
DA:57,0
DA:58,0
DA:59,0
DA:60,0
DA:61,0
DA:63,0
DA:71,0
DA:72,0
DA:73,0
DA:74,0
DA:77,0
DA:85,0
DA:86,0
DA:87,0
DA:88,0
DA:91,0
DA:103,0
DA:107,0
DA:108,0
DA:110,0
DA:111,0
DA:112,0
DA:113,0
DA:117,0
DA:123,0
DA:129,0
DA:131,0
DA:164,0
DA:165,0
DA:166,0
DA:168,0
DA:174,0
DA:178,0
DA:185,0
DA:186,0
DA:187,0
DA:189,0
DA:195,0
DA:196,0
DA:197,0
DA:200,0
DA:203,0
DA:204,0
DA:205,0
DA:206,0
DA:207,0
DA:210,0
DA:213,0
DA:214,0
DA:220,0
DA:221,0
DA:227,0
DA:228,0
DA:234,0
DA:235,0
DA:238,0
DA:240,0
DA:256,0
DA:257,0
DA:265,0
DA:271,0
DA:272,0
DA:273,0
DA:274,0
DA:275,0
DA:276,0
DA:277,0
DA:278,0
DA:279,0
LF:84
LH:0
BRDA:33,0,0,0
BRDA:33,0,1,0
BRDA:33,1,0,0
BRDA:33,1,1,0
BRDA:47,2,0,0
BRDA:47,2,1,0
BRDA:47,3,0,0
BRDA:47,3,1,0
BRDA:61,4,0,0
BRDA:61,4,1,0
BRDA:61,5,0,0
BRDA:61,5,1,0
BRDA:112,6,0,0
BRDA:112,6,1,0
BRDA:272,7,0,0
BRDA:272,7,1,0
BRDA:272,8,0,0
BRDA:272,8,1,0
BRDA:273,9,0,0
BRDA:273,9,1,0
BRDA:274,10,0,0
BRDA:274,10,1,0
BRDA:275,11,0,0
BRDA:275,11,1,0
BRDA:276,12,0,0
BRDA:276,12,1,0
BRDA:277,13,0,0
BRDA:277,13,1,0
BRDA:278,14,0,0
BRDA:278,14,1,0
BRF:30
BRH:0
end_of_record
TN:
SF:utils/imagePicker.ts
FN:7,pickImage
FNF:1
FNH:0
FNDA:0,pickImage
DA:8,0
DA:10,0
DA:13,0
DA:14,0
DA:15,0
DA:16,0
DA:20,0
DA:25,0
DA:32,0
DA:33,0
DA:36,0
DA:38,0
DA:39,0
DA:43,0
LF:14
LH:0
BRDA:13,0,0,0
BRDA:13,0,1,0
BRDA:15,1,0,0
BRDA:15,1,1,0
BRDA:32,2,0,0
BRDA:32,2,1,0
BRDA:32,3,0,0
BRDA:32,3,1,0
BRDA:32,3,2,0
BRF:9
BRH:0
end_of_record
TN:
SF:utils/stormglassApi.ts
FN:20,(anonymous_0)
FN:28,(anonymous_1)
FN:41,(anonymous_2)
FN:50,(anonymous_3)
FN:58,(anonymous_4)
FN:66,(anonymous_5)
FN:88,(anonymous_6)
FN:106,(anonymous_7)
FN:122,(anonymous_8)
FN:182,(anonymous_9)
FN:190,(anonymous_10)
FNF:11
FNH:0
FNDA:0,(anonymous_0)
FNDA:0,(anonymous_1)
FNDA:0,(anonymous_2)
FNDA:0,(anonymous_3)
FNDA:0,(anonymous_4)
FNDA:0,(anonymous_5)
FNDA:0,(anonymous_6)
FNDA:0,(anonymous_7)
FNDA:0,(anonymous_8)
FNDA:0,(anonymous_9)
FNDA:0,(anonymous_10)
DA:4,0
DA:5,0
DA:6,0
DA:9,0
DA:15,0
DA:20,0
DA:21,0
DA:22,0
DA:28,0
DA:29,0
DA:30,0
DA:32,0
DA:33,0
DA:34,0
DA:41,0
DA:42,0
DA:43,0
DA:44,0
DA:50,0
DA:51,0
DA:52,0
DA:58,0
DA:59,0
DA:60,0
DA:66,0
DA:67,0
DA:68,0
DA:69,0
DA:71,0
DA:72,0
DA:74,0
DA:75,0
DA:78,0
DA:80,0
DA:81,0
DA:88,0
DA:89,0
DA:90,0
DA:91,0
DA:95,0
DA:102,0
DA:103,0
DA:104,0
DA:105,0
DA:106,0
DA:107,0
DA:109,0
DA:111,0
DA:114,0
DA:122,0
DA:126,0
DA:129,0
DA:130,0
DA:132,0
DA:133,0
DA:137,0
DA:138,0
DA:139,0
DA:142,0
DA:143,0
DA:146,0
DA:148,0
DA:154,0
DA:155,0
DA:158,0
DA:160,0
DA:161,0
DA:164,0
DA:167,0
DA:169,0
DA:172,0
DA:174,0
DA:175,0
DA:182,0
DA:183,0
DA:184,0
DA:190,0
DA:191,0
DA:192,0
DA:193,0
LF:80
LH:0
BRDA:32,0,0,0
BRDA:32,0,1,0
BRDA:44,1,0,0
BRDA:44,1,1,0
BRDA:69,2,0,0
BRDA:69,2,1,0
BRDA:74,3,0,0
BRDA:74,3,1,0
BRDA:74,4,0,0
BRDA:74,4,1,0
BRDA:91,5,0,0
BRDA:91,5,1,0
BRDA:103,6,0,0
BRDA:103,6,1,0
BRDA:126,7,0,0
BRDA:126,7,1,0
BRDA:130,8,0,0
BRDA:130,8,1,0
BRDA:137,9,0,0
BRDA:137,9,1,0
BRDA:154,10,0,0
BRDA:154,10,1,0
BRDA:160,11,0,0
BRDA:160,11,1,0
BRDA:160,12,0,0
BRDA:160,12,1,0
BRF:26
BRH:0
end_of_record
